                                      1 ;--------------------------------------------------------
                                      2 ; File Created by SDCC : free open source ANSI-C Compiler
                                      3 ; Version 4.0.0 #11528 (MINGW64)
                                      4 ;--------------------------------------------------------
                                      5 	.module pdk_IRremote
                                      6 	.optsdcc -mpdk15
                                      7 	
                                      8 
                                      9 ; default segment ordering in RAM for linker
                                     10 	.area DATA
                                     11 	.area OSEG (OVR,DATA)
                                     12 
                                     13 ;--------------------------------------------------------
                                     14 ; Public variables in this module
                                     15 ;--------------------------------------------------------
                                     16 	.globl _MATCH_SPACE
                                     17 	.globl _MATCH_MARK
                                     18 	.globl _MATCH
                                     19 	.globl __t16c
                                     20 	.globl __rop
                                     21 	.globl __bgtr
                                     22 	.globl __ilrcr
                                     23 	.globl __pwmg2dtl
                                     24 	.globl __pwmg2dth
                                     25 	.globl __pwmg2c
                                     26 	.globl __pwmg1dtl
                                     27 	.globl __pwmg1dth
                                     28 	.globl __pwmg1c
                                     29 	.globl __pwmgcubl
                                     30 	.globl __pwmgcubh
                                     31 	.globl __pwmg0dtl
                                     32 	.globl __pwmg0dth
                                     33 	.globl __pwmgclk
                                     34 	.globl __pwmg0c
                                     35 	.globl __tm3b
                                     36 	.globl __tm3s
                                     37 	.globl __tm3ct
                                     38 	.globl __tm3c
                                     39 	.globl __tm2b
                                     40 	.globl __tm2s
                                     41 	.globl __tm2ct
                                     42 	.globl __tm2c
                                     43 	.globl __gpcs
                                     44 	.globl __gpcc
                                     45 	.globl __misclvr
                                     46 	.globl __misc2
                                     47 	.globl __misc
                                     48 	.globl __adcrgc
                                     49 	.globl __adcr
                                     50 	.globl __adcm
                                     51 	.globl __adcc
                                     52 	.globl __pcpl
                                     53 	.globl __pbpl
                                     54 	.globl __pcph
                                     55 	.globl __pcc
                                     56 	.globl __pc
                                     57 	.globl __pbph
                                     58 	.globl __pbc
                                     59 	.globl __pb
                                     60 	.globl __paph
                                     61 	.globl __pac
                                     62 	.globl __pa
                                     63 	.globl __pcdier
                                     64 	.globl __pbdier
                                     65 	.globl __padier
                                     66 	.globl __integs
                                     67 	.globl __ihrcr
                                     68 	.globl __eoscr
                                     69 	.globl __t16m
                                     70 	.globl __intrq
                                     71 	.globl __inten
                                     72 	.globl __clkmd
                                     73 	.globl __sp
                                     74 	.globl __flag
                                     75 	.globl _IR_decode_PARM_1
                                     76 	.globl _IR_decodeNEC_PARM_1
                                     77 	.globl _MATCH_SPACE_PARM_2
                                     78 	.globl _MATCH_SPACE_PARM_1
                                     79 	.globl _MATCH_MARK_PARM_2
                                     80 	.globl _MATCH_MARK_PARM_1
                                     81 	.globl _MATCH_PARM_2
                                     82 	.globl _MATCH_PARM_1
                                     83 	.globl _rawbuf
                                     84 	.globl _rcvstate
                                     85 	.globl _rawlen
                                     86 	.globl _timer
                                     87 	.globl _IR_resume
                                     88 	.globl _IR_decodeNEC
                                     89 	.globl _IR_decode
                                     90 	.globl _IR_config
                                     91 	.globl _TIM3_interrupt
                                     92 ;--------------------------------------------------------
                                     93 ; special function registers
                                     94 ;--------------------------------------------------------
                                     95 	.area RSEG (ABS)
      000000                         96 	.org 0x0000
                           000000    97 __flag	=	0x0000
                           000002    98 __sp	=	0x0002
                           000003    99 __clkmd	=	0x0003
                           000004   100 __inten	=	0x0004
                           000005   101 __intrq	=	0x0005
                           000006   102 __t16m	=	0x0006
                           00000A   103 __eoscr	=	0x000a
                           00000B   104 __ihrcr	=	0x000b
                           00000C   105 __integs	=	0x000c
                           00000D   106 __padier	=	0x000d
                           00000E   107 __pbdier	=	0x000e
                           00000F   108 __pcdier	=	0x000f
                           000010   109 __pa	=	0x0010
                           000011   110 __pac	=	0x0011
                           000012   111 __paph	=	0x0012
                           000013   112 __pb	=	0x0013
                           000014   113 __pbc	=	0x0014
                           000015   114 __pbph	=	0x0015
                           000016   115 __pc	=	0x0016
                           000017   116 __pcc	=	0x0017
                           000018   117 __pcph	=	0x0018
                           000019   118 __pbpl	=	0x0019
                           00001A   119 __pcpl	=	0x001a
                           000020   120 __adcc	=	0x0020
                           000021   121 __adcm	=	0x0021
                           000022   122 __adcr	=	0x0022
                           000024   123 __adcrgc	=	0x0024
                           000026   124 __misc	=	0x0026
                           000027   125 __misc2	=	0x0027
                           000028   126 __misclvr	=	0x0028
                           00002B   127 __gpcc	=	0x002b
                           00002C   128 __gpcs	=	0x002c
                           000030   129 __tm2c	=	0x0030
                           000031   130 __tm2ct	=	0x0031
                           000032   131 __tm2s	=	0x0032
                           000033   132 __tm2b	=	0x0033
                           000034   133 __tm3c	=	0x0034
                           000035   134 __tm3ct	=	0x0035
                           000036   135 __tm3s	=	0x0036
                           000037   136 __tm3b	=	0x0037
                           000040   137 __pwmg0c	=	0x0040
                           000041   138 __pwmgclk	=	0x0041
                           000042   139 __pwmg0dth	=	0x0042
                           000043   140 __pwmg0dtl	=	0x0043
                           000044   141 __pwmgcubh	=	0x0044
                           000045   142 __pwmgcubl	=	0x0045
                           000046   143 __pwmg1c	=	0x0046
                           000048   144 __pwmg1dth	=	0x0048
                           000049   145 __pwmg1dtl	=	0x0049
                           00004C   146 __pwmg2c	=	0x004c
                           00004E   147 __pwmg2dth	=	0x004e
                           00004F   148 __pwmg2dtl	=	0x004f
                           000062   149 __ilrcr	=	0x0062
                           000063   150 __bgtr	=	0x0063
                           000067   151 __rop	=	0x0067
      000000                        152 __t16c::
      000000                        153 	.ds 2
                                    154 ;--------------------------------------------------------
                                    155 ; ram data
                                    156 ;--------------------------------------------------------
                                    157 	.area DATA
      000000                        158 _timer::
      000000                        159 	.ds 2
      000002                        160 _rawlen::
      000002                        161 	.ds 1
      000003                        162 _rcvstate::
      000003                        163 	.ds 1
      000004                        164 _rawbuf::
      000004                        165 	.ds 140
      000090                        166 _MATCH_PARM_1:
      000090                        167 	.ds 2
      000092                        168 _MATCH_PARM_2:
      000092                        169 	.ds 2
      000094                        170 _MATCH_sloc0_1_0:
      000094                        171 	.ds 4
      000098                        172 _MATCH_sloc1_1_0:
      000098                        173 	.ds 4
      00009C                        174 _MATCH_sloc2_1_0:
      00009C                        175 	.ds 4
      0000A0                        176 _MATCH_sloc3_1_0:
      0000A0                        177 	.ds 4
      0000A4                        178 _MATCH_sloc4_1_0:
      0000A4                        179 	.ds 4
      0000A8                        180 _MATCH_sloc5_1_0:
      0000A8                        181 	.ds 4
      0000AC                        182 _MATCH_sloc6_1_0:
      0000AC                        183 	.ds 2
      0000AE                        184 _MATCH_sloc7_1_0:
      0000AE                        185 	.ds 2
      0000B0                        186 _MATCH_MARK_PARM_1:
      0000B0                        187 	.ds 2
      0000B2                        188 _MATCH_MARK_PARM_2:
      0000B2                        189 	.ds 2
      0000B4                        190 _MATCH_SPACE_PARM_1:
      0000B4                        191 	.ds 2
      0000B6                        192 _MATCH_SPACE_PARM_2:
      0000B6                        193 	.ds 2
      0000B8                        194 _IR_decodeNEC_PARM_1:
      0000B8                        195 	.ds 2
      0000BA                        196 _IR_decodeNEC_sloc8_1_0:
      0000BA                        197 	.ds 1
      0000BB                        198 _IR_decodeNEC_sloc9_1_0:
      0000BB                        199 	.ds 1
      0000BC                        200 _IR_decode_PARM_1:
      0000BC                        201 	.ds 2
                                    202 ;--------------------------------------------------------
                                    203 ; overlayable items in ram 
                                    204 ;--------------------------------------------------------
                                    205 ;--------------------------------------------------------
                                    206 ; absolute external ram data
                                    207 ;--------------------------------------------------------
                                    208 	.area DABS (ABS)
                                    209 ;--------------------------------------------------------
                                    210 ; global & static initialisations
                                    211 ;--------------------------------------------------------
                                    212 	.area HOME
                                    213 	.area GSINIT
                                    214 	.area GSFINAL
                                    215 	.area GSINIT
                                    216 ;	pdk_IRremote.c: 10: uint16_t timer = 0;
      000000r00r26                  217 	clear	_timer+0
      000002r01r26                  218 	clear	_timer+1
                                    219 ;	pdk_IRremote.c: 11: uint8_t rawlen = 0;
      000004r02r26                  220 	clear	_rawlen+0
                                    221 ;	pdk_IRremote.c: 12: uint8_t rcvstate = STATE_IDLE;
      000006 02 57                  222 	mov	a, #0x02
      000008r03r17                  223 	mov	_rcvstate+0, a
                                    224 ;--------------------------------------------------------
                                    225 ; Home
                                    226 ;--------------------------------------------------------
                                    227 	.area HOME
                                    228 	.area HOME
                                    229 ;--------------------------------------------------------
                                    230 ; code
                                    231 ;--------------------------------------------------------
                                    232 	.area CODE
                                    233 ;	pdk_IRremote.c: 15: uint8_t MATCH(uint16_t measured, uint16_t desired)
                                    234 ;	-----------------------------------------
                                    235 ;	 function MATCH
                                    236 ;	-----------------------------------------
      000000                        237 _MATCH:
                                    238 ;	pdk_IRremote.c: 17: return measured >= TICKS_LOW(desired) && measured <= TICKS_HIGH(desired);
      000000r92r1F                  239 	mov	a, _MATCH_PARM_2+0
      000002r00r17                  240 	mov	___uint2fs_PARM_1+0, a
      000004r93r1F                  241 	mov	a, _MATCH_PARM_2+1
      000006r01r17                  242 	mov	___uint2fs_PARM_1+1, a
      000008r94r57                  243 	mov	a, #_MATCH_sloc0_1_0
      00000A 72 00                  244 	push	af
      00000Cr00r70                  245 	call	___uint2fs
      00000E 82 01                  246 	mov	a, sp
      000010 FE 50                  247 	add	a, #-2
      000012 02 01                  248 	mov	sp, a
      000014r00r26                  249 	clear	___fsmul_PARM_1+0
      000016r01r26                  250 	clear	___fsmul_PARM_1+1
      000018 40 57                  251 	mov	a, #0x40
      00001Ar02r17                  252 	mov	___fsmul_PARM_1+2, a
      00001C 3F 57                  253 	mov	a, #0x3f
      00001Er03r17                  254 	mov	___fsmul_PARM_1+3, a
      000020r94r1F                  255 	mov	a, _MATCH_sloc0_1_0+0
      000022r00r17                  256 	mov	___fsmul_PARM_2+0, a
      000024r95r1F                  257 	mov	a, _MATCH_sloc0_1_0+1
      000026r01r17                  258 	mov	___fsmul_PARM_2+1, a
      000028r96r1F                  259 	mov	a, _MATCH_sloc0_1_0+2
      00002Ar02r17                  260 	mov	___fsmul_PARM_2+2, a
      00002Cr97r1F                  261 	mov	a, _MATCH_sloc0_1_0+3
      00002Er03r17                  262 	mov	___fsmul_PARM_2+3, a
      000030r98r57                  263 	mov	a, #_MATCH_sloc1_1_0
      000032 72 00                  264 	push	af
      000034r00r70                  265 	call	___fsmul
      000036 82 01                  266 	mov	a, sp
      000038 FE 50                  267 	add	a, #-2
      00003A 02 01                  268 	mov	sp, a
      00003Cr98r1F                  269 	mov	a, _MATCH_sloc1_1_0+0
      00003Er00r17                  270 	mov	___fsdiv_PARM_1+0, a
      000040r99r1F                  271 	mov	a, _MATCH_sloc1_1_0+1
      000042r01r17                  272 	mov	___fsdiv_PARM_1+1, a
      000044r9Ar1F                  273 	mov	a, _MATCH_sloc1_1_0+2
      000046r02r17                  274 	mov	___fsdiv_PARM_1+2, a
      000048r9Br1F                  275 	mov	a, _MATCH_sloc1_1_0+3
      00004Ar03r17                  276 	mov	___fsdiv_PARM_1+3, a
      00004Cr00r26                  277 	clear	___fsdiv_PARM_2+0
      00004Er01r26                  278 	clear	___fsdiv_PARM_2+1
      000050 48 57                  279 	mov	a, #0x48
      000052r02r17                  280 	mov	___fsdiv_PARM_2+2, a
      000054 42 57                  281 	mov	a, #0x42
      000056r03r17                  282 	mov	___fsdiv_PARM_2+3, a
      000058r9Cr57                  283 	mov	a, #_MATCH_sloc2_1_0
      00005A 72 00                  284 	push	af
      00005Cr00r70                  285 	call	___fsdiv
      00005E 82 01                  286 	mov	a, sp
      000060 FE 50                  287 	add	a, #-2
      000062 02 01                  288 	mov	sp, a
      000064r9Cr1F                  289 	mov	a, _MATCH_sloc2_1_0+0
      000066r00r17                  290 	mov	___fs2sint_PARM_1+0, a
      000068r9Dr1F                  291 	mov	a, _MATCH_sloc2_1_0+1
      00006Ar01r17                  292 	mov	___fs2sint_PARM_1+1, a
      00006Cr9Er1F                  293 	mov	a, _MATCH_sloc2_1_0+2
      00006Er02r17                  294 	mov	___fs2sint_PARM_1+2, a
      000070r9Fr1F                  295 	mov	a, _MATCH_sloc2_1_0+3
      000072r03r17                  296 	mov	___fs2sint_PARM_1+3, a
      000074r00r70                  297 	call	___fs2sint
      000076 72 00                  298 	push	af
      000078r90r1F                  299 	mov	a, _MATCH_PARM_1+0
      00007ArACr17                  300 	mov	_MATCH_sloc6_1_0+0, a
      00007C 73 00                  301 	pop	af
      00007E 72 00                  302 	push	af
      000080r91r1F                  303 	mov	a, _MATCH_PARM_1+1
      000082rADr17                  304 	mov	_MATCH_sloc6_1_0+1, a
      000084 73 00                  305 	pop	af
      000086rAEr17                  306 	mov	_MATCH_sloc7_1_0+0, a
      000088r00r1F                  307 	mov	a, p
      00008ArAFr17                  308 	mov	_MATCH_sloc7_1_0+1, a
      00008CrACr1F                  309 	mov	a, _MATCH_sloc6_1_0+0
      00008ErAEr19                  310 	sub	a, _MATCH_sloc7_1_0+0
      000090rADr1F                  311 	mov	a, _MATCH_sloc6_1_0+1
      000092rAFr1B                  312 	subc	a, _MATCH_sloc7_1_0+1
      000094 80 30                  313 	t0sn	f, c
      000096r2Cr61                  314 	goto	00103$
      000098r00r26                  315 	clear	___fsmul_PARM_1+0
      00009Ar01r26                  316 	clear	___fsmul_PARM_1+1
      00009C A0 57                  317 	mov	a, #0xa0
      00009Er02r17                  318 	mov	___fsmul_PARM_1+2, a
      0000A0 3F 57                  319 	mov	a, #0x3f
      0000A2r03r17                  320 	mov	___fsmul_PARM_1+3, a
      0000A4r94r1F                  321 	mov	a, _MATCH_sloc0_1_0+0
      0000A6r00r17                  322 	mov	___fsmul_PARM_2+0, a
      0000A8r95r1F                  323 	mov	a, _MATCH_sloc0_1_0+1
      0000AAr01r17                  324 	mov	___fsmul_PARM_2+1, a
      0000ACr96r1F                  325 	mov	a, _MATCH_sloc0_1_0+2
      0000AEr02r17                  326 	mov	___fsmul_PARM_2+2, a
      0000B0r97r1F                  327 	mov	a, _MATCH_sloc0_1_0+3
      0000B2r03r17                  328 	mov	___fsmul_PARM_2+3, a
      0000B4rA0r57                  329 	mov	a, #_MATCH_sloc3_1_0
      0000B6 72 00                  330 	push	af
      0000B8r00r70                  331 	call	___fsmul
      0000BA 82 01                  332 	mov	a, sp
      0000BC FE 50                  333 	add	a, #-2
      0000BE 02 01                  334 	mov	sp, a
      0000C0rA0r1F                  335 	mov	a, _MATCH_sloc3_1_0+0
      0000C2r00r17                  336 	mov	___fsdiv_PARM_1+0, a
      0000C4rA1r1F                  337 	mov	a, _MATCH_sloc3_1_0+1
      0000C6r01r17                  338 	mov	___fsdiv_PARM_1+1, a
      0000C8rA2r1F                  339 	mov	a, _MATCH_sloc3_1_0+2
      0000CAr02r17                  340 	mov	___fsdiv_PARM_1+2, a
      0000CCrA3r1F                  341 	mov	a, _MATCH_sloc3_1_0+3
      0000CEr03r17                  342 	mov	___fsdiv_PARM_1+3, a
      0000D0r00r26                  343 	clear	___fsdiv_PARM_2+0
      0000D2r01r26                  344 	clear	___fsdiv_PARM_2+1
      0000D4 48 57                  345 	mov	a, #0x48
      0000D6r02r17                  346 	mov	___fsdiv_PARM_2+2, a
      0000D8 42 57                  347 	mov	a, #0x42
      0000DAr03r17                  348 	mov	___fsdiv_PARM_2+3, a
      0000DCrA4r57                  349 	mov	a, #_MATCH_sloc4_1_0
      0000DE 72 00                  350 	push	af
      0000E0r00r70                  351 	call	___fsdiv
      0000E2 82 01                  352 	mov	a, sp
      0000E4 FE 50                  353 	add	a, #-2
      0000E6 02 01                  354 	mov	sp, a
      0000E8rA4r1F                  355 	mov	a, _MATCH_sloc4_1_0+0
      0000EAr00r17                  356 	mov	___fsadd_PARM_1+0, a
      0000ECrA5r1F                  357 	mov	a, _MATCH_sloc4_1_0+1
      0000EEr01r17                  358 	mov	___fsadd_PARM_1+1, a
      0000F0rA6r1F                  359 	mov	a, _MATCH_sloc4_1_0+2
      0000F2r02r17                  360 	mov	___fsadd_PARM_1+2, a
      0000F4rA7r1F                  361 	mov	a, _MATCH_sloc4_1_0+3
      0000F6r03r17                  362 	mov	___fsadd_PARM_1+3, a
      0000F8r00r26                  363 	clear	___fsadd_PARM_2+0
      0000FAr01r26                  364 	clear	___fsadd_PARM_2+1
      0000FC 80 57                  365 	mov	a, #0x80
      0000FEr02r17                  366 	mov	___fsadd_PARM_2+2, a
      000100 3F 57                  367 	mov	a, #0x3f
      000102r03r17                  368 	mov	___fsadd_PARM_2+3, a
      000104rA8r57                  369 	mov	a, #_MATCH_sloc5_1_0
      000106 72 00                  370 	push	af
      000108r00r70                  371 	call	___fsadd
      00010A 82 01                  372 	mov	a, sp
      00010C FE 50                  373 	add	a, #-2
      00010E 02 01                  374 	mov	sp, a
      000110rA8r1F                  375 	mov	a, _MATCH_sloc5_1_0+0
      000112r00r17                  376 	mov	___fs2sint_PARM_1+0, a
      000114rA9r1F                  377 	mov	a, _MATCH_sloc5_1_0+1
      000116r01r17                  378 	mov	___fs2sint_PARM_1+1, a
      000118rAAr1F                  379 	mov	a, _MATCH_sloc5_1_0+2
      00011Ar02r17                  380 	mov	___fs2sint_PARM_1+2, a
      00011CrABr1F                  381 	mov	a, _MATCH_sloc5_1_0+3
      00011Er03r17                  382 	mov	___fs2sint_PARM_1+3, a
      000120r00r70                  383 	call	___fs2sint
      000122rACr19                  384 	sub	a, _MATCH_sloc6_1_0+0
      000124r00r1F                  385 	mov	a, p
      000126rADr1B                  386 	subc	a, _MATCH_sloc6_1_0+1
      000128 80 34                  387 	t1sn	f, c
      00012Ar30r61                  388 	goto	00104$
      00012C                        389 00103$:
      00012C 00 57                  390 	mov	a, #0x00
      00012Er32r61                  391 	goto	00105$
      000130                        392 00104$:
      000130 01 57                  393 	mov	a, #0x01
      000132                        394 00105$:
                                    395 ;	pdk_IRremote.c: 18: }
      000132 7A 00                  396 	ret
                                    397 ;	pdk_IRremote.c: 19: uint8_t MATCH_MARK(uint16_t measured_ticks, uint16_t desired_us) { return MATCH(measured_ticks, (desired_us + MARK_EXCESS)); }
                                    398 ;	-----------------------------------------
                                    399 ;	 function MATCH_MARK
                                    400 ;	-----------------------------------------
      000134                        401 _MATCH_MARK:
      000134rB2r1F                  402 	mov	a, _MATCH_MARK_PARM_2+0
      000136 64 50                  403 	add	a, #0x64
      000138r00r17                  404 	mov	p, a
      00013ArB3r1F                  405 	mov	a, _MATCH_MARK_PARM_2+1
      00013C 60 00                  406 	addc	a
      00013Er93r17                  407 	mov	_MATCH_PARM_2+1, a
      000140r00r1F                  408 	mov	a, p
      000142r92r17                  409 	mov	_MATCH_PARM_2+0, a
      000144rB0r1F                  410 	mov	a, _MATCH_MARK_PARM_1+0
      000146r90r17                  411 	mov	_MATCH_PARM_1+0, a
      000148rB1r1F                  412 	mov	a, _MATCH_MARK_PARM_1+1
      00014Ar91r17                  413 	mov	_MATCH_PARM_1+1, a
      00014Cr00r60                  414 	goto	_MATCH
      00014E 7A 00                  415 	ret
                                    416 ;	pdk_IRremote.c: 20: uint8_t MATCH_SPACE(uint16_t measured_ticks, uint16_t desired_us) { return MATCH(measured_ticks, (desired_us - MARK_EXCESS)); }
                                    417 ;	-----------------------------------------
                                    418 ;	 function MATCH_SPACE
                                    419 ;	-----------------------------------------
      000150                        420 _MATCH_SPACE:
      000150rB6r1F                  421 	mov	a, _MATCH_SPACE_PARM_2+0
      000152 64 51                  422 	sub	a, #0x64
      000154r00r17                  423 	mov	p, a
      000156rB7r1F                  424 	mov	a, _MATCH_SPACE_PARM_2+1
      000158 61 00                  425 	subc	a
      00015Ar93r17                  426 	mov	_MATCH_PARM_2+1, a
      00015Cr00r1F                  427 	mov	a, p
      00015Er92r17                  428 	mov	_MATCH_PARM_2+0, a
      000160rB4r1F                  429 	mov	a, _MATCH_SPACE_PARM_1+0
      000162r90r17                  430 	mov	_MATCH_PARM_1+0, a
      000164rB5r1F                  431 	mov	a, _MATCH_SPACE_PARM_1+1
      000166r91r17                  432 	mov	_MATCH_PARM_1+1, a
      000168r00r60                  433 	goto	_MATCH
      00016A 7A 00                  434 	ret
                                    435 ;	pdk_IRremote.c: 23: void IR_resume(void)
                                    436 ;	-----------------------------------------
                                    437 ;	 function IR_resume
                                    438 ;	-----------------------------------------
      00016C                        439 _IR_resume:
                                    440 ;	pdk_IRremote.c: 25: rcvstate = STATE_IDLE;
      00016C 02 57                  441 	mov	a, #0x02
      00016Er03r17                  442 	mov	_rcvstate+0, a
                                    443 ;	pdk_IRremote.c: 26: rawlen = 0;
      000170r02r26                  444 	clear	_rawlen+0
                                    445 ;	pdk_IRremote.c: 27: }
      000172 7A 00                  446 	ret
                                    447 ;	pdk_IRremote.c: 29: uint8_t IR_decodeNEC(uint32_t *value)
                                    448 ;	-----------------------------------------
                                    449 ;	 function IR_decodeNEC
                                    450 ;	-----------------------------------------
      000174                        451 _IR_decodeNEC:
                                    452 ;	pdk_IRremote.c: 36: if(rawbuf[0] < 1000)//50ms
      000174r04r1F                  453 	mov	a, _rawbuf+0
      000176r00r17                  454 	mov	p, a
      000178r05r1F                  455 	mov	a, _rawbuf+1
      00017Ar00r27                  456 	xch	a, p
      00017C E8 51                  457 	sub	a, #0xe8
      00017E 03 57                  458 	mov	a, #0x03
      000180r00r17                  459 	mov	p, a
      000182r00r1B                  460 	subc	a, p
      000184 80 34                  461 	t1sn	f, c
      000186r8Ar61                  462 	goto	00102$
                                    463 ;	pdk_IRremote.c: 38: return ERR;
      000188 00 02                  464 	ret	#0x00
      00018A                        465 00102$:
                                    466 ;	pdk_IRremote.c: 41: if (!MATCH_MARK(rawbuf[offset], NEC_HDR_MARK))
      00018Ar06r1F                  467 	mov	a, _rawbuf+2
      00018CrB0r17                  468 	mov	_MATCH_MARK_PARM_1+0, a
      00018Er07r1F                  469 	mov	a, _rawbuf+3
      000190rB1r17                  470 	mov	_MATCH_MARK_PARM_1+1, a
      000192 28 57                  471 	mov	a, #0x28
      000194rB2r17                  472 	mov	_MATCH_MARK_PARM_2+0, a
      000196 23 57                  473 	mov	a, #0x23
      000198rB3r17                  474 	mov	_MATCH_MARK_PARM_2+1, a
      00019Ar34r71                  475 	call	_MATCH_MARK
      00019C 00 52                  476 	ceqsn	a, #0x00
      00019ErA2r61                  477 	goto	00104$
                                    478 ;	pdk_IRremote.c: 43: return ERR;
      0001A0 00 02                  479 	ret	#0x00
      0001A2                        480 00104$:
                                    481 ;	pdk_IRremote.c: 47: if (rawlen == 4 &&
      0001A2r02r1F                  482 	mov	a, _rawlen+0
      0001A4 04 52                  483 	ceqsn	a, #0x04
      0001A6rF0r61                  484 	goto	00106$
                                    485 ;	pdk_IRremote.c: 48: MATCH_SPACE(rawbuf[offset], NEC_RPT_SPACE) &&
      0001A8r08r1F                  486 	mov	a, _rawbuf+4
      0001AArB4r17                  487 	mov	_MATCH_SPACE_PARM_1+0, a
      0001ACr09r1F                  488 	mov	a, _rawbuf+5
      0001AErB5r17                  489 	mov	_MATCH_SPACE_PARM_1+1, a
      0001B0 CA 57                  490 	mov	a, #0xca
      0001B2rB6r17                  491 	mov	_MATCH_SPACE_PARM_2+0, a
      0001B4 08 57                  492 	mov	a, #0x08
      0001B6rB7r17                  493 	mov	_MATCH_SPACE_PARM_2+1, a
      0001B8r50r71                  494 	call	_MATCH_SPACE
      0001BA 00 53                  495 	cneqsn	a, #0x00
      0001BCrF0r61                  496 	goto	00106$
                                    497 ;	pdk_IRremote.c: 49: MATCH_MARK(rawbuf[offset + 1], NEC_BIT_MARK))
      0001BEr0Ar1F                  498 	mov	a, _rawbuf+6
      0001C0rB0r17                  499 	mov	_MATCH_MARK_PARM_1+0, a
      0001C2r0Br1F                  500 	mov	a, _rawbuf+7
      0001C4rB1r17                  501 	mov	_MATCH_MARK_PARM_1+1, a
      0001C6 30 57                  502 	mov	a, #0x30
      0001C8rB2r17                  503 	mov	_MATCH_MARK_PARM_2+0, a
      0001CA 02 57                  504 	mov	a, #0x02
      0001CCrB3r17                  505 	mov	_MATCH_MARK_PARM_2+1, a
      0001CEr34r71                  506 	call	_MATCH_MARK
      0001D0 00 53                  507 	cneqsn	a, #0x00
      0001D2rF0r61                  508 	goto	00106$
                                    509 ;	pdk_IRremote.c: 51: *value = REPEAT;
      0001D4rB8r1F                  510 	mov	a, _IR_decodeNEC_PARM_1+0
      0001D6r00r17                  511 	mov	p, a
      0001D8 FF 57                  512 	mov	a, #0xff
      0001DAr00r07                  513 	idxm	p, a
      0001DCr00r24                  514 	inc	p
      0001DE FF 57                  515 	mov	a, #0xff
      0001E0r00r07                  516 	idxm	p, a
      0001E2r00r24                  517 	inc	p
      0001E4 FF 57                  518 	mov	a, #0xff
      0001E6r00r07                  519 	idxm	p, a
      0001E8r00r24                  520 	inc	p
      0001EA FF 57                  521 	mov	a, #0xff
      0001ECr00r07                  522 	idxm	p, a
                                    523 ;	pdk_IRremote.c: 52: return DECODED;
      0001EE 01 02                  524 	ret	#0x01
      0001F0                        525 00106$:
                                    526 ;	pdk_IRremote.c: 54: if (rawlen < 2 * NEC_BITS + 4)
      0001F0r02r1F                  527 	mov	a, _rawlen+0
      0001F2 44 51                  528 	sub	a, #0x44
      0001F4 80 34                  529 	t1sn	f, c
      0001F6rFAr61                  530 	goto	00110$
                                    531 ;	pdk_IRremote.c: 56: return ERR;
      0001F8 00 02                  532 	ret	#0x00
      0001FA                        533 00110$:
                                    534 ;	pdk_IRremote.c: 59: if (!MATCH_SPACE(rawbuf[offset], NEC_HDR_SPACE))
      0001FAr08r1F                  535 	mov	a, _rawbuf+4
      0001FCrB4r17                  536 	mov	_MATCH_SPACE_PARM_1+0, a
      0001FEr09r1F                  537 	mov	a, _rawbuf+5
      000200rB5r17                  538 	mov	_MATCH_SPACE_PARM_1+1, a
      000202 94 57                  539 	mov	a, #0x94
      000204rB6r17                  540 	mov	_MATCH_SPACE_PARM_2+0, a
      000206 11 57                  541 	mov	a, #0x11
      000208rB7r17                  542 	mov	_MATCH_SPACE_PARM_2+1, a
      00020Ar50r71                  543 	call	_MATCH_SPACE
      00020C 00 52                  544 	ceqsn	a, #0x00
      00020Er12r62                  545 	goto	00112$
                                    546 ;	pdk_IRremote.c: 61: return ERR;
      000210 00 02                  547 	ret	#0x00
      000212                        548 00112$:
                                    549 ;	pdk_IRremote.c: 63: offset++;
      000212 03 57                  550 	mov	a, #0x03
      000214rBAr17                  551 	mov	_IR_decodeNEC_sloc8_1_0+0, a
                                    552 ;	pdk_IRremote.c: 64: for (i = 0; i < NEC_BITS; i++)
      000216rBBr26                  553 	clear	_IR_decodeNEC_sloc9_1_0+0
      000218                        554 00116$:
                                    555 ;	pdk_IRremote.c: 66: if (!MATCH_MARK(rawbuf[offset], NEC_BIT_MARK))
      000218rBAr1F                  556 	mov	a, _IR_decodeNEC_sloc8_1_0+0
      00021A 6B 00                  557 	sl	a
      00021Cr04r50                  558 	add	a, #(_rawbuf + 0)
      00021Er00r17                  559 	mov	p, a
      000220r01r07                  560 	idxm	a, p
      000222rB0r17                  561 	mov	_MATCH_MARK_PARM_1+0, a
      000224r00r24                  562 	inc	p
      000226r01r07                  563 	idxm	a, p
      000228rB1r17                  564 	mov	_MATCH_MARK_PARM_1+1, a
      00022A 30 57                  565 	mov	a, #0x30
      00022CrB2r17                  566 	mov	_MATCH_MARK_PARM_2+0, a
      00022E 02 57                  567 	mov	a, #0x02
      000230rB3r17                  568 	mov	_MATCH_MARK_PARM_2+1, a
      000232r34r71                  569 	call	_MATCH_MARK
      000234 00 52                  570 	ceqsn	a, #0x00
      000236r3Ar62                  571 	goto	00114$
                                    572 ;	pdk_IRremote.c: 68: return ERR;
      000238 00 02                  573 	ret	#0x00
      00023A                        574 00114$:
                                    575 ;	pdk_IRremote.c: 70: offset++;
      00023ArBAr1F                  576 	mov	a, _IR_decodeNEC_sloc8_1_0+0
      00023C 01 50                  577 	add	a, #0x01
                                    578 ;	pdk_IRremote.c: 71: offset++;
      00023E 01 50                  579 	add	a, #0x01
      000240rBAr17                  580 	mov	_IR_decodeNEC_sloc8_1_0+0, a
                                    581 ;	pdk_IRremote.c: 64: for (i = 0; i < NEC_BITS; i++)
      000242rBBr24                  582 	inc	_IR_decodeNEC_sloc9_1_0+0
      000244rBBr1F                  583 	mov	a, _IR_decodeNEC_sloc9_1_0+0
      000246 20 51                  584 	sub	a, #0x20
      000248 80 30                  585 	t0sn	f, c
      00024Ar18r62                  586 	goto	00116$
                                    587 ;	pdk_IRremote.c: 74: *value = data;
      00024CrB8r1F                  588 	mov	a, _IR_decodeNEC_PARM_1+0
      00024Er00r17                  589 	mov	p, a
      000250 00 57                  590 	mov	a, #0x00
      000252r00r07                  591 	idxm	p, a
      000254r00r24                  592 	inc	p
      000256 00 57                  593 	mov	a, #0x00
      000258r00r07                  594 	idxm	p, a
      00025Ar00r24                  595 	inc	p
      00025C 00 57                  596 	mov	a, #0x00
      00025Er00r07                  597 	idxm	p, a
      000260r00r24                  598 	inc	p
      000262 00 57                  599 	mov	a, #0x00
      000264r00r07                  600 	idxm	p, a
                                    601 ;	pdk_IRremote.c: 75: return DECODED;
                                    602 ;	pdk_IRremote.c: 76: }
      000266 01 02                  603 	ret	#0x01
                                    604 ;	pdk_IRremote.c: 80: uint8_t IR_decode(uint32_t *value)
                                    605 ;	-----------------------------------------
                                    606 ;	 function IR_decode
                                    607 ;	-----------------------------------------
      000268                        608 _IR_decode:
                                    609 ;	pdk_IRremote.c: 82: if (rcvstate != STATE_STOP)
      000268r03r1F                  610 	mov	a, _rcvstate+0
      00026A 05 53                  611 	cneqsn	a, #0x05
      00026Cr70r62                  612 	goto	00102$
      00026E                        613 00115$:
                                    614 ;	pdk_IRremote.c: 84: return ERR;
      00026E 00 02                  615 	ret	#0x00
      000270                        616 00102$:
                                    617 ;	pdk_IRremote.c: 86: if (IR_decodeNEC(value))
      000270rBCr1F                  618 	mov	a, _IR_decode_PARM_1+0
      000272rB8r17                  619 	mov	_IR_decodeNEC_PARM_1+0, a
      000274rBDr1F                  620 	mov	a, _IR_decode_PARM_1+1
      000276rB9r17                  621 	mov	_IR_decodeNEC_PARM_1+1, a
      000278r74r71                  622 	call	_IR_decodeNEC
      00027A 00 53                  623 	cneqsn	a, #0x00
      00027Cr80r62                  624 	goto	00104$
                                    625 ;	pdk_IRremote.c: 88: return DECODED;
      00027E 01 02                  626 	ret	#0x01
      000280                        627 00104$:
                                    628 ;	pdk_IRremote.c: 92: IR_resume();
      000280r6Cr71                  629 	call	_IR_resume
                                    630 ;	pdk_IRremote.c: 93: return ERR;
                                    631 ;	pdk_IRremote.c: 94: }
      000282 00 02                  632 	ret	#0x00
                                    633 ;	pdk_IRremote.c: 96: void IR_config(void)
                                    634 ;	-----------------------------------------
                                    635 ;	 function IR_config
                                    636 ;	-----------------------------------------
      000284                        637 _IR_config:
                                    638 ;	pdk_IRremote.c: 102: setb(PBDIER, 4);
      000284 0E 3E                  639 	set1	__pbdier, #4
                                    640 ;	pdk_IRremote.c: 103: setb(PBPH, 4);
      000286 15 3E                  641 	set1	__pbph, #4
                                    642 ;	pdk_IRremote.c: 104: }
      000288 7A 00                  643 	ret
                                    644 ;	pdk_IRremote.c: 106: void TIM3_interrupt(void)
                                    645 ;	-----------------------------------------
                                    646 ;	 function TIM3_interrupt
                                    647 ;	-----------------------------------------
      00028A                        648 _TIM3_interrupt:
                                    649 ;	pdk_IRremote.c: 111: irdata = inbit(PB, 4);
      00028A 93 01                  650 	mov	a, __pb
      00028C 10 54                  651 	and	a, #0x10
      00028Er00r17                  652 	mov	p, a
      000290r00r2A                  653 	sr	p
      000292r00r2A                  654 	sr	p
      000294r00r2A                  655 	sr	p
      000296r00r2A                  656 	sr	p
                                    657 ;	pdk_IRremote.c: 114: timer++; // One more 50us tick
      000298r00r24                  658 	inc	_timer+0
      00029Ar01r20                  659 	addc	_timer+1
                                    660 ;	pdk_IRremote.c: 115: if (rawlen >= RAWBUF)
      00029Cr02r1F                  661 	mov	a, _rawlen+0
      00029E 46 51                  662 	sub	a, #0x46
      0002A0 80 30                  663 	t0sn	f, c
      0002A2rA8r62                  664 	goto	00102$
                                    665 ;	pdk_IRremote.c: 118: rcvstate = STATE_STOP;
      0002A4 05 57                  666 	mov	a, #0x05
      0002A6r03r17                  667 	mov	_rcvstate+0, a
      0002A8                        668 00102$:
                                    669 ;	pdk_IRremote.c: 120: switch (rcvstate)
      0002A8r03r1F                  670 	mov	a, _rcvstate+0
      0002AA 02 53                  671 	cneqsn	a, #0x02
      0002ACrC2r62                  672 	goto	00103$
      0002AE                        673 00168$:
      0002AEr03r1F                  674 	mov	a, _rcvstate+0
      0002B0 03 53                  675 	cneqsn	a, #0x03
      0002B2rF0r62                  676 	goto	00109$
      0002B4                        677 00169$:
      0002B4r03r1F                  678 	mov	a, _rcvstate+0
      0002B6 04 53                  679 	cneqsn	a, #0x04
      0002B8r14r63                  680 	goto	00112$
      0002BA                        681 00170$:
      0002BAr03r1F                  682 	mov	a, _rcvstate+0
      0002BC 05 53                  683 	cneqsn	a, #0x05
      0002BEr4Ar63                  684 	goto	00118$
      0002C0                        685 00171$:
      0002C0r54r63                  686 	goto	00122$
                                    687 ;	pdk_IRremote.c: 122: case STATE_IDLE: // In the middle of a gap
      0002C2                        688 00103$:
                                    689 ;	pdk_IRremote.c: 123: if (irdata == MARK)//0
      0002C2r00r1F                  690 	mov	a, p
      0002C4 00 52                  691 	ceqsn	a, #0x00
      0002C6r54r63                  692 	goto	00122$
                                    693 ;	pdk_IRremote.c: 125: if (timer < GAP_TICKS)//100 ~ 5000us
      0002C8r00r1F                  694 	mov	a, _timer+0
      0002CA A0 51                  695 	sub	a, #0xa0
      0002CCr01r1F                  696 	mov	a, _timer+1
      0002CE 61 00                  697 	subc	a
      0002D0 80 34                  698 	t1sn	f, c
      0002D2rDAr62                  699 	goto	00105$
                                    700 ;	pdk_IRremote.c: 128: timer = 0;
      0002D4r00r26                  701 	clear	_timer+0
      0002D6r01r26                  702 	clear	_timer+1
      0002D8r54r63                  703 	goto	00122$
      0002DA                        704 00105$:
                                    705 ;	pdk_IRremote.c: 134: rawbuf[rawlen++] = timer;
      0002DA 01 57                  706 	mov	a, #0x01
      0002DCr02r17                  707 	mov	_rawlen+0, a
      0002DEr00r1F                  708 	mov	a, _timer+0
      0002E0r04r17                  709 	mov	_rawbuf+0, a
      0002E2r01r1F                  710 	mov	a, _timer+1
      0002E4r05r17                  711 	mov	_rawbuf+1, a
                                    712 ;	pdk_IRremote.c: 135: timer = 0;
      0002E6r00r26                  713 	clear	_timer+0
      0002E8r01r26                  714 	clear	_timer+1
                                    715 ;	pdk_IRremote.c: 136: rcvstate = STATE_MARK;
      0002EA 03 57                  716 	mov	a, #0x03
      0002ECr03r17                  717 	mov	_rcvstate+0, a
                                    718 ;	pdk_IRremote.c: 139: break;
      0002EEr54r63                  719 	goto	00122$
                                    720 ;	pdk_IRremote.c: 140: case STATE_MARK: // timing MARK
      0002F0                        721 00109$:
                                    722 ;	pdk_IRremote.c: 141: if (irdata == SPACE)
      0002F0r00r1F                  723 	mov	a, p
      0002F2 01 52                  724 	ceqsn	a, #0x01
      0002F4r54r63                  725 	goto	00122$
                                    726 ;	pdk_IRremote.c: 143: rawbuf[rawlen++] = timer;
      0002F6r02r1F                  727 	mov	a, _rawlen+0
      0002F8r02r24                  728 	inc	_rawlen+0
      0002FA 6B 00                  729 	sl	a
      0002FCr04r50                  730 	add	a, #(_rawbuf + 0)
      0002FEr00r17                  731 	mov	p, a
      000300r00r1F                  732 	mov	a, _timer+0
      000302r00r07                  733 	idxm	p, a
      000304r00r24                  734 	inc	p
      000306r01r1F                  735 	mov	a, _timer+1
      000308r00r07                  736 	idxm	p, a
                                    737 ;	pdk_IRremote.c: 144: timer = 0;
      00030Ar00r26                  738 	clear	_timer+0
      00030Cr01r26                  739 	clear	_timer+1
                                    740 ;	pdk_IRremote.c: 145: rcvstate = STATE_SPACE;
      00030E 04 57                  741 	mov	a, #0x04
      000310r03r17                  742 	mov	_rcvstate+0, a
                                    743 ;	pdk_IRremote.c: 147: break;
      000312r54r63                  744 	goto	00122$
                                    745 ;	pdk_IRremote.c: 148: case STATE_SPACE: // timing SPACE
      000314                        746 00112$:
                                    747 ;	pdk_IRremote.c: 149: if (irdata == MARK)
      000314r00r1F                  748 	mov	a, p
      000316 00 52                  749 	ceqsn	a, #0x00
      000318r38r63                  750 	goto	00116$
                                    751 ;	pdk_IRremote.c: 151: rawbuf[rawlen++] = timer;
      00031Ar02r1F                  752 	mov	a, _rawlen+0
      00031Cr02r24                  753 	inc	_rawlen+0
      00031E 6B 00                  754 	sl	a
      000320r04r50                  755 	add	a, #(_rawbuf + 0)
      000322r00r17                  756 	mov	p, a
      000324r00r1F                  757 	mov	a, _timer+0
      000326r00r07                  758 	idxm	p, a
      000328r00r24                  759 	inc	p
      00032Ar01r1F                  760 	mov	a, _timer+1
      00032Cr00r07                  761 	idxm	p, a
                                    762 ;	pdk_IRremote.c: 152: timer = 0;
      00032Er00r26                  763 	clear	_timer+0
      000330r01r26                  764 	clear	_timer+1
                                    765 ;	pdk_IRremote.c: 153: rcvstate = STATE_MARK;
      000332 03 57                  766 	mov	a, #0x03
      000334r03r17                  767 	mov	_rcvstate+0, a
      000336r54r63                  768 	goto	00122$
      000338                        769 00116$:
                                    770 ;	pdk_IRremote.c: 157: if (timer > GAP_TICKS)
      000338 A0 57                  771 	mov	a, #0xa0
      00033Ar00r19                  772 	sub	a, _timer+0
      00033C 00 57                  773 	mov	a, #0x00
      00033Er01r1B                  774 	subc	a, _timer+1
      000340 80 34                  775 	t1sn	f, c
      000342r54r63                  776 	goto	00122$
                                    777 ;	pdk_IRremote.c: 163: rcvstate = STATE_STOP;
      000344 05 57                  778 	mov	a, #0x05
      000346r03r17                  779 	mov	_rcvstate+0, a
                                    780 ;	pdk_IRremote.c: 166: break;
      000348r54r63                  781 	goto	00122$
                                    782 ;	pdk_IRremote.c: 167: case STATE_STOP: // waiting, measuring gap
      00034A                        783 00118$:
                                    784 ;	pdk_IRremote.c: 168: if (irdata == MARK)
      00034Ar00r1F                  785 	mov	a, p
      00034C 00 52                  786 	ceqsn	a, #0x00
      00034Er54r63                  787 	goto	00122$
                                    788 ;	pdk_IRremote.c: 170: timer = 0;
      000350r00r26                  789 	clear	_timer+0
      000352r01r26                  790 	clear	_timer+1
                                    791 ;	pdk_IRremote.c: 173: }
      000354                        792 00122$:
                                    793 ;	pdk_IRremote.c: 174: }
      000354 7A 00                  794 	ret
                                    795 	.area CODE
                                    796 	.area CONST
                                    797 	.area CABS (ABS)
