                                      1 ;--------------------------------------------------------
                                      2 ; File Created by SDCC : free open source ANSI-C Compiler
                                      3 ; Version 4.0.0 #11528 (MINGW64)
                                      4 ;--------------------------------------------------------
                                      5 	.module pfs173_uart
                                      6 	.optsdcc -mpdk15
                                      7 	
                                      8 
                                      9 ; default segment ordering in RAM for linker
                                     10 	.area DATA
                                     11 	.area OSEG (OVR,DATA)
                                     12 
                                     13 ;--------------------------------------------------------
                                     14 ; Public variables in this module
                                     15 ;--------------------------------------------------------
                                     16 	.globl _interrupt
                                     17 	.globl _main
                                     18 	.globl __sdcc_external_startup
                                     19 	.globl _PB5_interrupt
                                     20 	.globl _TIM2_interrupt
                                     21 	.globl _UART_print
                                     22 	.globl _UART_IO_config
                                     23 	.globl _softuart_getchar
                                     24 	.globl _softuart_kbhit
                                     25 	.globl _UART_begin
                                     26 	.globl __delay_loop_32
                                     27 	.globl __delay_loop_16
                                     28 	.globl __delay_loop_8
                                     29 	.globl __t16c
                                     30 	.globl __rop
                                     31 	.globl __bgtr
                                     32 	.globl __ilrcr
                                     33 	.globl __pwmg2dtl
                                     34 	.globl __pwmg2dth
                                     35 	.globl __pwmg2c
                                     36 	.globl __pwmg1dtl
                                     37 	.globl __pwmg1dth
                                     38 	.globl __pwmg1c
                                     39 	.globl __pwmgcubl
                                     40 	.globl __pwmgcubh
                                     41 	.globl __pwmg0dtl
                                     42 	.globl __pwmg0dth
                                     43 	.globl __pwmgclk
                                     44 	.globl __pwmg0c
                                     45 	.globl __tm3b
                                     46 	.globl __tm3s
                                     47 	.globl __tm3ct
                                     48 	.globl __tm3c
                                     49 	.globl __tm2b
                                     50 	.globl __tm2s
                                     51 	.globl __tm2ct
                                     52 	.globl __tm2c
                                     53 	.globl __gpcs
                                     54 	.globl __gpcc
                                     55 	.globl __misclvr
                                     56 	.globl __misc2
                                     57 	.globl __misc
                                     58 	.globl __adcrgc
                                     59 	.globl __adcr
                                     60 	.globl __adcm
                                     61 	.globl __adcc
                                     62 	.globl __pcpl
                                     63 	.globl __pbpl
                                     64 	.globl __pcph
                                     65 	.globl __pcc
                                     66 	.globl __pc
                                     67 	.globl __pbph
                                     68 	.globl __pbc
                                     69 	.globl __pb
                                     70 	.globl __paph
                                     71 	.globl __pac
                                     72 	.globl __pa
                                     73 	.globl __pcdier
                                     74 	.globl __pbdier
                                     75 	.globl __padier
                                     76 	.globl __integs
                                     77 	.globl __ihrcr
                                     78 	.globl __eoscr
                                     79 	.globl __t16m
                                     80 	.globl __intrq
                                     81 	.globl __inten
                                     82 	.globl __clkmd
                                     83 	.globl __sp
                                     84 	.globl __flag
                                     85 	.globl _i
                                     86 	.globl _u
                                     87 	.globl _x
                                     88 	.globl __delay_loop_32_PARM_1
                                     89 	.globl __delay_loop_16_PARM_1
                                     90 	.globl __delay_loop_8_PARM_1
                                     91 ;--------------------------------------------------------
                                     92 ; special function registers
                                     93 ;--------------------------------------------------------
                                     94 	.area RSEG (ABS)
      000000                         95 	.org 0x0000
                           000000    96 __flag	=	0x0000
                           000002    97 __sp	=	0x0002
                           000003    98 __clkmd	=	0x0003
                           000004    99 __inten	=	0x0004
                           000005   100 __intrq	=	0x0005
                           000006   101 __t16m	=	0x0006
                           00000A   102 __eoscr	=	0x000a
                           00000B   103 __ihrcr	=	0x000b
                           00000C   104 __integs	=	0x000c
                           00000D   105 __padier	=	0x000d
                           00000E   106 __pbdier	=	0x000e
                           00000F   107 __pcdier	=	0x000f
                           000010   108 __pa	=	0x0010
                           000011   109 __pac	=	0x0011
                           000012   110 __paph	=	0x0012
                           000013   111 __pb	=	0x0013
                           000014   112 __pbc	=	0x0014
                           000015   113 __pbph	=	0x0015
                           000016   114 __pc	=	0x0016
                           000017   115 __pcc	=	0x0017
                           000018   116 __pcph	=	0x0018
                           000019   117 __pbpl	=	0x0019
                           00001A   118 __pcpl	=	0x001a
                           000020   119 __adcc	=	0x0020
                           000021   120 __adcm	=	0x0021
                           000022   121 __adcr	=	0x0022
                           000024   122 __adcrgc	=	0x0024
                           000026   123 __misc	=	0x0026
                           000027   124 __misc2	=	0x0027
                           000028   125 __misclvr	=	0x0028
                           00002B   126 __gpcc	=	0x002b
                           00002C   127 __gpcs	=	0x002c
                           000030   128 __tm2c	=	0x0030
                           000031   129 __tm2ct	=	0x0031
                           000032   130 __tm2s	=	0x0032
                           000033   131 __tm2b	=	0x0033
                           000034   132 __tm3c	=	0x0034
                           000035   133 __tm3ct	=	0x0035
                           000036   134 __tm3s	=	0x0036
                           000037   135 __tm3b	=	0x0037
                           000040   136 __pwmg0c	=	0x0040
                           000041   137 __pwmgclk	=	0x0041
                           000042   138 __pwmg0dth	=	0x0042
                           000043   139 __pwmg0dtl	=	0x0043
                           000044   140 __pwmgcubh	=	0x0044
                           000045   141 __pwmgcubl	=	0x0045
                           000046   142 __pwmg1c	=	0x0046
                           000048   143 __pwmg1dth	=	0x0048
                           000049   144 __pwmg1dtl	=	0x0049
                           00004C   145 __pwmg2c	=	0x004c
                           00004E   146 __pwmg2dth	=	0x004e
                           00004F   147 __pwmg2dtl	=	0x004f
                           000062   148 __ilrcr	=	0x0062
                           000063   149 __bgtr	=	0x0063
                           000067   150 __rop	=	0x0067
      000000                        151 __t16c::
      000000                        152 	.ds 2
                                    153 ;--------------------------------------------------------
                                    154 ; ram data
                                    155 ;--------------------------------------------------------
                                    156 	.area DATA
      000000                        157 __delay_loop_8_PARM_1:
      000000                        158 	.ds 1
      000001                        159 __delay_loop_16_PARM_1:
      000001                        160 	.ds 2
      000003                        161 __delay_loop_32_PARM_1:
      000003                        162 	.ds 4
      000007                        163 _x::
      000007                        164 	.ds 1
      000008                        165 _u::
      000008                        166 	.ds 20
      00001C                        167 _i::
      00001C                        168 	.ds 2
                                    169 ;--------------------------------------------------------
                                    170 ; overlayable items in ram 
                                    171 ;--------------------------------------------------------
                                    172 ;--------------------------------------------------------
                                    173 ; Stack segment in internal ram 
                                    174 ;--------------------------------------------------------
                                    175 	.area	SSEG
      000000                        176 __start__stack:
      000000                        177 	.ds	1
                                    178 
                                    179 ;--------------------------------------------------------
                                    180 ; absolute external ram data
                                    181 ;--------------------------------------------------------
                                    182 	.area DABS (ABS)
                                    183 ;--------------------------------------------------------
                                    184 ; interrupt vector 
                                    185 ;--------------------------------------------------------
                                    186 	.area HOME
      000000                        187 __interrupt_vect:
                                    188 	.area	HEADER (ABS)
      000020                        189 	.org	 0x0020
      000020rB6r60                  190 	goto	_interrupt
                                    191 ;--------------------------------------------------------
                                    192 ; global & static initialisations
                                    193 ;--------------------------------------------------------
                                    194 	.area HOME
                                    195 	.area GSINIT
                                    196 	.area GSFINAL
                                    197 	.area GSINIT
                                    198 	.area	PREG (ABS)
      000000                        199 	.org 0x00
      000000                        200 p::
      000000                        201 	.ds 2
                                    202 	.area	HEADER (ABS)
      000000                        203 	.org 0x0000
      000000 00 00                  204 	nop
      000002r01r26                  205 	clear	p+1
      000004r00r57                  206 	mov	a, #s_OSEG
      000006r01r50                  207 	add	a, #l_OSEG + 1
      000008 FE 54                  208 	and	a, #0xfe
      00000A 02 01                  209 	mov	sp, a
      00000Cr2Er70                  210 	call	__sdcc_external_startup
      00000Er00r60                  211 	goto	__sdcc_gs_init_startup
                                    212 	.area GSINIT
      000000                        213 __sdcc_gs_init_startup:
      000000                        214 __sdcc_init_data:
      000000r00r57                  215 	mov	a, #s_DATA
      000002r00r17                  216 	mov	p, a
      000004r0Er60                  217 	goto	00002$
      000006                        218 00001$:
      000006 00 57                  219 	mov	a, #0x00
      000008r00r07                  220 	idxm	p, a
      00000Ar00r24                  221 	inc	p
      00000Cr00r57                  222 	mov	a, #s_DATA
      00000E                        223 00002$:
      00000Er00r50                  224 	add	a, #l_DATA
      000010r00r2E                  225 	ceqsn	a, p
      000012r06r60                  226 	goto	00001$
                                    227 ;	pfs173_uart.c: 19: char x = 'G';
      000014 47 57                  228 	mov	a, #0x47
      000016r07r17                  229 	mov	_x+0, a
                                    230 ;	pfs173_uart.c: 21: int i = 0;
      000018r1Cr26                  231 	clear	_i+0
      00001Ar1Dr26                  232 	clear	_i+1
                                    233 	.area GSFINAL
      000000r00r60                  234 	goto	__sdcc_program_startup
                                    235 ;--------------------------------------------------------
                                    236 ; Home
                                    237 ;--------------------------------------------------------
                                    238 	.area HOME
                                    239 	.area HOME
      000000                        240 __sdcc_program_startup:
      000000r4Cr60                  241 	goto	_main
                                    242 ;	return from main will return to caller
                                    243 ;--------------------------------------------------------
                                    244 ; code
                                    245 ;--------------------------------------------------------
                                    246 	.area CODE
                                    247 ;	delay.h: 34: void _delay_loop_8(uint8_t loop_ctr) {
                                    248 ;	-----------------------------------------
                                    249 ;	 function _delay_loop_8
                                    250 ;	-----------------------------------------
      000000                        251 __delay_loop_8:
                                    252 ;	delay.h: 44: __endasm;
      000000                        253 	00001$:
                                    254 ; 4 cycles per loop
      000000r00r23                  255 	dzsn	__delay_loop_8_PARM_1 ; 1 cycle + 1 cycle for final skip
      000002r00r60                  256 	goto	00001$ ; 2 cycles
      000004                        257 00101$:
                                    258 ;	delay.h: 45: }
      000004 7A 00                  259 	ret
                                    260 ;	delay.h: 48: void _delay_loop_16(uint16_t loop_ctr) {
                                    261 ;	-----------------------------------------
                                    262 ;	 function _delay_loop_16
                                    263 ;	-----------------------------------------
      000006                        264 __delay_loop_16:
                                    265 ;	delay.h: 65: __endasm;
      000006                        266 	00001$:
                                    267 ; 8 cycles per loop
      000006 00 00                  268 	nop	; 1 cycle
      000008r01r25                  269 	dec	__delay_loop_16_PARM_1+0 ; 1 cycle
      00000Ar02r21                  270 	subc	__delay_loop_16_PARM_1+1 ; 1 cycle
      00000Cr01r1F                  271 	mov	a, __delay_loop_16_PARM_1+0 ; 1 cycle
      00000Er02r1D                  272 	or	a, __delay_loop_16_PARM_1+1 ; 1 cycle
      000010 00 34                  273 	t1sn	f, z ; 1 cycle + 1 cycle for final skip
      000012r06r60                  274 	goto	00001$ ; 2 cycles
      000014                        275 00101$:
                                    276 ;	delay.h: 66: }
      000014 7A 00                  277 	ret
                                    278 ;	delay.h: 69: void _delay_loop_32(uint32_t loop_ctr) {
                                    279 ;	-----------------------------------------
                                    280 ;	 function _delay_loop_32
                                    281 ;	-----------------------------------------
      000016                        282 __delay_loop_32:
                                    283 ;	delay.h: 94: __endasm;
      000016                        284 	00001$:
                                    285 ; 12 cycles per loop
      000016 00 00                  286 	nop	; 1 cycle
      000018r03r25                  287 	dec	__delay_loop_32_PARM_1+0 ; 1 cycle
      00001Ar04r21                  288 	subc	__delay_loop_32_PARM_1+1 ; 1 cycle
      00001Cr05r21                  289 	subc	__delay_loop_32_PARM_1+2 ; 1 cycle
      00001Er06r21                  290 	subc	__delay_loop_32_PARM_1+3 ; 1 cycle
      000020r03r1F                  291 	mov	a, __delay_loop_32_PARM_1+0 ; 1 cycle
      000022r04r1D                  292 	or	a, __delay_loop_32_PARM_1+1 ; 1 cycle
      000024r05r1D                  293 	or	a, __delay_loop_32_PARM_1+2 ; 1 cycle
      000026r06r1D                  294 	or	a, __delay_loop_32_PARM_1+3 ; 1 cycle
      000028 00 34                  295 	t1sn	f, z ; 1 cycle + 1 cycle for final skip
      00002Ar16r60                  296 	goto	00001$ ; 2 cycles
      00002C                        297 00101$:
                                    298 ;	delay.h: 95: }
      00002C 7A 00                  299 	ret
                                    300 ;	pfs173_uart.c: 12: uint8_t _sdcc_external_startup(void)
                                    301 ;	-----------------------------------------
                                    302 ;	 function _sdcc_external_startup
                                    303 ;	-----------------------------------------
      00002E                        304 __sdcc_external_startup:
                                    305 ;	pfs173_uart.c: 14: ROP = ROP_INT_SRC_PB5;
      00002E 02 57                  306 	mov	a, #0x02
      000030 67 01                  307 	mov	__rop, a
                                    308 ;	pfs173_uart.c: 15: EASY_PDK_INIT_SYSCLOCK_8MHZ();		  //use 8MHz sysclock
      000032 34 57                  309 	mov	a, #0x34
      000034 03 01                  310 	mov	__clkmd, a
                                    311 ;	pfs173_uart.c: 16: EASY_PDK_CALIBRATE_IHRC(F_CPU, 5000); //tune SYSCLK to 8MHz @ 4.000V
      000036 52 54                  312 	and	a, #'R'                        
      000038 43 54                  313 	and	a, #'C'                        
      00003A 01 54                  314 	and	a, #((1))          
      00003C 00 54                  315 	and	a, #((8000000))     
      00003E 12 54                  316 	and	a, #((8000000)>>8)  
      000040 7A 54                  317 	and	a, #((8000000)>>16) 
      000042 00 54                  318 	and	a, #((8000000)>>24) 
      000044 88 54                  319 	and	a, #((5000))     
      000046 13 54                  320 	and	a, #((5000)>>8)  
      000048 0B 54                  321 	and	a, #((0x0B))           
                                    322 ;	pfs173_uart.c: 17: return 0;							  //perform normal initialization
                                    323 ;	pfs173_uart.c: 18: }
      00004A 00 02                  324 	ret	#0x00
                                    325 ;	pfs173_uart.c: 22: int main(void)
                                    326 ;	-----------------------------------------
                                    327 ;	 function main
                                    328 ;	-----------------------------------------
      00004C                        329 _main:
                                    330 ;	pfs173_uart.c: 25: UART_IO_config();
      00004Cr00r70                  331 	call	_UART_IO_config
                                    332 ;	pfs173_uart.c: 26: setb(PBC, 4);
      00004E 14 3E                  333 	set1	__pbc, #4
                                    334 ;	pfs173_uart.c: 29: INTEGS = INTEGS_PB5_FALLING;
      000050 02 57                  335 	mov	a, #0x02
      000052 0C 01                  336 	mov	__integs, a
                                    337 ;	pfs173_uart.c: 30: INTEN |= INTEN_PB5;
      000054 84 01                  338 	mov	a, __inten
      000056 01 55                  339 	or	a, #0x01
      000058 04 01                  340 	mov	__inten, a
                                    341 ;	pfs173_uart.c: 31: UART_begin();
      00005Ar00r70                  342 	call	_UART_begin
                                    343 ;	pfs173_uart.c: 32: INTRQ = 0;
      00005C 00 57                  344 	mov	a, #0x00
      00005E 05 01                  345 	mov	__intrq, a
                                    346 ;	pfs173_uart.c: 33: sei();
      000060 78 00                  347 	engint
                                    348 ;	pfs173_uart.c: 35: UART_print("\rOK\r");
      000062r00r57                  349 	mov	a, #<(___str_0 + 0)
      000064r00r17                  350 	mov	_UART_print_PARM_1+0, a
      000066r00r57                  351 	mov	a, #>(___str_0 + 0x8000 + 0)
      000068r01r17                  352 	mov	_UART_print_PARM_1+1, a
      00006Ar00r70                  353 	call	_UART_print
                                    354 ;	pfs173_uart.c: 37: while (1)
      00006C                        355 00105$:
                                    356 ;	pfs173_uart.c: 61: i = 0;
      00006Cr1Cr26                  357 	clear	_i+0
      00006Er1Dr26                  358 	clear	_i+1
                                    359 ;	pfs173_uart.c: 62: while (softuart_kbhit())
      000070                        360 00101$:
      000070r00r70                  361 	call	_softuart_kbhit
      000072 00 53                  362 	cneqsn	a, #0x00
      000074r90r60                  363 	goto	00103$
                                    364 ;	pfs173_uart.c: 64: u[i++] = softuart_getchar();
      000076r1Dr1F                  365 	mov	a, _i+1
      000078r00r17                  366 	mov	p, a
      00007Ar1Cr1F                  367 	mov	a, _i+0
      00007Cr1Cr24                  368 	inc	_i+0
      00007Er1Dr20                  369 	addc	_i+1
      000080r08r50                  370 	add	a, #(_u + 0)
      000082 72 00                  371 	push	af
      000084r00r70                  372 	call	_softuart_getchar
      000086r00r17                  373 	mov	p, a
      000088 73 00                  374 	pop	af
      00008Ar00r27                  375 	xch	a, p
      00008Cr00r07                  376 	idxm	p, a
      00008Er70r60                  377 	goto	00101$
      000090                        378 00103$:
                                    379 ;	pfs173_uart.c: 66: u[i] = '\0';
      000090r08r57                  380 	mov	a, #(_u + 0)
      000092r1Cr18                  381 	add	a, _i+0
      000094r00r17                  382 	mov	p, a
      000096 00 57                  383 	mov	a, #0x00
      000098r00r07                  384 	idxm	p, a
                                    385 ;	pfs173_uart.c: 67: UART_print(u);
      00009Ar08r57                  386 	mov	a, #(_u + 0)
      00009Cr00r17                  387 	mov	_UART_print_PARM_1+0, a
      00009Er01r26                  388 	clear	_UART_print_PARM_1+1
      0000A0r00r70                  389 	call	_UART_print
                                    390 ;	pfs173_uart.c: 68: _delay_ms(500);
      0000A2 14 57                  391 	mov	a, #0x14
      0000A4r03r17                  392 	mov	__delay_loop_32_PARM_1+0, a
      0000A6 16 57                  393 	mov	a, #0x16
      0000A8r04r17                  394 	mov	__delay_loop_32_PARM_1+1, a
      0000AA 05 57                  395 	mov	a, #0x05
      0000ACr05r17                  396 	mov	__delay_loop_32_PARM_1+2, a
      0000AEr06r26                  397 	clear	__delay_loop_32_PARM_1+3
      0000B0r16r70                  398 	call	__delay_loop_32
      0000B2r6Cr60                  399 	goto	00105$
                                    400 ;	pfs173_uart.c: 70: }
      0000B4 7A 00                  401 	ret
                                    402 ;	pfs173_uart.c: 73: void interrupt(void) __interrupt(0)
                                    403 ;	-----------------------------------------
                                    404 ;	 function interrupt
                                    405 ;	-----------------------------------------
      0000B6                        406 _interrupt:
      0000B6 72 00                  407 	push	af
      0000B8r00r1F                  408 	mov	a, p
      0000BA 72 00                  409 	push	af
                                    410 ;	pfs173_uart.c: 76: if (INTRQ & INTRQ_TM2)
      0000BC 85 01                  411 	mov	a, __intrq
      0000BE 40 54                  412 	and	a, #0x40
      0000C0 00 53                  413 	cneqsn	a, #0x00
      0000C2rC8r60                  414 	goto	00102$
                                    415 ;	pfs173_uart.c: 78: INTRQ &= ~INTRQ_TM2; // Mark TM2 interrupt request processed
      0000C4 05 3B                  416 	set0	__intrq, #6
                                    417 ;	pfs173_uart.c: 80: TIM2_interrupt();
      0000C6r00r70                  418 	call	_TIM2_interrupt
      0000C8                        419 00102$:
                                    420 ;	pfs173_uart.c: 83: if (INTRQ & INTRQ_PB5)
      0000C8 85 01                  421 	mov	a, __intrq
      0000CA 01 54                  422 	and	a, #0x01
      0000CC 00 53                  423 	cneqsn	a, #0x00
      0000CErD4r60                  424 	goto	00105$
                                    425 ;	pfs173_uart.c: 85: INTRQ &= ~INTRQ_PB5; // Mark TM2 interrupt request processed
      0000D0 05 38                  426 	set0	__intrq, #0
                                    427 ;	pfs173_uart.c: 87: PB5_interrupt();
      0000D2r00r70                  428 	call	_PB5_interrupt
      0000D4                        429 00105$:
                                    430 ;	pfs173_uart.c: 89: }
      0000D4 73 00                  431 	pop	af
      0000D6r00r17                  432 	mov	p, a
      0000D8 73 00                  433 	pop	af
      0000DA 7B 00                  434 	reti
                                    435 	.area CODE
                                    436 	.area CONST
                                    437 	.area CONST
      000000                        438 ___str_0:
      000000 0D 02                  439 	ret #0x0d
      000002 4F 02                  440 	ret #0x4f	; O
      000004 4B 02                  441 	ret #0x4b	; K
      000006 0D 02                  442 	ret #0x0d
      000008 00 02                  443 	ret #0x00
                                    444 	.area CODE
                                    445 	.area CABS (ABS)
