                                      1 ;--------------------------------------------------------
                                      2 ; File Created by SDCC : free open source ANSI-C Compiler
                                      3 ; Version 4.0.0 #11528 (MINGW64)
                                      4 ;--------------------------------------------------------
                                      5 	.module pdk_uart
                                      6 	.optsdcc -mpdk15
                                      7 	
                                      8 
                                      9 ; default segment ordering in RAM for linker
                                     10 	.area DATA
                                     11 	.area OSEG (OVR,DATA)
                                     12 
                                     13 ;--------------------------------------------------------
                                     14 ; Public variables in this module
                                     15 ;--------------------------------------------------------
                                     16 	.globl __t16c
                                     17 	.globl __rop
                                     18 	.globl __bgtr
                                     19 	.globl __ilrcr
                                     20 	.globl __pwmg2dtl
                                     21 	.globl __pwmg2dth
                                     22 	.globl __pwmg2c
                                     23 	.globl __pwmg1dtl
                                     24 	.globl __pwmg1dth
                                     25 	.globl __pwmg1c
                                     26 	.globl __pwmgcubl
                                     27 	.globl __pwmgcubh
                                     28 	.globl __pwmg0dtl
                                     29 	.globl __pwmg0dth
                                     30 	.globl __pwmgclk
                                     31 	.globl __pwmg0c
                                     32 	.globl __tm3b
                                     33 	.globl __tm3s
                                     34 	.globl __tm3ct
                                     35 	.globl __tm3c
                                     36 	.globl __tm2b
                                     37 	.globl __tm2s
                                     38 	.globl __tm2ct
                                     39 	.globl __tm2c
                                     40 	.globl __gpcs
                                     41 	.globl __gpcc
                                     42 	.globl __misclvr
                                     43 	.globl __misc2
                                     44 	.globl __misc
                                     45 	.globl __adcrgc
                                     46 	.globl __adcr
                                     47 	.globl __adcm
                                     48 	.globl __adcc
                                     49 	.globl __pcpl
                                     50 	.globl __pbpl
                                     51 	.globl __pcph
                                     52 	.globl __pcc
                                     53 	.globl __pc
                                     54 	.globl __pbph
                                     55 	.globl __pbc
                                     56 	.globl __pb
                                     57 	.globl __paph
                                     58 	.globl __pac
                                     59 	.globl __pa
                                     60 	.globl __pcdier
                                     61 	.globl __pbdier
                                     62 	.globl __padier
                                     63 	.globl __integs
                                     64 	.globl __ihrcr
                                     65 	.globl __eoscr
                                     66 	.globl __t16m
                                     67 	.globl __intrq
                                     68 	.globl __inten
                                     69 	.globl __clkmd
                                     70 	.globl __sp
                                     71 	.globl __flag
                                     72 	.globl _UART_printNum_PARM_1
                                     73 	.globl _UART_print_PARM_1
                                     74 	.globl _UART_putC_PARM_1
                                     75 	.globl _internal_tx_buffer
                                     76 	.globl _bits_left_in_tx
                                     77 	.globl _flag_tx_busy
                                     78 	.globl _flag_rx_ready
                                     79 	.globl _flag_rx_off
                                     80 	.globl _qout
                                     81 	.globl _start_bit
                                     82 	.globl _qin
                                     83 	.globl _UART_IO_config
                                     84 	.globl _UART_begin
                                     85 	.globl _UART_rx_on
                                     86 	.globl _UART_rx_off
                                     87 	.globl _UART_getchar
                                     88 	.globl _UART_kbhit
                                     89 	.globl _UART_flush_input_buffer
                                     90 	.globl _UART_transmit_busy
                                     91 	.globl _UART_putC
                                     92 	.globl _UART_print
                                     93 	.globl _UART_printNum
                                     94 	.globl _TIM2_interrupt
                                     95 	.globl _PA4_interrupt
                                     96 ;--------------------------------------------------------
                                     97 ; special function registers
                                     98 ;--------------------------------------------------------
                                     99 	.area RSEG (ABS)
      000000                        100 	.org 0x0000
                           000000   101 __flag	=	0x0000
                           000002   102 __sp	=	0x0002
                           000003   103 __clkmd	=	0x0003
                           000004   104 __inten	=	0x0004
                           000005   105 __intrq	=	0x0005
                           000006   106 __t16m	=	0x0006
                           00000A   107 __eoscr	=	0x000a
                           00000B   108 __ihrcr	=	0x000b
                           00000C   109 __integs	=	0x000c
                           00000D   110 __padier	=	0x000d
                           00000E   111 __pbdier	=	0x000e
                           00000F   112 __pcdier	=	0x000f
                           000010   113 __pa	=	0x0010
                           000011   114 __pac	=	0x0011
                           000012   115 __paph	=	0x0012
                           000013   116 __pb	=	0x0013
                           000014   117 __pbc	=	0x0014
                           000015   118 __pbph	=	0x0015
                           000016   119 __pc	=	0x0016
                           000017   120 __pcc	=	0x0017
                           000018   121 __pcph	=	0x0018
                           000019   122 __pbpl	=	0x0019
                           00001A   123 __pcpl	=	0x001a
                           000020   124 __adcc	=	0x0020
                           000021   125 __adcm	=	0x0021
                           000022   126 __adcr	=	0x0022
                           000024   127 __adcrgc	=	0x0024
                           000026   128 __misc	=	0x0026
                           000027   129 __misc2	=	0x0027
                           000028   130 __misclvr	=	0x0028
                           00002B   131 __gpcc	=	0x002b
                           00002C   132 __gpcs	=	0x002c
                           000030   133 __tm2c	=	0x0030
                           000031   134 __tm2ct	=	0x0031
                           000032   135 __tm2s	=	0x0032
                           000033   136 __tm2b	=	0x0033
                           000034   137 __tm3c	=	0x0034
                           000035   138 __tm3ct	=	0x0035
                           000036   139 __tm3s	=	0x0036
                           000037   140 __tm3b	=	0x0037
                           000040   141 __pwmg0c	=	0x0040
                           000041   142 __pwmgclk	=	0x0041
                           000042   143 __pwmg0dth	=	0x0042
                           000043   144 __pwmg0dtl	=	0x0043
                           000044   145 __pwmgcubh	=	0x0044
                           000045   146 __pwmgcubl	=	0x0045
                           000046   147 __pwmg1c	=	0x0046
                           000048   148 __pwmg1dth	=	0x0048
                           000049   149 __pwmg1dtl	=	0x0049
                           00004C   150 __pwmg2c	=	0x004c
                           00004E   151 __pwmg2dth	=	0x004e
                           00004F   152 __pwmg2dtl	=	0x004f
                           000062   153 __ilrcr	=	0x0062
                           000063   154 __bgtr	=	0x0063
                           000067   155 __rop	=	0x0067
      000000                        156 __t16c::
      000000                        157 	.ds 2
                                    158 ;--------------------------------------------------------
                                    159 ; ram data
                                    160 ;--------------------------------------------------------
                                    161 	.area DATA
      000000                        162 _inbuf:
      000000                        163 	.ds 32
      000020                        164 _qin::
      000020                        165 	.ds 1
      000021                        166 _start_bit::
      000021                        167 	.ds 1
      000022                        168 _qout::
      000022                        169 	.ds 1
      000023                        170 _flag_rx_off::
      000023                        171 	.ds 1
      000024                        172 _flag_rx_ready::
      000024                        173 	.ds 1
      000025                        174 _flag_tx_busy::
      000025                        175 	.ds 1
      000026                        176 _bits_left_in_tx::
      000026                        177 	.ds 1
      000027                        178 _internal_tx_buffer::
      000027                        179 	.ds 2
      000029                        180 _UART_putC_PARM_1:
      000029                        181 	.ds 1
      00002A                        182 _UART_print_PARM_1:
      00002A                        183 	.ds 2
      00002C                        184 _UART_print_sloc1_1_0:
      00002C                        185 	.ds 2
      00002E                        186 _UART_printNum_PARM_1:
      00002E                        187 	.ds 2
      000030                        188 _UART_printNum_dis_65536_53:
      000030                        189 	.ds 5
      000035                        190 _TIM2_interrupt_flag_rx_waiting_for_stop_bit_65536_59:
      000035                        191 	.ds 1
      000036                        192 _TIM2_interrupt_rx_mask_65536_59:
      000036                        193 	.ds 1
      000037                        194 _TIM2_interrupt_bits_left_in_rx_65536_59:
      000037                        195 	.ds 1
      000038                        196 _TIM2_interrupt_internal_rx_buffer_65536_59:
      000038                        197 	.ds 1
                                    198 ;--------------------------------------------------------
                                    199 ; overlayable items in ram 
                                    200 ;--------------------------------------------------------
                                    201 	.area	OSEG (OVR,DATA)
      000000                        202 _UART_putC_sloc0_1_0:
      000000                        203 	.ds 2
                                    204 ;--------------------------------------------------------
                                    205 ; absolute external ram data
                                    206 ;--------------------------------------------------------
                                    207 	.area DABS (ABS)
                                    208 ;--------------------------------------------------------
                                    209 ; global & static initialisations
                                    210 ;--------------------------------------------------------
                                    211 	.area HOME
                                    212 	.area GSINIT
                                    213 	.area GSFINAL
                                    214 	.area GSINIT
                                    215 ;	pdk_uart.c: 170: static uint8_t flag_rx_waiting_for_stop_bit = SU_FALSE;
      000000r35r26                  216 	clear	_TIM2_interrupt_flag_rx_waiting_for_stop_bit_65536_59+0
                                    217 ;	pdk_uart.c: 26: volatile uint8_t qin, start_bit = 1;
      000002 01 57                  218 	mov	a, #0x01
      000004r21r17                  219 	mov	_start_bit+0, a
                                    220 ;--------------------------------------------------------
                                    221 ; Home
                                    222 ;--------------------------------------------------------
                                    223 	.area HOME
                                    224 	.area HOME
                                    225 ;--------------------------------------------------------
                                    226 ; code
                                    227 ;--------------------------------------------------------
                                    228 	.area CODE
                                    229 ;	pdk_uart.c: 35: void UART_IO_config(void)
                                    230 ;	-----------------------------------------
                                    231 ;	 function UART_IO_config
                                    232 ;	-----------------------------------------
      000000                        233 _UART_IO_config:
                                    234 ;	pdk_uart.c: 37: ROP = ROP_INT_SRC_PA4;
      000000 01 57                  235 	mov	a, #0x01
      000002 67 01                  236 	mov	__rop, a
                                    237 ;	pdk_uart.c: 39: setb(UART_PxC, UART_TX);
      000004 91 3D                  238 	set1	__pac, #3
                                    239 ;	pdk_uart.c: 41: setb(UART_PxDIER, UART_RX);
      000006 0D 3E                  240 	set1	__padier, #4
                                    241 ;	pdk_uart.c: 42: setb(UART_PxPH, UART_RX);
      000008 12 3E                  242 	set1	__paph, #4
                                    243 ;	pdk_uart.c: 44: INTEGS = INTEGS_PA4_FALLING;
      00000A 08 57                  244 	mov	a, #0x08
      00000C 0C 01                  245 	mov	__integs, a
                                    246 ;	pdk_uart.c: 45: INTEN |= INTEN_PA4;
      00000E 84 01                  247 	mov	a, __inten
      000010 02 55                  248 	or	a, #0x02
      000012 04 01                  249 	mov	__inten, a
                                    250 ;	pdk_uart.c: 46: }
      000014 7A 00                  251 	ret
                                    252 ;	pdk_uart.c: 48: static void TIM2_Config(void)
                                    253 ;	-----------------------------------------
                                    254 ;	 function TIM2_Config
                                    255 ;	-----------------------------------------
      000016                        256 _TIM2_Config:
                                    257 ;	pdk_uart.c: 51: TM2C = TM2C_CLK_IHRC;						  // Use IHRC -> 16 Mhz
      000016 20 57                  258 	mov	a, #0x20
      000018 30 01                  259 	mov	__tm2c, a
                                    260 ;	pdk_uart.c: 52: TM2S = TM2S_PRESCALE_NONE | TM2S_SCALE_DIV16; // No prescale, scale 2 ~> 8MHz
      00001A 0F 57                  261 	mov	a, #0x0f
      00001C 32 01                  262 	mov	__tm2s, a
                                    263 ;	pdk_uart.c: 53: TM2B = 103;									  // Divide by 69 ~> 9600 Hz (apx. 115200)
      00001E 67 57                  264 	mov	a, #0x67
      000020 33 01                  265 	mov	__tm2b, a
                                    266 ;	pdk_uart.c: 54: }
      000022 7A 00                  267 	ret
                                    268 ;	pdk_uart.c: 56: void UART_begin(void)
                                    269 ;	-----------------------------------------
                                    270 ;	 function UART_begin
                                    271 ;	-----------------------------------------
      000024                        272 _UART_begin:
                                    273 ;	pdk_uart.c: 58: flag_tx_busy = SU_FALSE;
      000024r25r26                  274 	clear	_flag_tx_busy+0
                                    275 ;	pdk_uart.c: 59: flag_rx_ready = SU_FALSE;
      000026r24r26                  276 	clear	_flag_rx_ready+0
                                    277 ;	pdk_uart.c: 60: flag_rx_off = SU_TRUE;
      000028 01 57                  278 	mov	a, #0x01
      00002Ar23r17                  279 	mov	_flag_rx_off+0, a
                                    280 ;	pdk_uart.c: 61: setb(UART_Px, UART_TX); /* mt: set to high to avoid garbage on init */
      00002C 90 3D                  281 	set1	__pa, #3
                                    282 ;	pdk_uart.c: 63: TIM2_Config();
      00002Er16r70                  283 	call	_TIM2_Config
                                    284 ;	pdk_uart.c: 64: UART_rx_on();
      000030r36r60                  285 	goto	_UART_rx_on
                                    286 ;	pdk_uart.c: 65: }
      000032 7A 00                  287 	ret
                                    288 ;	pdk_uart.c: 67: static void idle(void)
                                    289 ;	-----------------------------------------
                                    290 ;	 function idle
                                    291 ;	-----------------------------------------
      000034                        292 _idle:
                                    293 ;	pdk_uart.c: 72: }
      000034 7A 00                  294 	ret
                                    295 ;	pdk_uart.c: 74: void UART_rx_on(void)
                                    296 ;	-----------------------------------------
                                    297 ;	 function UART_rx_on
                                    298 ;	-----------------------------------------
      000036                        299 _UART_rx_on:
                                    300 ;	pdk_uart.c: 76: flag_rx_off = SU_FALSE;
      000036r23r26                  301 	clear	_flag_rx_off+0
                                    302 ;	pdk_uart.c: 77: }
      000038 7A 00                  303 	ret
                                    304 ;	pdk_uart.c: 79: void UART_rx_off(void)
                                    305 ;	-----------------------------------------
                                    306 ;	 function UART_rx_off
                                    307 ;	-----------------------------------------
      00003A                        308 _UART_rx_off:
                                    309 ;	pdk_uart.c: 81: flag_rx_off = SU_TRUE;
      00003A 01 57                  310 	mov	a, #0x01
      00003Cr23r17                  311 	mov	_flag_rx_off+0, a
                                    312 ;	pdk_uart.c: 82: }
      00003E 7A 00                  313 	ret
                                    314 ;	pdk_uart.c: 84: char UART_getchar(void)
                                    315 ;	-----------------------------------------
                                    316 ;	 function UART_getchar
                                    317 ;	-----------------------------------------
      000040                        318 _UART_getchar:
                                    319 ;	pdk_uart.c: 87: while (qout == qin)
      000040                        320 00101$:
      000040r22r1F                  321 	mov	a, _qout+0
      000042r20r2F                  322 	cneqsn	a, _qin+0
      000044r40r60                  323 	goto	00101$
      000046                        324 00120$:
                                    325 ;	pdk_uart.c: 90: ch = inbuf[qout];
      000046r00r57                  326 	mov	a, #(_inbuf + 0)
      000048r22r18                  327 	add	a, _qout+0
      00004Ar00r17                  328 	mov	p, a
      00004Cr01r07                  329 	idxm	a, p
      00004Er00r17                  330 	mov	p, a
                                    331 ;	pdk_uart.c: 91: if (++qout >= UART_IN_BUF_SIZE)
      000050r22r24                  332 	inc	_qout+0
      000052r22r1F                  333 	mov	a, _qout+0
      000054 20 51                  334 	sub	a, #0x20
      000056 80 30                  335 	t0sn	f, c
      000058r5Cr60                  336 	goto	00105$
                                    337 ;	pdk_uart.c: 93: qout = 0;
      00005Ar22r26                  338 	clear	_qout+0
      00005C                        339 00105$:
                                    340 ;	pdk_uart.c: 96: return (ch);
      00005Cr00r1F                  341 	mov	a, p
                                    342 ;	pdk_uart.c: 97: }
      00005E 7A 00                  343 	ret
                                    344 ;	pdk_uart.c: 99: uint8_t UART_kbhit(void)
                                    345 ;	-----------------------------------------
                                    346 ;	 function UART_kbhit
                                    347 ;	-----------------------------------------
      000060                        348 _UART_kbhit:
                                    349 ;	pdk_uart.c: 101: return (qin != qout); // 0 neu giong 1 neu khac
      000060r20r1F                  350 	mov	a, _qin+0
      000062r22r2E                  351 	ceqsn	a, _qout+0
      000064r6Ar60                  352 	goto	00103$
      000066 01 57                  353 	mov	a, #0x01
      000068r6Cr60                  354 	goto	00104$
      00006A                        355 00103$:
      00006A 00 57                  356 	mov	a, #0x00
      00006C                        357 00104$:
      00006C 01 56                  358 	xor	a, #0x01
                                    359 ;	pdk_uart.c: 102: }
      00006E 7A 00                  360 	ret
                                    361 ;	pdk_uart.c: 104: void UART_flush_input_buffer(void)
                                    362 ;	-----------------------------------------
                                    363 ;	 function UART_flush_input_buffer
                                    364 ;	-----------------------------------------
      000070                        365 _UART_flush_input_buffer:
                                    366 ;	pdk_uart.c: 106: qin = 0;
      000070r20r26                  367 	clear	_qin+0
                                    368 ;	pdk_uart.c: 107: qout = 0;
      000072r22r26                  369 	clear	_qout+0
                                    370 ;	pdk_uart.c: 108: }
      000074 7A 00                  371 	ret
                                    372 ;	pdk_uart.c: 110: uint8_t UART_transmit_busy(void)
                                    373 ;	-----------------------------------------
                                    374 ;	 function UART_transmit_busy
                                    375 ;	-----------------------------------------
      000076                        376 _UART_transmit_busy:
                                    377 ;	pdk_uart.c: 112: return (flag_tx_busy == SU_TRUE) ? 1 : 0;
      000076r25r1F                  378 	mov	a, _flag_tx_busy+0
      000078 01 52                  379 	ceqsn	a, #0x01
      00007Ar82r60                  380 	goto	00103$
      00007C 01 57                  381 	mov	a, #0x01
      00007Er00r26                  382 	clear	p
      000080r84r60                  383 	goto	00104$
      000082                        384 00103$:
      000082 00 57                  385 	mov	a, #0x00
      000084                        386 00104$:
                                    387 ;	pdk_uart.c: 113: }
      000084 7A 00                  388 	ret
                                    389 ;	pdk_uart.c: 115: void UART_putC(const char ch)
                                    390 ;	-----------------------------------------
                                    391 ;	 function UART_putC
                                    392 ;	-----------------------------------------
      000086                        393 _UART_putC:
                                    394 ;	pdk_uart.c: 117: while (flag_tx_busy == SU_TRUE)
      000086                        395 00101$:
      000086r25r1F                  396 	mov	a, _flag_tx_busy+0
      000088 01 53                  397 	cneqsn	a, #0x01
      00008Ar86r60                  398 	goto	00101$
      00008C                        399 00114$:
                                    400 ;	pdk_uart.c: 122: bits_left_in_tx = TX_NUM_OF_BITS;
      00008C 0A 57                  401 	mov	a, #0x0a
      00008Er26r17                  402 	mov	_bits_left_in_tx+0, a
                                    403 ;	pdk_uart.c: 123: TIMER2_ON;
      000090 84 01                  404 	mov	a, __inten
      000092 40 55                  405 	or	a, #0x40
      000094 04 01                  406 	mov	__inten, a
                                    407 ;	pdk_uart.c: 124: internal_tx_buffer = (ch << 1) | 0x200;
      000096r00r26                  408 	clear	p
      000098r29r1F                  409 	mov	a, _UART_putC_PARM_1+0
      00009A 6B 00                  410 	sl	a
      00009Cr00r2D                  411 	slc	p
      00009Er00r17                  412 	mov	_UART_putC_sloc0_1_0+0, a
      0000A0r00r1F                  413 	mov	a, p
      0000A2 02 55                  414 	or	a, #0x02
      0000A4r01r17                  415 	mov	_UART_putC_sloc0_1_0+1, a
      0000A6r00r1F                  416 	mov	a, _UART_putC_sloc0_1_0+0
      0000A8r27r17                  417 	mov	_internal_tx_buffer+0, a
      0000AAr01r1F                  418 	mov	a, _UART_putC_sloc0_1_0+1
      0000ACr28r17                  419 	mov	_internal_tx_buffer+1, a
                                    420 ;	pdk_uart.c: 125: flag_tx_busy = SU_TRUE;
      0000AE 01 57                  421 	mov	a, #0x01
      0000B0r25r17                  422 	mov	_flag_tx_busy+0, a
                                    423 ;	pdk_uart.c: 126: }
      0000B2 7A 00                  424 	ret
                                    425 ;	pdk_uart.c: 128: void UART_print(char *str)
                                    426 ;	-----------------------------------------
                                    427 ;	 function UART_print
                                    428 ;	-----------------------------------------
      0000B4                        429 _UART_print:
                                    430 ;	pdk_uart.c: 131: while (str[i] != '\0')
      0000B4r2Cr26                  431 	clear	_UART_print_sloc1_1_0+0
      0000B6r2Dr26                  432 	clear	_UART_print_sloc1_1_0+1
      0000B8                        433 00101$:
      0000B8r2Ar1F                  434 	mov	a, _UART_print_PARM_1+0
      0000BAr2Cr18                  435 	add	a, _UART_print_sloc1_1_0+0
      0000BCr00r17                  436 	mov	p, a
      0000BEr2Br1F                  437 	mov	a, _UART_print_PARM_1+1
      0000C0r2Dr1A                  438 	addc	a, _UART_print_sloc1_1_0+1
      0000C2r00r70                  439 	call	__gptrget
      0000C4 00 53                  440 	cneqsn	a, #0x00
      0000C6rDEr60                  441 	goto	00104$
                                    442 ;	pdk_uart.c: 132: UART_putC(str[i++]);
      0000C8r2Ar1F                  443 	mov	a, _UART_print_PARM_1+0
      0000CAr2Cr18                  444 	add	a, _UART_print_sloc1_1_0+0
      0000CCr00r17                  445 	mov	p, a
      0000CEr2Br1F                  446 	mov	a, _UART_print_PARM_1+1
      0000D0r2Dr1A                  447 	addc	a, _UART_print_sloc1_1_0+1
      0000D2r2Cr24                  448 	inc	_UART_print_sloc1_1_0+0
      0000D4r2Dr20                  449 	addc	_UART_print_sloc1_1_0+1
      0000D6r00r70                  450 	call	__gptrget
      0000D8r29r17                  451 	mov	_UART_putC_PARM_1+0, a
      0000DAr86r70                  452 	call	_UART_putC
      0000DCrB8r60                  453 	goto	00101$
      0000DE                        454 00104$:
                                    455 ;	pdk_uart.c: 133: }
      0000DE 7A 00                  456 	ret
                                    457 ;	pdk_uart.c: 135: void UART_printNum(int num)
                                    458 ;	-----------------------------------------
                                    459 ;	 function UART_printNum
                                    460 ;	-----------------------------------------
      0000E0                        461 _UART_printNum:
                                    462 ;	pdk_uart.c: 138: if (num > 999)
      0000E0 E7 57                  463 	mov	a, #0xe7
      0000E2r2Er19                  464 	sub	a, _UART_printNum_PARM_1+0
      0000E4 03 57                  465 	mov	a, #0x03
      0000E6r2Fr1B                  466 	subc	a, _UART_printNum_PARM_1+1
      0000E8 80 31                  467 	t0sn	f, ov
      0000EA 80 56                  468 	xor	a, #0x80
      0000EC 6B 00                  469 	sl	a
      0000EE 80 34                  470 	t1sn	f, c
      0000F0r64r61                  471 	goto	00108$
                                    472 ;	pdk_uart.c: 140: dis[0] = num / 1000 + 48;
      0000F2r2Er1F                  473 	mov	a, _UART_printNum_PARM_1+0
      0000F4r00r17                  474 	mov	__divsint_PARM_1+0, a
      0000F6r2Fr1F                  475 	mov	a, _UART_printNum_PARM_1+1
      0000F8r01r17                  476 	mov	__divsint_PARM_1+1, a
      0000FA E8 57                  477 	mov	a, #0xe8
      0000FCr00r17                  478 	mov	__divsint_PARM_2+0, a
      0000FE 03 57                  479 	mov	a, #0x03
      000100r01r17                  480 	mov	__divsint_PARM_2+1, a
      000102r00r70                  481 	call	__divsint
      000104 30 50                  482 	add	a, #0x30
      000106r30r17                  483 	mov	_UART_printNum_dis_65536_53+0, a
                                    484 ;	pdk_uart.c: 141: dis[1] = (num / 100) % 10 + 48;
      000108r2Er1F                  485 	mov	a, _UART_printNum_PARM_1+0
      00010Ar00r17                  486 	mov	__divsint_PARM_1+0, a
      00010Cr2Fr1F                  487 	mov	a, _UART_printNum_PARM_1+1
      00010Er01r17                  488 	mov	__divsint_PARM_1+1, a
      000110 64 57                  489 	mov	a, #0x64
      000112r00r17                  490 	mov	__divsint_PARM_2+0, a
      000114r01r26                  491 	clear	__divsint_PARM_2+1
      000116r00r70                  492 	call	__divsint
      000118r00r17                  493 	mov	__modsint_PARM_1+0, a
      00011Ar00r1F                  494 	mov	a, p
      00011Cr01r17                  495 	mov	__modsint_PARM_1+1, a
      00011E 0A 57                  496 	mov	a, #0x0a
      000120r00r17                  497 	mov	__modsint_PARM_2+0, a
      000122r01r26                  498 	clear	__modsint_PARM_2+1
      000124r00r70                  499 	call	__modsint
      000126 30 50                  500 	add	a, #0x30
      000128r31r17                  501 	mov	_UART_printNum_dis_65536_53+1, a
                                    502 ;	pdk_uart.c: 142: dis[2] = (num / 10) % 10 + 48;
      00012Ar2Er1F                  503 	mov	a, _UART_printNum_PARM_1+0
      00012Cr00r17                  504 	mov	__divsint_PARM_1+0, a
      00012Er2Fr1F                  505 	mov	a, _UART_printNum_PARM_1+1
      000130r01r17                  506 	mov	__divsint_PARM_1+1, a
      000132 0A 57                  507 	mov	a, #0x0a
      000134r00r17                  508 	mov	__divsint_PARM_2+0, a
      000136r01r26                  509 	clear	__divsint_PARM_2+1
      000138r00r70                  510 	call	__divsint
      00013Ar00r17                  511 	mov	__modsint_PARM_1+0, a
      00013Cr00r1F                  512 	mov	a, p
      00013Er01r17                  513 	mov	__modsint_PARM_1+1, a
      000140 0A 57                  514 	mov	a, #0x0a
      000142r00r17                  515 	mov	__modsint_PARM_2+0, a
      000144r01r26                  516 	clear	__modsint_PARM_2+1
      000146r00r70                  517 	call	__modsint
      000148 30 50                  518 	add	a, #0x30
      00014Ar32r17                  519 	mov	_UART_printNum_dis_65536_53+2, a
                                    520 ;	pdk_uart.c: 143: dis[3] = num % 10 + 48;
      00014Cr2Er1F                  521 	mov	a, _UART_printNum_PARM_1+0
      00014Er00r17                  522 	mov	__modsint_PARM_1+0, a
      000150r2Fr1F                  523 	mov	a, _UART_printNum_PARM_1+1
      000152r01r17                  524 	mov	__modsint_PARM_1+1, a
      000154 0A 57                  525 	mov	a, #0x0a
      000156r00r17                  526 	mov	__modsint_PARM_2+0, a
      000158r01r26                  527 	clear	__modsint_PARM_2+1
      00015Ar00r70                  528 	call	__modsint
      00015C 30 50                  529 	add	a, #0x30
      00015Er33r17                  530 	mov	_UART_printNum_dis_65536_53+3, a
                                    531 ;	pdk_uart.c: 144: dis[4] = '\0';
      000160r34r26                  532 	clear	_UART_printNum_dis_65536_53+4
      000162r0Ar62                  533 	goto	00109$
      000164                        534 00108$:
                                    535 ;	pdk_uart.c: 146: else if (num > 99)
      000164 63 57                  536 	mov	a, #0x63
      000166r2Er19                  537 	sub	a, _UART_printNum_PARM_1+0
      000168 00 57                  538 	mov	a, #0x00
      00016Ar2Fr1B                  539 	subc	a, _UART_printNum_PARM_1+1
      00016C 80 31                  540 	t0sn	f, ov
      00016E 80 56                  541 	xor	a, #0x80
      000170 6B 00                  542 	sl	a
      000172 80 34                  543 	t1sn	f, c
      000174rC4r61                  544 	goto	00105$
                                    545 ;	pdk_uart.c: 148: dis[0] = num / 100 + 48;
      000176r2Er1F                  546 	mov	a, _UART_printNum_PARM_1+0
      000178r00r17                  547 	mov	__divsint_PARM_1+0, a
      00017Ar2Fr1F                  548 	mov	a, _UART_printNum_PARM_1+1
      00017Cr01r17                  549 	mov	__divsint_PARM_1+1, a
      00017E 64 57                  550 	mov	a, #0x64
      000180r00r17                  551 	mov	__divsint_PARM_2+0, a
      000182r01r26                  552 	clear	__divsint_PARM_2+1
      000184r00r70                  553 	call	__divsint
      000186 30 50                  554 	add	a, #0x30
      000188r30r17                  555 	mov	_UART_printNum_dis_65536_53+0, a
                                    556 ;	pdk_uart.c: 149: dis[1] = (num / 10) % 10 + 48;
      00018Ar2Er1F                  557 	mov	a, _UART_printNum_PARM_1+0
      00018Cr00r17                  558 	mov	__divsint_PARM_1+0, a
      00018Er2Fr1F                  559 	mov	a, _UART_printNum_PARM_1+1
      000190r01r17                  560 	mov	__divsint_PARM_1+1, a
      000192 0A 57                  561 	mov	a, #0x0a
      000194r00r17                  562 	mov	__divsint_PARM_2+0, a
      000196r01r26                  563 	clear	__divsint_PARM_2+1
      000198r00r70                  564 	call	__divsint
      00019Ar00r17                  565 	mov	__modsint_PARM_1+0, a
      00019Cr00r1F                  566 	mov	a, p
      00019Er01r17                  567 	mov	__modsint_PARM_1+1, a
      0001A0 0A 57                  568 	mov	a, #0x0a
      0001A2r00r17                  569 	mov	__modsint_PARM_2+0, a
      0001A4r01r26                  570 	clear	__modsint_PARM_2+1
      0001A6r00r70                  571 	call	__modsint
      0001A8 30 50                  572 	add	a, #0x30
      0001AAr31r17                  573 	mov	_UART_printNum_dis_65536_53+1, a
                                    574 ;	pdk_uart.c: 150: dis[2] = num % 10 + 48;
      0001ACr2Er1F                  575 	mov	a, _UART_printNum_PARM_1+0
      0001AEr00r17                  576 	mov	__modsint_PARM_1+0, a
      0001B0r2Fr1F                  577 	mov	a, _UART_printNum_PARM_1+1
      0001B2r01r17                  578 	mov	__modsint_PARM_1+1, a
      0001B4 0A 57                  579 	mov	a, #0x0a
      0001B6r00r17                  580 	mov	__modsint_PARM_2+0, a
      0001B8r01r26                  581 	clear	__modsint_PARM_2+1
      0001BAr00r70                  582 	call	__modsint
      0001BC 30 50                  583 	add	a, #0x30
      0001BEr32r17                  584 	mov	_UART_printNum_dis_65536_53+2, a
                                    585 ;	pdk_uart.c: 151: dis[3] = '\0';
      0001C0r33r26                  586 	clear	_UART_printNum_dis_65536_53+3
      0001C2r0Ar62                  587 	goto	00109$
      0001C4                        588 00105$:
                                    589 ;	pdk_uart.c: 153: else if (num > 9)
      0001C4 09 57                  590 	mov	a, #0x09
      0001C6r2Er19                  591 	sub	a, _UART_printNum_PARM_1+0
      0001C8 00 57                  592 	mov	a, #0x00
      0001CAr2Fr1B                  593 	subc	a, _UART_printNum_PARM_1+1
      0001CC 80 31                  594 	t0sn	f, ov
      0001CE 80 56                  595 	xor	a, #0x80
      0001D0 6B 00                  596 	sl	a
      0001D2 80 34                  597 	t1sn	f, c
      0001D4r02r62                  598 	goto	00102$
                                    599 ;	pdk_uart.c: 155: dis[0] = num / 10 + 48;
      0001D6r2Er1F                  600 	mov	a, _UART_printNum_PARM_1+0
      0001D8r00r17                  601 	mov	__divsint_PARM_1+0, a
      0001DAr2Fr1F                  602 	mov	a, _UART_printNum_PARM_1+1
      0001DCr01r17                  603 	mov	__divsint_PARM_1+1, a
      0001DE 0A 57                  604 	mov	a, #0x0a
      0001E0r00r17                  605 	mov	__divsint_PARM_2+0, a
      0001E2r01r26                  606 	clear	__divsint_PARM_2+1
      0001E4r00r70                  607 	call	__divsint
      0001E6 30 50                  608 	add	a, #0x30
      0001E8r30r17                  609 	mov	_UART_printNum_dis_65536_53+0, a
                                    610 ;	pdk_uart.c: 156: dis[1] = num % 10 + 48;
      0001EAr2Er1F                  611 	mov	a, _UART_printNum_PARM_1+0
      0001ECr00r17                  612 	mov	__modsint_PARM_1+0, a
      0001EEr2Fr1F                  613 	mov	a, _UART_printNum_PARM_1+1
      0001F0r01r17                  614 	mov	__modsint_PARM_1+1, a
      0001F2 0A 57                  615 	mov	a, #0x0a
      0001F4r00r17                  616 	mov	__modsint_PARM_2+0, a
      0001F6r01r26                  617 	clear	__modsint_PARM_2+1
      0001F8r00r70                  618 	call	__modsint
      0001FA 30 50                  619 	add	a, #0x30
      0001FCr31r17                  620 	mov	_UART_printNum_dis_65536_53+1, a
                                    621 ;	pdk_uart.c: 157: dis[2] = '\0';
      0001FEr32r26                  622 	clear	_UART_printNum_dis_65536_53+2
      000200r0Ar62                  623 	goto	00109$
      000202                        624 00102$:
                                    625 ;	pdk_uart.c: 161: dis[0] = num + 48;
      000202r2Er1F                  626 	mov	a, _UART_printNum_PARM_1+0
      000204 30 50                  627 	add	a, #0x30
      000206r30r17                  628 	mov	_UART_printNum_dis_65536_53+0, a
                                    629 ;	pdk_uart.c: 162: dis[1] = '\0';
      000208r31r26                  630 	clear	_UART_printNum_dis_65536_53+1
      00020A                        631 00109$:
                                    632 ;	pdk_uart.c: 164: UART_print(dis);
      00020Ar30r57                  633 	mov	a, #(_UART_printNum_dis_65536_53 + 0)
      00020Cr2Ar17                  634 	mov	_UART_print_PARM_1+0, a
      00020Er2Br26                  635 	clear	_UART_print_PARM_1+1
      000210rB4r60                  636 	goto	_UART_print
                                    637 ;	pdk_uart.c: 165: }
      000212 7A 00                  638 	ret
                                    639 ;	pdk_uart.c: 168: void TIM2_interrupt(void)
                                    640 ;	-----------------------------------------
                                    641 ;	 function TIM2_interrupt
                                    642 ;	-----------------------------------------
      000214                        643 _TIM2_interrupt:
                                    644 ;	pdk_uart.c: 177: if (flag_tx_busy == SU_TRUE)
      000214r25r1F                  645 	mov	a, _flag_tx_busy+0
      000216 01 52                  646 	ceqsn	a, #0x01
      000218r44r62                  647 	goto	00107$
                                    648 ;	pdk_uart.c: 179: if (internal_tx_buffer & 0x01)
      00021Ar28r1F                  649 	mov	a, _internal_tx_buffer+1
      00021Cr00r17                  650 	mov	p, a
      00021Er27r1F                  651 	mov	a, _internal_tx_buffer+0
      000220 01 54                  652 	and	a, #0x01
      000222 00 53                  653 	cneqsn	a, #0x00
      000224r2Ar62                  654 	goto	00102$
                                    655 ;	pdk_uart.c: 181: setb(UART_Px, UART_TX);
      000226 90 3D                  656 	set1	__pa, #3
      000228r2Cr62                  657 	goto	00103$
      00022A                        658 00102$:
                                    659 ;	pdk_uart.c: 185: clrb(UART_Px, UART_TX);
      00022A 90 39                  660 	set0	__pa, #3
      00022C                        661 00103$:
                                    662 ;	pdk_uart.c: 187: internal_tx_buffer >>= 1;
      00022Cr28r2A                  663 	sr	_internal_tx_buffer+1
      00022Er27r2C                  664 	src	_internal_tx_buffer+0
                                    665 ;	pdk_uart.c: 188: if (--bits_left_in_tx == 0)
      000230r26r1F                  666 	mov	a, _bits_left_in_tx+0
      000232 01 51                  667 	sub	a, #0x01
      000234r26r17                  668 	mov	_bits_left_in_tx+0, a
      000236 00 52                  669 	ceqsn	a, #0x00
      000238r44r62                  670 	goto	00107$
                                    671 ;	pdk_uart.c: 190: flag_tx_busy = SU_FALSE;
      00023Ar25r26                  672 	clear	_flag_tx_busy+0
                                    673 ;	pdk_uart.c: 191: TIMER2_OFF;
      00023C 04 3B                  674 	set0	__inten, #6
                                    675 ;	pdk_uart.c: 192: EXTERNAL_ON;
      00023E 84 01                  676 	mov	a, __inten
      000240 02 55                  677 	or	a, #0x02
      000242 04 01                  678 	mov	__inten, a
      000244                        679 00107$:
                                    680 ;	pdk_uart.c: 197: if (flag_rx_off == SU_FALSE)
      000244r23r1F                  681 	mov	a, _flag_rx_off+0
      000246 00 52                  682 	ceqsn	a, #0x00
      000248rB0r62                  683 	goto	00124$
                                    684 ;	pdk_uart.c: 199: if (flag_rx_waiting_for_stop_bit)
      00024Ar35r1F                  685 	mov	a, _TIM2_interrupt_flag_rx_waiting_for_stop_bit_65536_59+0
      00024C 00 53                  686 	cneqsn	a, #0x00
      00024Er7Ar62                  687 	goto	00120$
                                    688 ;	pdk_uart.c: 201: start_bit = 1;
      000250 01 57                  689 	mov	a, #0x01
      000252r21r17                  690 	mov	_start_bit+0, a
                                    691 ;	pdk_uart.c: 202: EXTERNAL_ON;
      000254 84 01                  692 	mov	a, __inten
      000256 02 55                  693 	or	a, #0x02
      000258 04 01                  694 	mov	__inten, a
                                    695 ;	pdk_uart.c: 203: flag_rx_waiting_for_stop_bit = SU_FALSE;
      00025Ar35r26                  696 	clear	_TIM2_interrupt_flag_rx_waiting_for_stop_bit_65536_59+0
                                    697 ;	pdk_uart.c: 204: flag_rx_ready = SU_FALSE;
      00025Cr24r26                  698 	clear	_flag_rx_ready+0
                                    699 ;	pdk_uart.c: 205: inbuf[qin] = internal_rx_buffer;
      00025Er00r57                  700 	mov	a, #(_inbuf + 0)
      000260r20r18                  701 	add	a, _qin+0
      000262r00r17                  702 	mov	p, a
      000264r38r1F                  703 	mov	a, _TIM2_interrupt_internal_rx_buffer_65536_59+0
      000266r00r07                  704 	idxm	p, a
                                    705 ;	pdk_uart.c: 206: if (++qin >= UART_IN_BUF_SIZE)
      000268r20r1F                  706 	mov	a, _qin+0
      00026A 01 50                  707 	add	a, #0x01
      00026Cr20r17                  708 	mov	_qin+0, a
      00026E 20 52                  709 	ceqsn	a, #0x20
      000270 00 00                  710 	nop
      000272 80 30                  711 	t0sn	f, c
      000274rB0r62                  712 	goto	00124$
                                    713 ;	pdk_uart.c: 208: qin = 0; // overflow - reset inbuf-index
      000276r20r26                  714 	clear	_qin+0
      000278rB0r62                  715 	goto	00124$
      00027A                        716 00120$:
                                    717 ;	pdk_uart.c: 213: if (flag_rx_ready == SU_FALSE)
      00027Ar24r1F                  718 	mov	a, _flag_rx_ready+0
      00027C 00 52                  719 	ceqsn	a, #0x00
      00027Er96r62                  720 	goto	00117$
                                    721 ;	pdk_uart.c: 215: if (start_bit == 0)
      000280r21r1F                  722 	mov	a, _start_bit+0
      000282 00 52                  723 	ceqsn	a, #0x00
      000284rB0r62                  724 	goto	00124$
                                    725 ;	pdk_uart.c: 217: flag_rx_ready = SU_TRUE;
      000286 01 57                  726 	mov	a, #0x01
      000288r24r17                  727 	mov	_flag_rx_ready+0, a
                                    728 ;	pdk_uart.c: 218: internal_rx_buffer = 0;
      00028Ar38r26                  729 	clear	_TIM2_interrupt_internal_rx_buffer_65536_59+0
                                    730 ;	pdk_uart.c: 219: bits_left_in_rx = RX_NUM_OF_BITS;
      00028C 08 57                  731 	mov	a, #0x08
      00028Er37r17                  732 	mov	_TIM2_interrupt_bits_left_in_rx_65536_59+0, a
                                    733 ;	pdk_uart.c: 220: rx_mask = 1;
      000290 01 57                  734 	mov	a, #0x01
      000292r36r17                  735 	mov	_TIM2_interrupt_rx_mask_65536_59+0, a
      000294rB0r62                  736 	goto	00124$
      000296                        737 00117$:
                                    738 ;	pdk_uart.c: 225: if (inbit(UART_Px, UART_RX))
      000296 90 01                  739 	mov	a, __pa
      000298 10 54                  740 	and	a, #0x10
      00029A 6E 00                  741 	swap	a
      00029C 0F 54                  742 	and	a, #0x0f
      00029E 00 53                  743 	cneqsn	a, #0x00
      0002A0rA6r62                  744 	goto	00113$
                                    745 ;	pdk_uart.c: 227: internal_rx_buffer |= rx_mask;
      0002A2r36r1F                  746 	mov	a, _TIM2_interrupt_rx_mask_65536_59+0
      0002A4r38r15                  747 	or	_TIM2_interrupt_internal_rx_buffer_65536_59+0, a
      0002A6                        748 00113$:
                                    749 ;	pdk_uart.c: 229: rx_mask <<= 1;
      0002A6r36r2B                  750 	sl	_TIM2_interrupt_rx_mask_65536_59+0
                                    751 ;	pdk_uart.c: 230: if (--bits_left_in_rx == 0)
      0002A8r37r23                  752 	dzsn	_TIM2_interrupt_bits_left_in_rx_65536_59+0
      0002AArB0r62                  753 	goto	00124$
                                    754 ;	pdk_uart.c: 232: flag_rx_waiting_for_stop_bit = SU_TRUE;
      0002AC 01 57                  755 	mov	a, #0x01
      0002AEr35r17                  756 	mov	_TIM2_interrupt_flag_rx_waiting_for_stop_bit_65536_59+0, a
      0002B0                        757 00124$:
                                    758 ;	pdk_uart.c: 237: }
      0002B0 7A 00                  759 	ret
                                    760 ;	pdk_uart.c: 240: void PA4_interrupt(void)
                                    761 ;	-----------------------------------------
                                    762 ;	 function PA4_interrupt
                                    763 ;	-----------------------------------------
      0002B2                        764 _PA4_interrupt:
                                    765 ;	pdk_uart.c: 242: TM2CT = 25;
      0002B2 19 57                  766 	mov	a, #0x19
      0002B4 31 01                  767 	mov	__tm2ct, a
                                    768 ;	pdk_uart.c: 243: TIMER2_OFF;
      0002B6 04 3B                  769 	set0	__inten, #6
                                    770 ;	pdk_uart.c: 244: EXTERNAL_OFF;
      0002B8 84 38                  771 	set0	__inten, #1
                                    772 ;	pdk_uart.c: 245: start_bit = 0;
      0002BAr21r26                  773 	clear	_start_bit+0
                                    774 ;	pdk_uart.c: 247: INTRQ &= ~INTRQ_TM2;
      0002BC 05 3B                  775 	set0	__intrq, #6
                                    776 ;	pdk_uart.c: 248: TIMER2_ON;
      0002BE 84 01                  777 	mov	a, __inten
      0002C0 40 55                  778 	or	a, #0x40
      0002C2 04 01                  779 	mov	__inten, a
                                    780 ;	pdk_uart.c: 249: }
      0002C4 7A 00                  781 	ret
                                    782 	.area CODE
                                    783 	.area CONST
                                    784 	.area CABS (ABS)
