                                      1 ;--------------------------------------------------------
                                      2 ; File Created by SDCC : free open source ANSI-C Compiler
                                      3 ; Version 4.0.0 #11528 (MINGW64)
                                      4 ;--------------------------------------------------------
                                      5 	.module pdk_24Cxx_PROG
                                      6 	.optsdcc -mpdk15
                                      7 	
                                      8 
                                      9 ; default segment ordering in RAM for linker
                                     10 	.area DATA
                                     11 	.area OSEG (OVR,DATA)
                                     12 
                                     13 ;--------------------------------------------------------
                                     14 ; Public variables in this module
                                     15 ;--------------------------------------------------------
                                     16 	.globl _interrupt
                                     17 	.globl _TIM3_interrupt
                                     18 	.globl _main
                                     19 	.globl _readline
                                     20 	.globl __sdcc_external_startup
                                     21 	.globl _I2C_begin
                                     22 	.globl _PA4_interrupt
                                     23 	.globl _TIM2_interrupt
                                     24 	.globl _UART_print
                                     25 	.globl _UART_IO_config
                                     26 	.globl _UART_getchar
                                     27 	.globl _UART_kbhit
                                     28 	.globl _UART_begin
                                     29 	.globl __delay_loop_32
                                     30 	.globl __t16c
                                     31 	.globl __rop
                                     32 	.globl __bgtr
                                     33 	.globl __ilrcr
                                     34 	.globl __pwmg2dtl
                                     35 	.globl __pwmg2dth
                                     36 	.globl __pwmg2c
                                     37 	.globl __pwmg1dtl
                                     38 	.globl __pwmg1dth
                                     39 	.globl __pwmg1c
                                     40 	.globl __pwmgcubl
                                     41 	.globl __pwmgcubh
                                     42 	.globl __pwmg0dtl
                                     43 	.globl __pwmg0dth
                                     44 	.globl __pwmgclk
                                     45 	.globl __pwmg0c
                                     46 	.globl __tm3b
                                     47 	.globl __tm3s
                                     48 	.globl __tm3ct
                                     49 	.globl __tm3c
                                     50 	.globl __tm2b
                                     51 	.globl __tm2s
                                     52 	.globl __tm2ct
                                     53 	.globl __tm2c
                                     54 	.globl __gpcs
                                     55 	.globl __gpcc
                                     56 	.globl __misclvr
                                     57 	.globl __misc2
                                     58 	.globl __misc
                                     59 	.globl __adcrgc
                                     60 	.globl __adcr
                                     61 	.globl __adcm
                                     62 	.globl __adcc
                                     63 	.globl __pcpl
                                     64 	.globl __pbpl
                                     65 	.globl __pcph
                                     66 	.globl __pcc
                                     67 	.globl __pc
                                     68 	.globl __pbph
                                     69 	.globl __pbc
                                     70 	.globl __pb
                                     71 	.globl __paph
                                     72 	.globl __pac
                                     73 	.globl __pa
                                     74 	.globl __pcdier
                                     75 	.globl __pbdier
                                     76 	.globl __padier
                                     77 	.globl __integs
                                     78 	.globl __ihrcr
                                     79 	.globl __eoscr
                                     80 	.globl __t16m
                                     81 	.globl __intrq
                                     82 	.globl __inten
                                     83 	.globl __clkmd
                                     84 	.globl __sp
                                     85 	.globl __flag
                                     86 	.globl _hex_address
                                     87 	.globl _hex_byteCount
                                     88 	.globl _newline
                                     89 	.globl _ret
                                     90 	.globl _temp
                                     91 	.globl _aaa
                                     92 	.globl _i
                                     93 	.globl _u
                                     94 	.globl _arr2
                                     95 	.globl _arr
                                     96 ;--------------------------------------------------------
                                     97 ; special function registers
                                     98 ;--------------------------------------------------------
                                     99 	.area RSEG (ABS)
      000000                        100 	.org 0x0000
                           000000   101 __flag	=	0x0000
                           000002   102 __sp	=	0x0002
                           000003   103 __clkmd	=	0x0003
                           000004   104 __inten	=	0x0004
                           000005   105 __intrq	=	0x0005
                           000006   106 __t16m	=	0x0006
                           00000A   107 __eoscr	=	0x000a
                           00000B   108 __ihrcr	=	0x000b
                           00000C   109 __integs	=	0x000c
                           00000D   110 __padier	=	0x000d
                           00000E   111 __pbdier	=	0x000e
                           00000F   112 __pcdier	=	0x000f
                           000010   113 __pa	=	0x0010
                           000011   114 __pac	=	0x0011
                           000012   115 __paph	=	0x0012
                           000013   116 __pb	=	0x0013
                           000014   117 __pbc	=	0x0014
                           000015   118 __pbph	=	0x0015
                           000016   119 __pc	=	0x0016
                           000017   120 __pcc	=	0x0017
                           000018   121 __pcph	=	0x0018
                           000019   122 __pbpl	=	0x0019
                           00001A   123 __pcpl	=	0x001a
                           000020   124 __adcc	=	0x0020
                           000021   125 __adcm	=	0x0021
                           000022   126 __adcr	=	0x0022
                           000024   127 __adcrgc	=	0x0024
                           000026   128 __misc	=	0x0026
                           000027   129 __misc2	=	0x0027
                           000028   130 __misclvr	=	0x0028
                           00002B   131 __gpcc	=	0x002b
                           00002C   132 __gpcs	=	0x002c
                           000030   133 __tm2c	=	0x0030
                           000031   134 __tm2ct	=	0x0031
                           000032   135 __tm2s	=	0x0032
                           000033   136 __tm2b	=	0x0033
                           000034   137 __tm3c	=	0x0034
                           000035   138 __tm3ct	=	0x0035
                           000036   139 __tm3s	=	0x0036
                           000037   140 __tm3b	=	0x0037
                           000040   141 __pwmg0c	=	0x0040
                           000041   142 __pwmgclk	=	0x0041
                           000042   143 __pwmg0dth	=	0x0042
                           000043   144 __pwmg0dtl	=	0x0043
                           000044   145 __pwmgcubh	=	0x0044
                           000045   146 __pwmgcubl	=	0x0045
                           000046   147 __pwmg1c	=	0x0046
                           000048   148 __pwmg1dth	=	0x0048
                           000049   149 __pwmg1dtl	=	0x0049
                           00004C   150 __pwmg2c	=	0x004c
                           00004E   151 __pwmg2dth	=	0x004e
                           00004F   152 __pwmg2dtl	=	0x004f
                           000062   153 __ilrcr	=	0x0062
                           000063   154 __bgtr	=	0x0063
                           000067   155 __rop	=	0x0067
      000000                        156 __t16c::
      000000                        157 	.ds 2
                                    158 ;--------------------------------------------------------
                                    159 ; ram data
                                    160 ;--------------------------------------------------------
                                    161 	.area DATA
      000000                        162 _arr::
      000000                        163 	.ds 10
      00000A                        164 _arr2::
      00000A                        165 	.ds 10
      000014                        166 _u::
      000014                        167 	.ds 22
      00002A                        168 _i::
      00002A                        169 	.ds 2
      00002C                        170 _aaa::
      00002C                        171 	.ds 1
      00002D                        172 _temp::
      00002D                        173 	.ds 1
      00002E                        174 _ret::
      00002E                        175 	.ds 1
      00002F                        176 _newline::
      00002F                        177 	.ds 1
      000030                        178 _hex_byteCount::
      000030                        179 	.ds 1
      000031                        180 _hex_address::
      000031                        181 	.ds 2
      000033                        182 _readline_sloc0_1_0:
      000033                        183 	.ds 1
      000034                        184 _readline_sloc1_1_0:
      000034                        185 	.ds 1
      000035                        186 _readline_sloc2_1_0:
      000035                        187 	.ds 1
                                    188 ;--------------------------------------------------------
                                    189 ; overlayable items in ram 
                                    190 ;--------------------------------------------------------
                                    191 ;--------------------------------------------------------
                                    192 ; Stack segment in internal ram 
                                    193 ;--------------------------------------------------------
                                    194 	.area	SSEG
      000000                        195 __start__stack:
      000000                        196 	.ds	1
                                    197 
                                    198 ;--------------------------------------------------------
                                    199 ; absolute external ram data
                                    200 ;--------------------------------------------------------
                                    201 	.area DABS (ABS)
                                    202 ;--------------------------------------------------------
                                    203 ; interrupt vector 
                                    204 ;--------------------------------------------------------
                                    205 	.area HOME
      000000                        206 __interrupt_vect:
                                    207 	.area	HEADER (ABS)
      000020                        208 	.org	 0x0020
      000020r32r61                  209 	goto	_interrupt
                                    210 ;--------------------------------------------------------
                                    211 ; global & static initialisations
                                    212 ;--------------------------------------------------------
                                    213 	.area HOME
                                    214 	.area GSINIT
                                    215 	.area GSFINAL
                                    216 	.area GSINIT
                                    217 	.area	PREG (ABS)
      000000                        218 	.org 0x00
      000000                        219 p::
      000000                        220 	.ds 2
                                    221 	.area	HEADER (ABS)
      000000                        222 	.org 0x0000
      000000 00 00                  223 	nop
      000002r01r26                  224 	clear	p+1
      000004r00r57                  225 	mov	a, #s_OSEG
      000006r01r50                  226 	add	a, #l_OSEG + 1
      000008 FE 54                  227 	and	a, #0xfe
      00000A 02 01                  228 	mov	sp, a
      00000Cr14r70                  229 	call	__sdcc_external_startup
      00000Er00r60                  230 	goto	__sdcc_gs_init_startup
                                    231 	.area GSINIT
      000000                        232 __sdcc_gs_init_startup:
      000000                        233 __sdcc_init_data:
      000000r00r57                  234 	mov	a, #s_DATA
      000002r00r17                  235 	mov	p, a
      000004r0Er60                  236 	goto	00002$
      000006                        237 00001$:
      000006 00 57                  238 	mov	a, #0x00
      000008r00r07                  239 	idxm	p, a
      00000Ar00r24                  240 	inc	p
      00000Cr00r57                  241 	mov	a, #s_DATA
      00000E                        242 00002$:
      00000Er00r50                  243 	add	a, #l_DATA
      000010r00r2E                  244 	ceqsn	a, p
      000012r06r60                  245 	goto	00001$
                                    246 ;	pdk_24Cxx_PROG.c: 32: uint8_t arr[] = {4, 50, 11, 30, 6, 8, 11, 0, 0, 5};
      000014 04 57                  247 	mov	a, #0x04
      000016r00r17                  248 	mov	_arr+0, a
      000018 32 57                  249 	mov	a, #0x32
      00001Ar01r17                  250 	mov	_arr+1, a
      00001C 0B 57                  251 	mov	a, #0x0b
      00001Er02r17                  252 	mov	_arr+2, a
      000020 1E 57                  253 	mov	a, #0x1e
      000022r03r17                  254 	mov	_arr+3, a
      000024 06 57                  255 	mov	a, #0x06
      000026r04r17                  256 	mov	_arr+4, a
      000028 08 57                  257 	mov	a, #0x08
      00002Ar05r17                  258 	mov	_arr+5, a
      00002C 0B 57                  259 	mov	a, #0x0b
      00002Er06r17                  260 	mov	_arr+6, a
      000030r07r26                  261 	clear	_arr+7
      000032r08r26                  262 	clear	_arr+8
      000034 05 57                  263 	mov	a, #0x05
      000036r09r17                  264 	mov	_arr+9, a
                                    265 ;	pdk_24Cxx_PROG.c: 36: int i = 0;
      000038r2Ar26                  266 	clear	_i+0
      00003Ar2Br26                  267 	clear	_i+1
                                    268 ;	pdk_24Cxx_PROG.c: 37: uint8_t aaa = 0, temp = 0, ret = 0, newline = 0;
      00003Cr2Cr26                  269 	clear	_aaa+0
                                    270 ;	pdk_24Cxx_PROG.c: 37: uint8_t hex_byteCount;
      00003Er2Dr26                  271 	clear	_temp+0
                                    272 ;	pdk_24Cxx_PROG.c: 37: uint8_t aaa = 0, temp = 0, ret = 0, newline = 0;
      000040r2Er26                  273 	clear	_ret+0
                                    274 ;	pdk_24Cxx_PROG.c: 37: uint8_t hex_byteCount;
      000042r2Fr26                  275 	clear	_newline+0
                                    276 	.area GSFINAL
      000000r00r60                  277 	goto	__sdcc_program_startup
                                    278 ;--------------------------------------------------------
                                    279 ; Home
                                    280 ;--------------------------------------------------------
                                    281 	.area HOME
                                    282 	.area HOME
      000000                        283 __sdcc_program_startup:
      000000r6Ar60                  284 	goto	_main
                                    285 ;	return from main will return to caller
                                    286 ;--------------------------------------------------------
                                    287 ; code
                                    288 ;--------------------------------------------------------
                                    289 	.area CODE
                                    290 ;	pdk_24Cxx_PROG.c: 17: static void TIM3_Config(void)
                                    291 ;	-----------------------------------------
                                    292 ;	 function TIM3_Config
                                    293 ;	-----------------------------------------
      000000                        294 _TIM3_Config:
                                    295 ;	pdk_24Cxx_PROG.c: 20: TM3C = TM3C_CLK_IHRC;						   // Use IHRC -> 16 Mhz
      000000 20 57                  296 	mov	a, #0x20
      000002 34 01                  297 	mov	__tm3c, a
                                    298 ;	pdk_24Cxx_PROG.c: 21: TM3S = TM3S_PRESCALE_DIV64 | TM3S_SCALE_DIV32; // No prescale, scale 2 ~> 8MHz
      000004 7F 57                  299 	mov	a, #0x7f
      000006 36 01                  300 	mov	__tm3s, a
                                    301 ;	pdk_24Cxx_PROG.c: 22: TM3B = 254;									   // Divide by 69 ~> 9600 Hz (apx. 115200)
      000008 FE 57                  302 	mov	a, #0xfe
      00000A 37 01                  303 	mov	__tm3b, a
                                    304 ;	pdk_24Cxx_PROG.c: 23: INTEN |= INTEN_TM3;
      00000C 84 01                  305 	mov	a, __inten
      00000E 80 55                  306 	or	a, #0x80
      000010 04 01                  307 	mov	__inten, a
                                    308 ;	pdk_24Cxx_PROG.c: 24: }
      000012 7A 00                  309 	ret
                                    310 ;	pdk_24Cxx_PROG.c: 25: uint8_t _sdcc_external_startup(void)
                                    311 ;	-----------------------------------------
                                    312 ;	 function _sdcc_external_startup
                                    313 ;	-----------------------------------------
      000014                        314 __sdcc_external_startup:
                                    315 ;	pdk_24Cxx_PROG.c: 27: EASY_PDK_INIT_SYSCLOCK_8MHZ();		  //use 8MHz sysclock
      000014 34 57                  316 	mov	a, #0x34
      000016 03 01                  317 	mov	__clkmd, a
                                    318 ;	pdk_24Cxx_PROG.c: 28: EASY_PDK_CALIBRATE_IHRC(F_CPU, 5000); //tune SYSCLK to 8MHz @ 4.000V
      000018 52 54                  319 	and	a, #'R'                        
      00001A 43 54                  320 	and	a, #'C'                        
      00001C 01 54                  321 	and	a, #((1))          
      00001E 00 54                  322 	and	a, #((8000000))     
      000020 12 54                  323 	and	a, #((8000000)>>8)  
      000022 7A 54                  324 	and	a, #((8000000)>>16) 
      000024 00 54                  325 	and	a, #((8000000)>>24) 
      000026 88 54                  326 	and	a, #((5000))     
      000028 13 54                  327 	and	a, #((5000)>>8)  
      00002A 0B 54                  328 	and	a, #((0x0B))           
                                    329 ;	pdk_24Cxx_PROG.c: 29: return 0;							  //perform normal initialization
                                    330 ;	pdk_24Cxx_PROG.c: 30: }
      00002C 00 02                  331 	ret	#0x00
                                    332 ;	pdk_24Cxx_PROG.c: 41: uint8_t readline()
                                    333 ;	-----------------------------------------
                                    334 ;	 function readline
                                    335 ;	-----------------------------------------
      00002E                        336 _readline:
                                    337 ;	pdk_24Cxx_PROG.c: 46: while (UART_kbhit())
      00002Er33r26                  338 	clear	_readline_sloc0_1_0+0
      000030                        339 00104$:
      000030r00r70                  340 	call	_UART_kbhit
      000032 00 53                  341 	cneqsn	a, #0x00
      000034r30r60                  342 	goto	00104$
                                    343 ;	pdk_24Cxx_PROG.c: 48: u[cnt_t] = UART_getchar();
      000036r14r57                  344 	mov	a, #(_u + 0)
      000038r33r18                  345 	add	a, _readline_sloc0_1_0+0
      00003A 72 00                  346 	push	af
      00003Cr00r70                  347 	call	_UART_getchar
      00003Er34r17                  348 	mov	_readline_sloc1_1_0+0, a
      000040 73 00                  349 	pop	af
      000042r00r17                  350 	mov	p, a
      000044r34r1F                  351 	mov	a, _readline_sloc1_1_0+0
      000046r00r07                  352 	idxm	p, a
                                    353 ;	pdk_24Cxx_PROG.c: 49: if (u[cnt_t] == 'T' && u[cnt_t - 1] == 'S')
      000048r34r1F                  354 	mov	a, _readline_sloc1_1_0+0
      00004A 54 52                  355 	ceqsn	a, #0x54
      00004Cr64r60                  356 	goto	00102$
      00004Er33r1F                  357 	mov	a, _readline_sloc0_1_0+0
      000050 01 51                  358 	sub	a, #0x01
      000052r35r17                  359 	mov	_readline_sloc2_1_0+0, a
      000054r14r57                  360 	mov	a, #(_u + 0)
      000056r35r18                  361 	add	a, _readline_sloc2_1_0+0
      000058r00r17                  362 	mov	p, a
      00005Ar01r07                  363 	idxm	a, p
      00005C 53 52                  364 	ceqsn	a, #0x53
      00005Er64r60                  365 	goto	00102$
                                    366 ;	pdk_24Cxx_PROG.c: 51: return cnt_t - 1;
      000060r35r1F                  367 	mov	a, _readline_sloc2_1_0+0
      000062 7A 00                  368 	ret
      000064                        369 00102$:
                                    370 ;	pdk_24Cxx_PROG.c: 53: cnt_t++;
      000064r33r24                  371 	inc	_readline_sloc0_1_0+0
      000066r30r60                  372 	goto	00104$
                                    373 ;	pdk_24Cxx_PROG.c: 56: }
      000068 7A 00                  374 	ret
                                    375 ;	pdk_24Cxx_PROG.c: 58: int main(void)
                                    376 ;	-----------------------------------------
                                    377 ;	 function main
                                    378 ;	-----------------------------------------
      00006A                        379 _main:
                                    380 ;	pdk_24Cxx_PROG.c: 60: setb(PBC, 4);
      00006A 14 3E                  381 	set1	__pbc, #4
                                    382 ;	pdk_24Cxx_PROG.c: 61: TIM3_Config();
      00006Cr00r70                  383 	call	_TIM3_Config
                                    384 ;	pdk_24Cxx_PROG.c: 62: I2C_begin();
      00006Er00r70                  385 	call	_I2C_begin
                                    386 ;	pdk_24Cxx_PROG.c: 63: UART_IO_config();
      000070r00r70                  387 	call	_UART_IO_config
                                    388 ;	pdk_24Cxx_PROG.c: 64: UART_begin();
      000072r00r70                  389 	call	_UART_begin
                                    390 ;	pdk_24Cxx_PROG.c: 65: INTRQ = 0;
      000074 00 57                  391 	mov	a, #0x00
      000076 05 01                  392 	mov	__intrq, a
                                    393 ;	pdk_24Cxx_PROG.c: 66: sei();
      000078 78 00                  394 	engint
                                    395 ;	pdk_24Cxx_PROG.c: 67: UART_print("\rOK\r");
      00007Ar00r57                  396 	mov	a, #<(___str_0 + 0)
      00007Cr00r17                  397 	mov	_UART_print_PARM_1+0, a
      00007Er00r57                  398 	mov	a, #>(___str_0 + 0x8000 + 0)
      000080r01r17                  399 	mov	_UART_print_PARM_1+1, a
      000082r00r70                  400 	call	_UART_print
                                    401 ;	pdk_24Cxx_PROG.c: 70: while (1)
      000084                        402 00114$:
                                    403 ;	pdk_24Cxx_PROG.c: 73: i = 0;
      000084r2Ar26                  404 	clear	_i+0
      000086r2Br26                  405 	clear	_i+1
                                    406 ;	pdk_24Cxx_PROG.c: 74: while (UART_kbhit())
      000088                        407 00101$:
      000088r00r70                  408 	call	_UART_kbhit
      00008A 00 53                  409 	cneqsn	a, #0x00
      00008CrA8r60                  410 	goto	00103$
                                    411 ;	pdk_24Cxx_PROG.c: 76: u[i++] = UART_getchar();
      00008Er2Br1F                  412 	mov	a, _i+1
      000090r00r17                  413 	mov	p, a
      000092r2Ar1F                  414 	mov	a, _i+0
      000094r2Ar24                  415 	inc	_i+0
      000096r2Br20                  416 	addc	_i+1
      000098r14r50                  417 	add	a, #(_u + 0)
      00009A 72 00                  418 	push	af
      00009Cr00r70                  419 	call	_UART_getchar
      00009Er00r17                  420 	mov	p, a
      0000A0 73 00                  421 	pop	af
      0000A2r00r27                  422 	xch	a, p
      0000A4r00r07                  423 	idxm	p, a
      0000A6r88r60                  424 	goto	00101$
      0000A8                        425 00103$:
                                    426 ;	pdk_24Cxx_PROG.c: 78: u[i++] = '\r';
      0000A8r2Br1F                  427 	mov	a, _i+1
      0000AAr00r17                  428 	mov	p, a
      0000ACr2Ar1F                  429 	mov	a, _i+0
      0000AEr2Ar24                  430 	inc	_i+0
      0000B0r2Br20                  431 	addc	_i+1
      0000B2r14r50                  432 	add	a, #(_u + 0)
      0000B4r00r17                  433 	mov	p, a
      0000B6 0D 57                  434 	mov	a, #0x0d
      0000B8r00r07                  435 	idxm	p, a
                                    436 ;	pdk_24Cxx_PROG.c: 79: u[i] = '\0';
      0000BAr14r57                  437 	mov	a, #(_u + 0)
      0000BCr2Ar18                  438 	add	a, _i+0
      0000BEr00r17                  439 	mov	p, a
      0000C0 00 57                  440 	mov	a, #0x00
      0000C2r00r07                  441 	idxm	p, a
                                    442 ;	pdk_24Cxx_PROG.c: 87: if (u[0] == '5' && u[1] == '2') // match signal
      0000C4r14r1F                  443 	mov	a, _u+0
      0000C6 35 52                  444 	ceqsn	a, #0x35
      0000C8r02r61                  445 	goto	00108$
      0000CAr15r1F                  446 	mov	a, _u+1
      0000CC 32 52                  447 	ceqsn	a, #0x32
      0000CEr02r61                  448 	goto	00108$
                                    449 ;	pdk_24Cxx_PROG.c: 89: UART_print("PFS173\r\n"); //send signal back to PC
      0000D0r0Ar57                  450 	mov	a, #<(___str_1 + 0)
      0000D2r00r17                  451 	mov	_UART_print_PARM_1+0, a
      0000D4r0Ar57                  452 	mov	a, #>(___str_1 + 0x8000 + 0)
      0000D6r01r17                  453 	mov	_UART_print_PARM_1+1, a
      0000D8r00r70                  454 	call	_UART_print
                                    455 ;	pdk_24Cxx_PROG.c: 90: while (!ret)
      0000DA                        456 00104$:
      0000DAr2Er1F                  457 	mov	a, _ret+0
      0000DC 00 52                  458 	ceqsn	a, #0x00
      0000DEr02r61                  459 	goto	00108$
                                    460 ;	pdk_24Cxx_PROG.c: 92: temp = readline();
      0000E0r2Er70                  461 	call	_readline
      0000E2r2Dr17                  462 	mov	_temp+0, a
                                    463 ;	pdk_24Cxx_PROG.c: 93: u[temp] = '\0';
      0000E4r14r57                  464 	mov	a, #(_u + 0)
      0000E6r2Dr18                  465 	add	a, _temp+0
      0000E8r00r17                  466 	mov	p, a
      0000EA 00 57                  467 	mov	a, #0x00
      0000ECr00r07                  468 	idxm	p, a
                                    469 ;	pdk_24Cxx_PROG.c: 94: UART_print(u);
      0000EEr14r57                  470 	mov	a, #(_u + 0)
      0000F0r00r17                  471 	mov	_UART_print_PARM_1+0, a
      0000F2r01r26                  472 	clear	_UART_print_PARM_1+1
      0000F4r00r70                  473 	call	_UART_print
                                    474 ;	pdk_24Cxx_PROG.c: 95: UART_print("\r\n");
      0000F6r1Cr57                  475 	mov	a, #<(___str_2 + 0)
      0000F8r00r17                  476 	mov	_UART_print_PARM_1+0, a
      0000FAr1Cr57                  477 	mov	a, #>(___str_2 + 0x8000 + 0)
      0000FCr01r17                  478 	mov	_UART_print_PARM_1+1, a
      0000FEr00r70                  479 	call	_UART_print
      000100rDAr60                  480 	goto	00104$
      000102                        481 00108$:
                                    482 ;	pdk_24Cxx_PROG.c: 98: if (aaa == 1)
      000102r2Cr1F                  483 	mov	a, _aaa+0
      000104 01 52                  484 	ceqsn	a, #0x01
      000106r0Cr61                  485 	goto	00111$
                                    486 ;	pdk_24Cxx_PROG.c: 100: setb(PB, 4);
      000108 13 3E                  487 	set1	__pb, #4
      00010Ar0Er61                  488 	goto	00112$
      00010C                        489 00111$:
                                    490 ;	pdk_24Cxx_PROG.c: 105: clrb(PB, 4);
      00010C 13 3A                  491 	set0	__pb, #4
      00010E                        492 00112$:
                                    493 ;	pdk_24Cxx_PROG.c: 109: _delay_ms(900);
      00010E BE 57                  494 	mov	a, #0xbe
      000110r00r17                  495 	mov	__delay_loop_32_PARM_1+0, a
      000112 27 57                  496 	mov	a, #0x27
      000114r01r17                  497 	mov	__delay_loop_32_PARM_1+1, a
      000116 09 57                  498 	mov	a, #0x09
      000118r02r17                  499 	mov	__delay_loop_32_PARM_1+2, a
      00011Ar03r26                  500 	clear	__delay_loop_32_PARM_1+3
      00011Cr00r70                  501 	call	__delay_loop_32
      00011Er84r60                  502 	goto	00114$
                                    503 ;	pdk_24Cxx_PROG.c: 111: }
      000120 7A 00                  504 	ret
                                    505 ;	pdk_24Cxx_PROG.c: 112: void TIM3_interrupt()
                                    506 ;	-----------------------------------------
                                    507 ;	 function TIM3_interrupt
                                    508 ;	-----------------------------------------
      000122                        509 _TIM3_interrupt:
                                    510 ;	pdk_24Cxx_PROG.c: 114: if (aaa == 1)
      000122r2Cr1F                  511 	mov	a, _aaa+0
      000124 01 52                  512 	ceqsn	a, #0x01
      000126r2Cr61                  513 	goto	00102$
                                    514 ;	pdk_24Cxx_PROG.c: 116: aaa = 0;
      000128r2Cr26                  515 	clear	_aaa+0
      00012Ar30r61                  516 	goto	00104$
      00012C                        517 00102$:
                                    518 ;	pdk_24Cxx_PROG.c: 120: aaa = 1;
      00012C 01 57                  519 	mov	a, #0x01
      00012Er2Cr17                  520 	mov	_aaa+0, a
      000130                        521 00104$:
                                    522 ;	pdk_24Cxx_PROG.c: 122: }
      000130 7A 00                  523 	ret
                                    524 ;	pdk_24Cxx_PROG.c: 124: void interrupt(void) __interrupt(0)
                                    525 ;	-----------------------------------------
                                    526 ;	 function interrupt
                                    527 ;	-----------------------------------------
      000132                        528 _interrupt:
      000132 72 00                  529 	push	af
      000134r00r1F                  530 	mov	a, p
      000136 72 00                  531 	push	af
                                    532 ;	pdk_24Cxx_PROG.c: 127: if (INTRQ & INTRQ_TM2)
      000138 85 01                  533 	mov	a, __intrq
      00013A 40 54                  534 	and	a, #0x40
      00013C 00 53                  535 	cneqsn	a, #0x00
      00013Er44r61                  536 	goto	00102$
                                    537 ;	pdk_24Cxx_PROG.c: 129: INTRQ &= ~INTRQ_TM2; // Mark TM2 interrupt request processed
      000140 05 3B                  538 	set0	__intrq, #6
                                    539 ;	pdk_24Cxx_PROG.c: 130: TIM2_interrupt();
      000142r00r70                  540 	call	_TIM2_interrupt
      000144                        541 00102$:
                                    542 ;	pdk_24Cxx_PROG.c: 133: if (INTRQ & INTRQ_TM3)
      000144 85 01                  543 	mov	a, __intrq
      000146 80 54                  544 	and	a, #0x80
      000148 00 53                  545 	cneqsn	a, #0x00
      00014Ar50r61                  546 	goto	00104$
                                    547 ;	pdk_24Cxx_PROG.c: 135: INTRQ &= ~INTRQ_TM3; // Mark TM3 interrupt request processed
      00014C 85 3B                  548 	set0	__intrq, #7
                                    549 ;	pdk_24Cxx_PROG.c: 136: TIM3_interrupt();
      00014Er22r71                  550 	call	_TIM3_interrupt
      000150                        551 00104$:
                                    552 ;	pdk_24Cxx_PROG.c: 139: if (INTRQ & INTRQ_PA4)
      000150 85 01                  553 	mov	a, __intrq
      000152 02 54                  554 	and	a, #0x02
      000154 00 53                  555 	cneqsn	a, #0x00
      000156r60r61                  556 	goto	00107$
                                    557 ;	pdk_24Cxx_PROG.c: 141: INTRQ &= ~INTRQ_PA4;
      000158 85 38                  558 	set0	__intrq, #1
                                    559 ;	pdk_24Cxx_PROG.c: 142: TM3B = 0;
      00015A 00 57                  560 	mov	a, #0x00
      00015C 37 01                  561 	mov	__tm3b, a
                                    562 ;	pdk_24Cxx_PROG.c: 143: PA4_interrupt();
      00015Er00r70                  563 	call	_PA4_interrupt
      000160                        564 00107$:
                                    565 ;	pdk_24Cxx_PROG.c: 145: }
      000160 73 00                  566 	pop	af
      000162r00r17                  567 	mov	p, a
      000164 73 00                  568 	pop	af
      000166 7B 00                  569 	reti
                                    570 	.area CODE
                                    571 	.area CONST
                                    572 	.area CONST
      000000                        573 ___str_0:
      000000 0D 02                  574 	ret #0x0d
      000002 4F 02                  575 	ret #0x4f	; O
      000004 4B 02                  576 	ret #0x4b	; K
      000006 0D 02                  577 	ret #0x0d
      000008 00 02                  578 	ret #0x00
                                    579 	.area CODE
                                    580 	.area CONST
      00000A                        581 ___str_1:
      00000A 50 02                  582 	ret #0x50	; P
      00000C 46 02                  583 	ret #0x46	; F
      00000E 53 02                  584 	ret #0x53	; S
      000010 31 02                  585 	ret #0x31	; 1
      000012 37 02                  586 	ret #0x37	; 7
      000014 33 02                  587 	ret #0x33	; 3
      000016 0D 02                  588 	ret #0x0d
      000018 0A 02                  589 	ret #0x0a
      00001A 00 02                  590 	ret #0x00
                                    591 	.area CODE
                                    592 	.area CONST
      00001C                        593 ___str_2:
      00001C 0D 02                  594 	ret #0x0d
      00001E 0A 02                  595 	ret #0x0a
      000020 00 02                  596 	ret #0x00
                                    597 	.area CODE
                                    598 	.area CABS (ABS)
