                                      1 ;--------------------------------------------------------
                                      2 ; File Created by SDCC : free open source ANSI-C Compiler
                                      3 ; Version 4.2.0 #13081 (MINGW64)
                                      4 ;--------------------------------------------------------
                                      5 	.module pfs173_TamNuoc
                                      6 	.optsdcc -mpdk15
                                      7 	
                                      8 
                                      9 ; default segment ordering in RAM for linker
                                     10 	.area DATA
                                     11 	.area OSEG (OVR,DATA)
                                     12 
                                     13 ;--------------------------------------------------------
                                     14 ; Public variables in this module
                                     15 ;--------------------------------------------------------
                                     16 	.globl _interrupt
                                     17 	.globl _main
                                     18 	.globl _TIM3_begin
                                     19 	.globl _ADC_read
                                     20 	.globl _GPIO_begin
                                     21 	.globl __sdcc_external_startup
                                     22 	.globl __delay_loop_32
                                     23 	.globl __delay_loop_16
                                     24 	.globl __delay_loop_8
                                     25 	.globl __t16c
                                     26 	.globl __rop
                                     27 	.globl __bgtr
                                     28 	.globl __ilrcr
                                     29 	.globl __pwmg2dtl
                                     30 	.globl __pwmg2dth
                                     31 	.globl __pwmg2c
                                     32 	.globl __pwmg1dtl
                                     33 	.globl __pwmg1dth
                                     34 	.globl __pwmg1c
                                     35 	.globl __pwmgcubl
                                     36 	.globl __pwmgcubh
                                     37 	.globl __pwmg0dtl
                                     38 	.globl __pwmg0dth
                                     39 	.globl __pwmgclk
                                     40 	.globl __pwmg0c
                                     41 	.globl __tm3b
                                     42 	.globl __tm3s
                                     43 	.globl __tm3ct
                                     44 	.globl __tm3c
                                     45 	.globl __tm2b
                                     46 	.globl __tm2s
                                     47 	.globl __tm2ct
                                     48 	.globl __tm2c
                                     49 	.globl __gpcs
                                     50 	.globl __gpcc
                                     51 	.globl __misclvr
                                     52 	.globl __misc2
                                     53 	.globl __misc
                                     54 	.globl __adcrgc
                                     55 	.globl __adcr
                                     56 	.globl __adcm
                                     57 	.globl __adcc
                                     58 	.globl __pcpl
                                     59 	.globl __pbpl
                                     60 	.globl __pcph
                                     61 	.globl __pcc
                                     62 	.globl __pc
                                     63 	.globl __pbph
                                     64 	.globl __pbc
                                     65 	.globl __pb
                                     66 	.globl __paph
                                     67 	.globl __pac
                                     68 	.globl __pa
                                     69 	.globl __pcdier
                                     70 	.globl __pbdier
                                     71 	.globl __padier
                                     72 	.globl __integs
                                     73 	.globl __ihrcr
                                     74 	.globl __eoscr
                                     75 	.globl __t16m
                                     76 	.globl __intrq
                                     77 	.globl __inten
                                     78 	.globl __clkmd
                                     79 	.globl __sp
                                     80 	.globl __flag
                                     81 	.globl _i
                                     82 	.globl _adc_val
                                     83 	.globl _on_flag
                                     84 	.globl _mode3
                                     85 	.globl _mode
                                     86 	.globl _motor_val
                                     87 	.globl _timer_cnt
                                     88 	.globl __delay_loop_32_PARM_1
                                     89 	.globl __delay_loop_16_PARM_1
                                     90 	.globl __delay_loop_8_PARM_1
                                     91 ;--------------------------------------------------------
                                     92 ; special function registers
                                     93 ;--------------------------------------------------------
                                     94 	.area RSEG (ABS)
      000000                         95 	.org 0x0000
                           000000    96 __flag	=	0x0000
                           000002    97 __sp	=	0x0002
                           000003    98 __clkmd	=	0x0003
                           000004    99 __inten	=	0x0004
                           000005   100 __intrq	=	0x0005
                           000006   101 __t16m	=	0x0006
                           00000A   102 __eoscr	=	0x000a
                           00000B   103 __ihrcr	=	0x000b
                           00000C   104 __integs	=	0x000c
                           00000D   105 __padier	=	0x000d
                           00000E   106 __pbdier	=	0x000e
                           00000F   107 __pcdier	=	0x000f
                           000010   108 __pa	=	0x0010
                           000011   109 __pac	=	0x0011
                           000012   110 __paph	=	0x0012
                           000013   111 __pb	=	0x0013
                           000014   112 __pbc	=	0x0014
                           000015   113 __pbph	=	0x0015
                           000016   114 __pc	=	0x0016
                           000017   115 __pcc	=	0x0017
                           000018   116 __pcph	=	0x0018
                           000019   117 __pbpl	=	0x0019
                           00001A   118 __pcpl	=	0x001a
                           000020   119 __adcc	=	0x0020
                           000021   120 __adcm	=	0x0021
                           000022   121 __adcr	=	0x0022
                           000024   122 __adcrgc	=	0x0024
                           000026   123 __misc	=	0x0026
                           000027   124 __misc2	=	0x0027
                           000028   125 __misclvr	=	0x0028
                           00002B   126 __gpcc	=	0x002b
                           00002C   127 __gpcs	=	0x002c
                           000030   128 __tm2c	=	0x0030
                           000031   129 __tm2ct	=	0x0031
                           000032   130 __tm2s	=	0x0032
                           000033   131 __tm2b	=	0x0033
                           000034   132 __tm3c	=	0x0034
                           000035   133 __tm3ct	=	0x0035
                           000036   134 __tm3s	=	0x0036
                           000037   135 __tm3b	=	0x0037
                           000040   136 __pwmg0c	=	0x0040
                           000041   137 __pwmgclk	=	0x0041
                           000042   138 __pwmg0dth	=	0x0042
                           000043   139 __pwmg0dtl	=	0x0043
                           000044   140 __pwmgcubh	=	0x0044
                           000045   141 __pwmgcubl	=	0x0045
                           000046   142 __pwmg1c	=	0x0046
                           000048   143 __pwmg1dth	=	0x0048
                           000049   144 __pwmg1dtl	=	0x0049
                           00004C   145 __pwmg2c	=	0x004c
                           00004E   146 __pwmg2dth	=	0x004e
                           00004F   147 __pwmg2dtl	=	0x004f
                           000062   148 __ilrcr	=	0x0062
                           000063   149 __bgtr	=	0x0063
                           000067   150 __rop	=	0x0067
      000000                        151 __t16c::
      000000                        152 	.ds 2
                                    153 ;--------------------------------------------------------
                                    154 ; ram data
                                    155 ;--------------------------------------------------------
                                    156 	.area DATA
      000000                        157 __delay_loop_8_PARM_1:
      000000                        158 	.ds 1
      000001                        159 __delay_loop_16_PARM_1:
      000001                        160 	.ds 2
      000003                        161 __delay_loop_32_PARM_1:
      000003                        162 	.ds 4
      000007                        163 _timer_cnt::
      000007                        164 	.ds 1
      000008                        165 _motor_val::
      000008                        166 	.ds 1
      000009                        167 _mode::
      000009                        168 	.ds 1
      00000A                        169 _mode3::
      00000A                        170 	.ds 2
      00000C                        171 _on_flag::
      00000C                        172 	.ds 1
      00000D                        173 _adc_val::
      00000D                        174 	.ds 1
      00000E                        175 _i::
      00000E                        176 	.ds 1
      00000F                        177 _interrupt_sloc0_1_0:
      00000F                        178 	.ds 2
                                    179 ;--------------------------------------------------------
                                    180 ; overlayable items in ram
                                    181 ;--------------------------------------------------------
                                    182 ;--------------------------------------------------------
                                    183 ; Stack segment in internal ram
                                    184 ;--------------------------------------------------------
                                    185 	.area	SSEG
      000000                        186 __start__stack:
      000000                        187 	.ds	1
                                    188 
                                    189 ;--------------------------------------------------------
                                    190 ; absolute external ram data
                                    191 ;--------------------------------------------------------
                                    192 	.area DABS (ABS)
                                    193 ;--------------------------------------------------------
                                    194 ; interrupt vector
                                    195 ;--------------------------------------------------------
                                    196 	.area HOME
      000000                        197 __interrupt_vect:
                                    198 	.area	HEADER (ABS)
      000020                        199 	.org	 0x0020
      000020rA4r61                  200 	goto	_interrupt
                                    201 ;--------------------------------------------------------
                                    202 ; global & static initialisations
                                    203 ;--------------------------------------------------------
                                    204 	.area HOME
                                    205 	.area GSINIT
                                    206 	.area GSFINAL
                                    207 	.area GSINIT
                                    208 	.area	PREG (ABS)
      000000                        209 	.org 0x00
      000000                        210 p::
      000000                        211 	.ds 2
                                    212 	.area	HEADER (ABS)
      000000                        213 	.org 0x0000
      000000 00 00                  214 	nop
      000002r01r26                  215 	clear	p+1
      000004r00r57                  216 	mov	a, #s_OSEG
      000006r01r50                  217 	add	a, #l_OSEG + 1
      000008 FE 54                  218 	and	a, #0xfe
      00000A 02 01                  219 	mov.io	sp, a
      00000Cr2Er70                  220 	call	__sdcc_external_startup
      00000Er00r60                  221 	goto	s_GSINIT
                                    222 	.area GSINIT
      000000                        223 __sdcc_init_data:
      000000r00r57                  224 	mov	a, #s_DATA
      000002r00r17                  225 	mov	p, a
      000004r0Er60                  226 	goto	00002$
      000006                        227 00001$:
      000006 00 57                  228 	mov	a, #0x00
      000008r00r07                  229 	idxm	p, a
      00000Ar00r24                  230 	inc	p
      00000Cr00r57                  231 	mov	a, #s_DATA
      00000E                        232 00002$:
      00000Er00r50                  233 	add	a, #l_DATA
      000010r00r2E                  234 	ceqsn	a, p
      000012r06r60                  235 	goto	00001$
                                    236 ;	pfs173_TamNuoc.c: 118: uint8_t timer_cnt = 0, motor_val = 0;
      000014r07r26                  237 	clear	_timer_cnt+0
                                    238 ;	pfs173_TamNuoc.c: 118: uint8_t mode = 1;
      000016r08r26                  239 	clear	_motor_val+0
                                    240 ;	pfs173_TamNuoc.c: 119: uint16_t mode3 = 1;
      000018 01 57                  241 	mov	a, #0x01
      00001Ar09r17                  242 	mov	_mode+0, a
                                    243 ;	pfs173_TamNuoc.c: 120: uint8_t on_flag = 0;
      00001C 01 57                  244 	mov	a, #0x01
      00001Er0Ar17                  245 	mov	_mode3+0, a
      000020r0Br26                  246 	clear	_mode3+1
                                    247 ;	pfs173_TamNuoc.c: 121: uint8_t adc_val = 0;
      000022r0Cr26                  248 	clear	_on_flag+0
                                    249 ;	pfs173_TamNuoc.c: 122: uint8_t i = 0;
      000024r0Dr26                  250 	clear	_adc_val+0
                                    251 ;	pfs173_TamNuoc.c: 123: void main(void)
      000026r0Er26                  252 	clear	_i+0
                                    253 	.area GSFINAL
      000000r00r60                  254 	goto	__sdcc_program_startup
                                    255 ;--------------------------------------------------------
                                    256 ; Home
                                    257 ;--------------------------------------------------------
                                    258 	.area HOME
                                    259 	.area HOME
      000000                        260 __sdcc_program_startup:
      000000r98r60                  261 	goto	_main
                                    262 ;	return from main will return to caller
                                    263 ;--------------------------------------------------------
                                    264 ; code
                                    265 ;--------------------------------------------------------
                                    266 	.area CODE
                                    267 ;	delay.h: 34: void _delay_loop_8(uint8_t loop_ctr) {
                                    268 ;	-----------------------------------------
                                    269 ;	 function _delay_loop_8
                                    270 ;	-----------------------------------------
      000000                        271 __delay_loop_8:
                                    272 ;	delay.h: 44: __endasm;
      000000                        273 	00001$:
                                    274 ; 4 cycles per loop
      000000r00r23                  275 	dzsn	__delay_loop_8_PARM_1 ; 1 cycle + 1 cycle for final skip
      000002r00r60                  276 	goto	00001$ ; 2 cycles
      000004                        277 00101$:
                                    278 ;	delay.h: 45: }
      000004 7A 00                  279 	ret
                                    280 ;	delay.h: 48: void _delay_loop_16(uint16_t loop_ctr) {
                                    281 ;	-----------------------------------------
                                    282 ;	 function _delay_loop_16
                                    283 ;	-----------------------------------------
      000006                        284 __delay_loop_16:
                                    285 ;	delay.h: 65: __endasm;
      000006                        286 	00001$:
                                    287 ; 8 cycles per loop
      000006 00 00                  288 	nop	; 1 cycle
      000008r01r25                  289 	dec	__delay_loop_16_PARM_1+0 ; 1 cycle
      00000Ar02r21                  290 	subc	__delay_loop_16_PARM_1+1 ; 1 cycle
      00000Cr01r1F                  291 	mov	a, __delay_loop_16_PARM_1+0 ; 1 cycle
      00000Er02r1D                  292 	or	a, __delay_loop_16_PARM_1+1 ; 1 cycle
      000010 00 34                  293 	t1sn	f, z ; 1 cycle + 1 cycle for final skip
      000012r06r60                  294 	goto	00001$ ; 2 cycles
      000014                        295 00101$:
                                    296 ;	delay.h: 66: }
      000014 7A 00                  297 	ret
                                    298 ;	delay.h: 69: void _delay_loop_32(uint32_t loop_ctr) {
                                    299 ;	-----------------------------------------
                                    300 ;	 function _delay_loop_32
                                    301 ;	-----------------------------------------
      000016                        302 __delay_loop_32:
                                    303 ;	delay.h: 94: __endasm;
      000016                        304 	00001$:
                                    305 ; 12 cycles per loop
      000016 00 00                  306 	nop	; 1 cycle
      000018r03r25                  307 	dec	__delay_loop_32_PARM_1+0 ; 1 cycle
      00001Ar04r21                  308 	subc	__delay_loop_32_PARM_1+1 ; 1 cycle
      00001Cr05r21                  309 	subc	__delay_loop_32_PARM_1+2 ; 1 cycle
      00001Er06r21                  310 	subc	__delay_loop_32_PARM_1+3 ; 1 cycle
      000020r03r1F                  311 	mov	a, __delay_loop_32_PARM_1+0 ; 1 cycle
      000022r04r1D                  312 	or	a, __delay_loop_32_PARM_1+1 ; 1 cycle
      000024r05r1D                  313 	or	a, __delay_loop_32_PARM_1+2 ; 1 cycle
      000026r06r1D                  314 	or	a, __delay_loop_32_PARM_1+3 ; 1 cycle
      000028 00 34                  315 	t1sn	f, z ; 1 cycle + 1 cycle for final skip
      00002Ar16r60                  316 	goto	00001$ ; 2 cycles
      00002C                        317 00101$:
                                    318 ;	delay.h: 95: }
      00002C 7A 00                  319 	ret
                                    320 ;	pfs173_TamNuoc.c: 57: uint8_t _sdcc_external_startup(void)
                                    321 ;	-----------------------------------------
                                    322 ;	 function _sdcc_external_startup
                                    323 ;	-----------------------------------------
      00002E                        324 __sdcc_external_startup:
                                    325 ;	pfs173_TamNuoc.c: 59: EASY_PDK_INIT_SYSCLOCK_1MHZ();		  // use 8MHz sysclock
      00002E 1C 57                  326 	mov	a, #0x1c
      000030 03 01                  327 	mov.io	__clkmd, a
                                    328 ;	pfs173_TamNuoc.c: 60: EASY_PDK_CALIBRATE_IHRC(F_CPU, 3000); // tune SYSCLK to 8MHz @ 4.000V
      000032 52 54                  329 	and	a, #'R'                        
      000034 43 54                  330 	and	a, #'C'                        
      000036 01 54                  331 	and	a, #((1))          
      000038 40 54                  332 	and	a, #((1000000))     
      00003A 42 54                  333 	and	a, #((1000000)>>8)  
      00003C 0F 54                  334 	and	a, #((1000000)>>16) 
      00003E 00 54                  335 	and	a, #((1000000)>>24) 
      000040 B8 54                  336 	and	a, #((3000))     
      000042 0B 54                  337 	and	a, #((3000)>>8)  
      000044 0B 54                  338 	and	a, #((0x0B))           
                                    339 ;	pfs173_TamNuoc.c: 61: return 0;							  // perform normal initialization
                                    340 ;	pfs173_TamNuoc.c: 62: }
      000046 00 02                  341 	ret	#0x00
                                    342 ;	pfs173_TamNuoc.c: 63: void GPIO_begin(void)
                                    343 ;	-----------------------------------------
                                    344 ;	 function GPIO_begin
                                    345 ;	-----------------------------------------
      000048                        346 _GPIO_begin:
                                    347 ;	pfs173_TamNuoc.c: 66: setb(PxC_LED_1, PIN_LED_1);
      000048 91 3F                  348 	set1.io	__pac, #7
                                    349 ;	pfs173_TamNuoc.c: 67: setb(PxC_LED_2, PIN_LED_2);
      00004A 11 3E                  350 	set1.io	__pac, #4
                                    351 ;	pfs173_TamNuoc.c: 68: setb(PxC_LED_3, PIN_LED_3);
      00004C 14 3F                  352 	set1.io	__pbc, #6
                                    353 ;	pfs173_TamNuoc.c: 69: setb(PxC_LED_4, PIN_LED_4);
      00004E 11 3F                  354 	set1.io	__pac, #6
                                    355 ;	pfs173_TamNuoc.c: 71: setb(Px_LED_1, PIN_LED_1);
      000050 90 3F                  356 	set1.io	__pa, #7
                                    357 ;	pfs173_TamNuoc.c: 72: setb(Px_LED_2, PIN_LED_2);
      000052 10 3E                  358 	set1.io	__pa, #4
                                    359 ;	pfs173_TamNuoc.c: 73: setb(Px_LED_3, PIN_LED_3);
      000054 13 3F                  360 	set1.io	__pb, #6
                                    361 ;	pfs173_TamNuoc.c: 74: setb(Px_LED_4, PIN_LED_4);
      000056 10 3F                  362 	set1.io	__pa, #6
                                    363 ;	pfs173_TamNuoc.c: 77: setb(PxC_MOTOR, PIN_MOTOR);
      000058 11 3C                  364 	set1.io	__pac, #0
                                    365 ;	pfs173_TamNuoc.c: 81: clrb(PxC_SW_1, PIN_SW_1);	 //
      00005A 94 39                  366 	set0.io	__pbc, #3
                                    367 ;	pfs173_TamNuoc.c: 82: setb(PxPH_SW_1, PIN_SW_1);	 // set BUTTON pin as input
      00005C 95 3D                  368 	set1.io	__pbph, #3
                                    369 ;	pfs173_TamNuoc.c: 83: setb(PxDIER_SW_1, PIN_SW_1); //
      00005E 8E 3D                  370 	set1.io	__pbdier, #3
                                    371 ;	pfs173_TamNuoc.c: 87: clrb(PxC_SW_2, PIN_SW_2);	 //
      000060 14 39                  372 	set0.io	__pbc, #2
                                    373 ;	pfs173_TamNuoc.c: 88: setb(PxPH_SW_2, PIN_SW_2);	 // set BUTTON pin as input
      000062 15 3D                  374 	set1.io	__pbph, #2
                                    375 ;	pfs173_TamNuoc.c: 89: clrb(PxDIER_SW_2, PIN_SW_2); //
      000064 0E 39                  376 	set0.io	__pbdier, #2
                                    377 ;	pfs173_TamNuoc.c: 92: ADCRGC = ADCRG_ADC_REF_VDD;				  // ADC reference voltage is VDD
      000066 00 57                  378 	mov	a, #0x00
      000068 24 01                  379 	mov.io	__adcrgc, a
                                    380 ;	pfs173_TamNuoc.c: 93: ADCM = ADCM_CLK_SYSCLK_DIV16;			  // SYSCLK 8MHZ/16 -> 500 kHz ADC clock
      00006A 08 57                  381 	mov	a, #0x08
      00006C 21 01                  382 	mov.io	__adcm, a
                                    383 ;	pfs173_TamNuoc.c: 95: clrb(PxC_ADC, PIN_ADC);					  // disable PA.0 GPIO output
      00006E 14 38                  384 	set0.io	__pbc, #0
                                    385 ;	pfs173_TamNuoc.c: 96: clrb(PxPH_ADC, PIN_ADC);				  // disable pull up on PA.0, NOTE: also disable PxPL if available (e.g. on port B)
      000070 15 38                  386 	set0.io	__pbph, #0
                                    387 ;	pfs173_TamNuoc.c: 97: clrb(PxDIER_ADC, PIN_ADC);				  // disable PA.0 GPIO input
      000072 0E 38                  388 	set0.io	__pbdier, #0
                                    389 ;	pfs173_TamNuoc.c: 98: ADCC = ADCC_ADC_ENABLE | ADCC_CH_AD0_PB0; // enable ADC and use channel 10 (PA.0)
      000074 80 57                  390 	mov	a, #0x80
      000076 20 01                  391 	mov.io	__adcc, a
                                    392 ;	pfs173_TamNuoc.c: 100: }
      000078 7A 00                  393 	ret
                                    394 ;	pfs173_TamNuoc.c: 102: uint8_t ADC_read()
                                    395 ;	-----------------------------------------
                                    396 ;	 function ADC_read
                                    397 ;	-----------------------------------------
      00007A                        398 _ADC_read:
                                    399 ;	pfs173_TamNuoc.c: 104: ADCC |= ADCC_ADC_CONV_START; // start ADC conversion
      00007A 20 3F                  400 	set1.io	__adcc, #6
                                    401 ;	pfs173_TamNuoc.c: 105: while (!(ADCC & ADCC_ADC_CONV_COMPLETE))
      00007C                        402 00101$:
      00007C A0 01                  403 	mov.io	a, __adcc
      00007E 40 54                  404 	and	a, #0x40
      000080 00 53                  405 	cneqsn	a, #0x00
      000082r7Cr60                  406 	goto	00101$
                                    407 ;	pfs173_TamNuoc.c: 108: return ADCR; // read the ADC value
      000084 A2 01                  408 	mov.io	a, __adcr
                                    409 ;	pfs173_TamNuoc.c: 109: }
      000086 7A 00                  410 	ret
                                    411 ;	pfs173_TamNuoc.c: 110: void TIM3_begin()
                                    412 ;	-----------------------------------------
                                    413 ;	 function TIM3_begin
                                    414 ;	-----------------------------------------
      000088                        415 _TIM3_begin:
                                    416 ;	pfs173_TamNuoc.c: 112: TM3C = TM3C_CLK_IHRC;							// Use IHRC -> 16 Mhz
      000088 20 57                  417 	mov	a, #0x20
      00008A 34 01                  418 	mov.io	__tm3c, a
                                    419 ;	pfs173_TamNuoc.c: 113: TM3S = TM3S_PRESCALE_NONE | TM3S_PRESCALE_DIV4; // No prescale, scale 64 ~> 0.25MHz
      00008C 20 57                  420 	mov	a, #0x20
      00008E 36 01                  421 	mov.io	__tm3s, a
                                    422 ;	pfs173_TamNuoc.c: 114: TM3B = 62;										// Divide by 62 ~> 4000 Hz 0.25ms
      000090 3E 57                  423 	mov	a, #0x3e
      000092 37 01                  424 	mov.io	__tm3b, a
                                    425 ;	pfs173_TamNuoc.c: 116: INTEN |= INTEN_TM3; // Enable TM2 interrupt, send out initial stop bits and autobaud char
      000094 84 3F                  426 	set1.io	__inten, #7
                                    427 ;	pfs173_TamNuoc.c: 117: }
      000096 7A 00                  428 	ret
                                    429 ;	pfs173_TamNuoc.c: 124: void main(void)
                                    430 ;	-----------------------------------------
                                    431 ;	 function main
                                    432 ;	-----------------------------------------
      000098                        433 _main:
                                    434 ;	pfs173_TamNuoc.c: 126: TIM3_begin();
      000098r88r70                  435 	call	_TIM3_begin
                                    436 ;	pfs173_TamNuoc.c: 127: GPIO_begin();
      00009Ar48r70                  437 	call	_GPIO_begin
                                    438 ;	pfs173_TamNuoc.c: 129: INTRQ = 0;
      00009C 00 57                  439 	mov	a, #0x00
      00009E 05 01                  440 	mov.io	__intrq, a
                                    441 ;	pfs173_TamNuoc.c: 130: sei(); // Enable global interrupts
      0000A0 78 00                  442 	engint
                                    443 ;	pfs173_TamNuoc.c: 131: while (1)
      0000A2                        444 00129$:
                                    445 ;	pfs173_TamNuoc.c: 134: if (inbit(Px_SW_1, PIN_SW_1) == 0)
      0000A2 93 01                  446 	mov.io	a, __pb
      0000A4 08 54                  447 	and	a, #0x08
      0000A6 6A 00                  448 	sr	a
      0000A8 6A 00                  449 	sr	a
      0000AA 6A 00                  450 	sr	a
      0000AC 00 52                  451 	ceqsn	a, #0x00
      0000AErCAr60                  452 	goto	00105$
                                    453 ;	pfs173_TamNuoc.c: 136: while (inbit(Px_SW_1, PIN_SW_1) == 0)
      0000B0                        454 00101$:
      0000B0 93 01                  455 	mov.io	a, __pb
      0000B2 08 54                  456 	and	a, #0x08
      0000B4 6A 00                  457 	sr	a
      0000B6 6A 00                  458 	sr	a
      0000B8 6A 00                  459 	sr	a
      0000BA 00 53                  460 	cneqsn	a, #0x00
      0000BCrB0r60                  461 	goto	00101$
                                    462 ;	pfs173_TamNuoc.c: 138: on_flag = 0;
      0000BEr0Cr26                  463 	clear	_on_flag+0
                                    464 ;	pfs173_TamNuoc.c: 139: _delay_ms(100);
      0000C0 D2 57                  465 	mov	a, #0xd2
      0000C2r01r17                  466 	mov	__delay_loop_16_PARM_1+0, a
      0000C4 30 57                  467 	mov	a, #0x30
      0000C6r02r17                  468 	mov	__delay_loop_16_PARM_1+1, a
      0000C8r06r70                  469 	call	__delay_loop_16
      0000CA                        470 00105$:
                                    471 ;	pfs173_TamNuoc.c: 142: _delay_ms(10);
      0000CA E0 57                  472 	mov	a, #0xe0
      0000CCr01r17                  473 	mov	__delay_loop_16_PARM_1+0, a
      0000CE 04 57                  474 	mov	a, #0x04
      0000D0r02r17                  475 	mov	__delay_loop_16_PARM_1+1, a
      0000D2r06r70                  476 	call	__delay_loop_16
                                    477 ;	pfs173_TamNuoc.c: 145: i = 0;
      0000D4r0Er26                  478 	clear	_i+0
                                    479 ;	pfs173_TamNuoc.c: 146: while (on_flag == 0)
      0000D6                        480 00112$:
      0000D6r0Cr1F                  481 	mov	a, _on_flag+0
      0000D8 00 52                  482 	ceqsn	a, #0x00
      0000DAr34r61                  483 	goto	00114$
                                    484 ;	pfs173_TamNuoc.c: 148: INTEN &= ~INTEN_TM3; // Enable TM2 interrupt, send out initial stop bits and autobaud char
      0000DC 84 3B                  485 	set0.io	__inten, #7
                                    486 ;	pfs173_TamNuoc.c: 149: on_flag = 0;
      0000DEr0Cr26                  487 	clear	_on_flag+0
                                    488 ;	pfs173_TamNuoc.c: 150: motor_val = 0;
      0000E0r08r26                  489 	clear	_motor_val+0
                                    490 ;	pfs173_TamNuoc.c: 151: clrb(Px_MOTOR, PIN_MOTOR);
      0000E2 10 38                  491 	set0.io	__pa, #0
                                    492 ;	pfs173_TamNuoc.c: 152: setb(Px_LED_1, PIN_LED_1);
      0000E4 90 3F                  493 	set1.io	__pa, #7
                                    494 ;	pfs173_TamNuoc.c: 153: setb(Px_LED_2, PIN_LED_2);
      0000E6 10 3E                  495 	set1.io	__pa, #4
                                    496 ;	pfs173_TamNuoc.c: 154: setb(Px_LED_3, PIN_LED_3);
      0000E8 13 3F                  497 	set1.io	__pb, #6
                                    498 ;	pfs173_TamNuoc.c: 155: setb(Px_LED_4, PIN_LED_4);
      0000EA 10 3F                  499 	set1.io	__pa, #6
      0000EC                        500 00132$:
                                    501 ;	pfs173_TamNuoc.c: 156: for (; i < 8; i++)
      0000ECr0Er1F                  502 	mov	a, _i+0
      0000EE 08 51                  503 	sub	a, #0x08
      0000F0 80 34                  504 	t1sn.io	f, c
      0000F2r06r61                  505 	goto	00106$
                                    506 ;	pfs173_TamNuoc.c: 158: daobit(Px_LED_4, PIN_LED_4);
      0000F4 40 57                  507 	mov	a, #0x40
      0000F6 90 00                  508 	xor.io	__pa, a
                                    509 ;	pfs173_TamNuoc.c: 159: _delay_ms(50);
      0000F8 68 57                  510 	mov	a, #0x68
      0000FAr01r17                  511 	mov	__delay_loop_16_PARM_1+0, a
      0000FC 18 57                  512 	mov	a, #0x18
      0000FEr02r17                  513 	mov	__delay_loop_16_PARM_1+1, a
      000100r06r70                  514 	call	__delay_loop_16
                                    515 ;	pfs173_TamNuoc.c: 156: for (; i < 8; i++)
      000102r0Er24                  516 	inc	_i+0
      000104rECr60                  517 	goto	00132$
      000106                        518 00106$:
                                    519 ;	pfs173_TamNuoc.c: 161: __stopsys(); // deep sleep
      000106 76 00                  520 	stopsys
                                    521 ;	pfs173_TamNuoc.c: 162: if (inbit(Px_SW_1, PIN_SW_1) == 0)
      000108 93 01                  522 	mov.io	a, __pb
      00010A 08 54                  523 	and	a, #0x08
      00010C 6A 00                  524 	sr	a
      00010E 6A 00                  525 	sr	a
      000110 6A 00                  526 	sr	a
      000112 00 52                  527 	ceqsn	a, #0x00
      000114rD6r60                  528 	goto	00112$
                                    529 ;	pfs173_TamNuoc.c: 164: _delay_ms(100);
      000116 D2 57                  530 	mov	a, #0xd2
      000118r01r17                  531 	mov	__delay_loop_16_PARM_1+0, a
      00011A 30 57                  532 	mov	a, #0x30
      00011Cr02r17                  533 	mov	__delay_loop_16_PARM_1+1, a
      00011Er06r70                  534 	call	__delay_loop_16
                                    535 ;	pfs173_TamNuoc.c: 165: while (inbit(Px_SW_1, PIN_SW_1) == 0)
      000120                        536 00107$:
      000120 93 01                  537 	mov.io	a, __pb
      000122 08 54                  538 	and	a, #0x08
      000124 6A 00                  539 	sr	a
      000126 6A 00                  540 	sr	a
      000128 6A 00                  541 	sr	a
      00012A 00 53                  542 	cneqsn	a, #0x00
      00012Cr20r61                  543 	goto	00107$
                                    544 ;	pfs173_TamNuoc.c: 168: INTEN |= INTEN_TM3; // Enable TM2 interrupt, send out initial stop bits and autobaud char
      00012E 84 3F                  545 	set1.io	__inten, #7
                                    546 ;	pfs173_TamNuoc.c: 169: on_flag = 1;
      000130 01 57                  547 	mov	a, #0x01
      000132r0Cr17                  548 	mov	_on_flag+0, a
                                    549 ;	pfs173_TamNuoc.c: 170: break;
      000134                        550 00114$:
                                    551 ;	pfs173_TamNuoc.c: 174: if (inbit(Px_SW_2, PIN_SW_2) == 0)
      000134 93 01                  552 	mov.io	a, __pb
      000136 04 54                  553 	and	a, #0x04
      000138 6A 00                  554 	sr	a
      00013A 6A 00                  555 	sr	a
      00013C 00 52                  556 	ceqsn	a, #0x00
      00013Er64r61                  557 	goto	00121$
                                    558 ;	pfs173_TamNuoc.c: 176: while (inbit(Px_SW_2, PIN_SW_2) == 0)
      000140                        559 00115$:
      000140 93 01                  560 	mov.io	a, __pb
      000142 04 54                  561 	and	a, #0x04
      000144 6A 00                  562 	sr	a
      000146 6A 00                  563 	sr	a
      000148 00 53                  564 	cneqsn	a, #0x00
      00014Ar40r61                  565 	goto	00115$
                                    566 ;	pfs173_TamNuoc.c: 178: mode++;
      00014Cr09r24                  567 	inc	_mode+0
                                    568 ;	pfs173_TamNuoc.c: 179: if (mode > 4)
      00014E 04 57                  569 	mov	a, #0x04
      000150r09r19                  570 	sub	a, _mode+0
      000152 80 34                  571 	t1sn.io	f, c
      000154r5Ar61                  572 	goto	00119$
                                    573 ;	pfs173_TamNuoc.c: 181: mode = 1;
      000156 01 57                  574 	mov	a, #0x01
      000158r09r17                  575 	mov	_mode+0, a
      00015A                        576 00119$:
                                    577 ;	pfs173_TamNuoc.c: 183: _delay_ms(100);
      00015A D2 57                  578 	mov	a, #0xd2
      00015Cr01r17                  579 	mov	__delay_loop_16_PARM_1+0, a
      00015E 30 57                  580 	mov	a, #0x30
      000160r02r17                  581 	mov	__delay_loop_16_PARM_1+1, a
      000162r06r70                  582 	call	__delay_loop_16
      000164                        583 00121$:
                                    584 ;	pfs173_TamNuoc.c: 185: switch (mode)
      000164r09r1F                  585 	mov	a, _mode+0
      000166 01 53                  586 	cneqsn	a, #0x01
      000168r7Er61                  587 	goto	00122$
      00016A                        588 00204$:
      00016Ar09r1F                  589 	mov	a, _mode+0
      00016C 02 53                  590 	cneqsn	a, #0x02
      00016Er88r61                  591 	goto	00123$
      000170r09r1F                  592 	mov	a, _mode+0
      000172 03 53                  593 	cneqsn	a, #0x03
      000174r92r61                  594 	goto	00124$
      000176                        595 00206$:
      000176r09r1F                  596 	mov	a, _mode+0
      000178 04 53                  597 	cneqsn	a, #0x04
      00017Ar98r61                  598 	goto	00125$
      00017C                        599 00207$:
      00017CrA2r60                  600 	goto	00129$
                                    601 ;	pfs173_TamNuoc.c: 187: case 1:
      00017E                        602 00122$:
                                    603 ;	pfs173_TamNuoc.c: 188: motor_val = 100;
      00017E 64 57                  604 	mov	a, #0x64
      000180r08r17                  605 	mov	_motor_val+0, a
                                    606 ;	pfs173_TamNuoc.c: 189: setb(Px_LED_4, PIN_LED_4);
      000182 10 3F                  607 	set1.io	__pa, #6
                                    608 ;	pfs173_TamNuoc.c: 190: clrb(Px_LED_1, PIN_LED_1);
      000184 90 3B                  609 	set0.io	__pa, #7
                                    610 ;	pfs173_TamNuoc.c: 191: break;
      000186rA2r60                  611 	goto	00129$
                                    612 ;	pfs173_TamNuoc.c: 193: case 2:
      000188                        613 00123$:
                                    614 ;	pfs173_TamNuoc.c: 194: motor_val = 60;
      000188 3C 57                  615 	mov	a, #0x3c
      00018Ar08r17                  616 	mov	_motor_val+0, a
                                    617 ;	pfs173_TamNuoc.c: 195: setb(Px_LED_1, PIN_LED_1);
      00018C 90 3F                  618 	set1.io	__pa, #7
                                    619 ;	pfs173_TamNuoc.c: 196: clrb(Px_LED_2, PIN_LED_2);
      00018E 10 3A                  620 	set0.io	__pa, #4
                                    621 ;	pfs173_TamNuoc.c: 197: break;
      000190rA2r60                  622 	goto	00129$
                                    623 ;	pfs173_TamNuoc.c: 199: case 3:
      000192                        624 00124$:
                                    625 ;	pfs173_TamNuoc.c: 200: setb(Px_LED_2, PIN_LED_2);
      000192 10 3E                  626 	set1.io	__pa, #4
                                    627 ;	pfs173_TamNuoc.c: 201: clrb(Px_LED_3, PIN_LED_3);
      000194 13 3B                  628 	set0.io	__pb, #6
                                    629 ;	pfs173_TamNuoc.c: 202: break;
      000196rA2r60                  630 	goto	00129$
                                    631 ;	pfs173_TamNuoc.c: 204: case 4:
      000198                        632 00125$:
                                    633 ;	pfs173_TamNuoc.c: 205: motor_val = 25;
      000198 19 57                  634 	mov	a, #0x19
      00019Ar08r17                  635 	mov	_motor_val+0, a
                                    636 ;	pfs173_TamNuoc.c: 206: setb(Px_LED_3, PIN_LED_3);
      00019C 13 3F                  637 	set1.io	__pb, #6
                                    638 ;	pfs173_TamNuoc.c: 207: clrb(Px_LED_4, PIN_LED_4);
      00019E 10 3B                  639 	set0.io	__pa, #6
                                    640 ;	pfs173_TamNuoc.c: 208: break;
      0001A0rA2r60                  641 	goto	00129$
                                    642 ;	pfs173_TamNuoc.c: 212: }
                                    643 ;	pfs173_TamNuoc.c: 214: }
      0001A2 7A 00                  644 	ret
                                    645 ;	pfs173_TamNuoc.c: 216: void interrupt(void) __interrupt(0)
                                    646 ;	-----------------------------------------
                                    647 ;	 function interrupt
                                    648 ;	-----------------------------------------
      0001A4                        649 _interrupt:
      0001A4 72 00                  650 	push	af
      0001A6r00r1F                  651 	mov	a, p
      0001A8 72 00                  652 	push	af
                                    653 ;	pfs173_TamNuoc.c: 218: if (INTRQ & INTRQ_TM3)
      0001AA 85 01                  654 	mov.io	a, __intrq
      0001AC 80 54                  655 	and	a, #0x80
      0001AE 00 53                  656 	cneqsn	a, #0x00
      0001B0r14r62                  657 	goto	00118$
                                    658 ;	pfs173_TamNuoc.c: 220: timer_cnt++;
      0001B2r07r24                  659 	inc	_timer_cnt+0
                                    660 ;	pfs173_TamNuoc.c: 221: if (timer_cnt >= 100)
      0001B4r07r1F                  661 	mov	a, _timer_cnt+0
      0001B6 64 51                  662 	sub	a, #0x64
      0001B8 80 30                  663 	t0sn.io	f, c
      0001BArBEr61                  664 	goto	00102$
                                    665 ;	pfs173_TamNuoc.c: 223: timer_cnt = 0;
      0001BCr07r26                  666 	clear	_timer_cnt+0
      0001BE                        667 00102$:
                                    668 ;	pfs173_TamNuoc.c: 225: if (mode == 3)
      0001BEr09r1F                  669 	mov	a, _mode+0
      0001C0 03 52                  670 	ceqsn	a, #0x03
      0001C2r04r62                  671 	goto	00112$
                                    672 ;	pfs173_TamNuoc.c: 227: if (mode3 == 1)
      0001C4r0Ar1F                  673 	mov	a, _mode3+0
      0001C6r0Fr17                  674 	mov	_interrupt_sloc0_1_0+0, a
      0001C8r0Br1F                  675 	mov	a, _mode3+1
      0001CAr10r17                  676 	mov	_interrupt_sloc0_1_0+1, a
      0001CCr0Fr1F                  677 	mov	a, _interrupt_sloc0_1_0+0
      0001CE 01 52                  678 	ceqsn	a, #0x01
      0001D0rDEr61                  679 	goto	00109$
      0001D2r10r1F                  680 	mov	a, _interrupt_sloc0_1_0+1
      0001D4 00 52                  681 	ceqsn	a, #0x00
      0001D6rDEr61                  682 	goto	00109$
                                    683 ;	pfs173_TamNuoc.c: 229: motor_val = 100;
      0001D8 64 57                  684 	mov	a, #0x64
      0001DAr08r17                  685 	mov	_motor_val+0, a
      0001DCr00r62                  686 	goto	00110$
      0001DE                        687 00109$:
                                    688 ;	pfs173_TamNuoc.c: 231: else if (mode3 == 5000)
      0001DEr0Fr1F                  689 	mov	a, _interrupt_sloc0_1_0+0
      0001E0 88 52                  690 	ceqsn	a, #0x88
      0001E2rF0r61                  691 	goto	00106$
      0001E4r10r1F                  692 	mov	a, _interrupt_sloc0_1_0+1
      0001E6 13 52                  693 	ceqsn	a, #0x13
      0001E8rF0r61                  694 	goto	00106$
                                    695 ;	pfs173_TamNuoc.c: 233: motor_val = 60;
      0001EA 3C 57                  696 	mov	a, #0x3c
      0001ECr08r17                  697 	mov	_motor_val+0, a
      0001EEr00r62                  698 	goto	00110$
      0001F0                        699 00106$:
                                    700 ;	pfs173_TamNuoc.c: 235: else if (mode3 == 8000)
      0001F0r0Fr1F                  701 	mov	a, _interrupt_sloc0_1_0+0
      0001F2 40 52                  702 	ceqsn	a, #0x40
      0001F4r00r62                  703 	goto	00110$
      0001F6r10r1F                  704 	mov	a, _interrupt_sloc0_1_0+1
      0001F8 1F 52                  705 	ceqsn	a, #0x1f
      0001FAr00r62                  706 	goto	00110$
                                    707 ;	pfs173_TamNuoc.c: 237: mode3 = 0;
      0001FCr0Ar26                  708 	clear	_mode3+0
      0001FEr0Br26                  709 	clear	_mode3+1
      000200                        710 00110$:
                                    711 ;	pfs173_TamNuoc.c: 239: mode3++;
      000200r0Ar24                  712 	inc	_mode3+0
      000202r0Br20                  713 	addc	_mode3+1
      000204                        714 00112$:
                                    715 ;	pfs173_TamNuoc.c: 241: if (timer_cnt < motor_val)
      000204r07r1F                  716 	mov	a, _timer_cnt+0
      000206r08r19                  717 	sub	a, _motor_val+0
      000208 80 34                  718 	t1sn.io	f, c
      00020Ar10r62                  719 	goto	00114$
                                    720 ;	pfs173_TamNuoc.c: 243: setb(Px_MOTOR, PIN_MOTOR);
      00020C 10 3C                  721 	set1.io	__pa, #0
      00020Er12r62                  722 	goto	00115$
      000210                        723 00114$:
                                    724 ;	pfs173_TamNuoc.c: 247: clrb(Px_MOTOR, PIN_MOTOR);
      000210 10 38                  725 	set0.io	__pa, #0
      000212                        726 00115$:
                                    727 ;	pfs173_TamNuoc.c: 250: INTRQ &= ~INTRQ_TM3;
      000212 85 3B                  728 	set0.io	__intrq, #7
      000214                        729 00118$:
                                    730 ;	pfs173_TamNuoc.c: 252: }
      000214 73 00                  731 	pop	af
      000216r00r17                  732 	mov	p, a
      000218 73 00                  733 	pop	af
      00021A 7B 00                  734 	reti
                                    735 	.area CODE
                                    736 	.area CONST
                                    737 	.area CABS (ABS)
