                                      1 ;--------------------------------------------------------
                                      2 ; File Created by SDCC : free open source ANSI-C Compiler
                                      3 ; Version 4.2.0 #13081 (MINGW64)
                                      4 ;--------------------------------------------------------
                                      5 	.module pdk_24c
                                      6 	.optsdcc -mpdk15
                                      7 	
                                      8 
                                      9 ; default segment ordering in RAM for linker
                                     10 	.area DATA
                                     11 	.area OSEG (OVR,DATA)
                                     12 
                                     13 ;--------------------------------------------------------
                                     14 ; Public variables in this module
                                     15 ;--------------------------------------------------------
                                     16 	.globl __delay_loop_16
                                     17 	.globl _I2C_available
                                     18 	.globl _I2C_read
                                     19 	.globl _I2C_requestFrom
                                     20 	.globl _I2C_endTransmission
                                     21 	.globl _I2C_writeBuf
                                     22 	.globl _I2C_write
                                     23 	.globl _I2C_beginTransmission
                                     24 	.globl __t16c
                                     25 	.globl __rop
                                     26 	.globl __bgtr
                                     27 	.globl __ilrcr
                                     28 	.globl __pwmg2dtl
                                     29 	.globl __pwmg2dth
                                     30 	.globl __pwmg2c
                                     31 	.globl __pwmg1dtl
                                     32 	.globl __pwmg1dth
                                     33 	.globl __pwmg1c
                                     34 	.globl __pwmgcubl
                                     35 	.globl __pwmgcubh
                                     36 	.globl __pwmg0dtl
                                     37 	.globl __pwmg0dth
                                     38 	.globl __pwmgclk
                                     39 	.globl __pwmg0c
                                     40 	.globl __tm3b
                                     41 	.globl __tm3s
                                     42 	.globl __tm3ct
                                     43 	.globl __tm3c
                                     44 	.globl __tm2b
                                     45 	.globl __tm2s
                                     46 	.globl __tm2ct
                                     47 	.globl __tm2c
                                     48 	.globl __gpcs
                                     49 	.globl __gpcc
                                     50 	.globl __misclvr
                                     51 	.globl __misc2
                                     52 	.globl __misc
                                     53 	.globl __adcrgc
                                     54 	.globl __adcr
                                     55 	.globl __adcm
                                     56 	.globl __adcc
                                     57 	.globl __pcpl
                                     58 	.globl __pbpl
                                     59 	.globl __pcph
                                     60 	.globl __pcc
                                     61 	.globl __pc
                                     62 	.globl __pbph
                                     63 	.globl __pbc
                                     64 	.globl __pb
                                     65 	.globl __paph
                                     66 	.globl __pac
                                     67 	.globl __pa
                                     68 	.globl __pcdier
                                     69 	.globl __pbdier
                                     70 	.globl __padier
                                     71 	.globl __integs
                                     72 	.globl __ihrcr
                                     73 	.globl __eoscr
                                     74 	.globl __t16m
                                     75 	.globl __intrq
                                     76 	.globl __inten
                                     77 	.globl __clkmd
                                     78 	.globl __sp
                                     79 	.globl __flag
                                     80 	.globl _AT24C_readBuf_PARM_3
                                     81 	.globl _AT24C_readBuf_PARM_2
                                     82 	.globl _AT24C_readBuf_PARM_1
                                     83 	.globl _AT24C_writeBuf2_PARM_3
                                     84 	.globl _AT24C_writeBuf2_PARM_2
                                     85 	.globl _AT24C_writeBuf2_PARM_1
                                     86 	.globl _AT24C_writeBuf_PARM_3
                                     87 	.globl _AT24C_writeBuf_PARM_2
                                     88 	.globl _AT24C_writeBuf_PARM_1
                                     89 	.globl _AT24C_read_PARM_1
                                     90 	.globl _AT24C_write_PARM_2
                                     91 	.globl _AT24C_write_PARM_1
                                     92 	.globl _AT24C_write
                                     93 	.globl _AT24C_read
                                     94 	.globl _AT24C_erase
                                     95 	.globl _AT24C_writeBuf
                                     96 	.globl _AT24C_writeBuf2
                                     97 	.globl _AT24C_readBuf
                                     98 ;--------------------------------------------------------
                                     99 ; special function registers
                                    100 ;--------------------------------------------------------
                                    101 	.area RSEG (ABS)
      000000                        102 	.org 0x0000
                           000000   103 __flag	=	0x0000
                           000002   104 __sp	=	0x0002
                           000003   105 __clkmd	=	0x0003
                           000004   106 __inten	=	0x0004
                           000005   107 __intrq	=	0x0005
                           000006   108 __t16m	=	0x0006
                           00000A   109 __eoscr	=	0x000a
                           00000B   110 __ihrcr	=	0x000b
                           00000C   111 __integs	=	0x000c
                           00000D   112 __padier	=	0x000d
                           00000E   113 __pbdier	=	0x000e
                           00000F   114 __pcdier	=	0x000f
                           000010   115 __pa	=	0x0010
                           000011   116 __pac	=	0x0011
                           000012   117 __paph	=	0x0012
                           000013   118 __pb	=	0x0013
                           000014   119 __pbc	=	0x0014
                           000015   120 __pbph	=	0x0015
                           000016   121 __pc	=	0x0016
                           000017   122 __pcc	=	0x0017
                           000018   123 __pcph	=	0x0018
                           000019   124 __pbpl	=	0x0019
                           00001A   125 __pcpl	=	0x001a
                           000020   126 __adcc	=	0x0020
                           000021   127 __adcm	=	0x0021
                           000022   128 __adcr	=	0x0022
                           000024   129 __adcrgc	=	0x0024
                           000026   130 __misc	=	0x0026
                           000027   131 __misc2	=	0x0027
                           000028   132 __misclvr	=	0x0028
                           00002B   133 __gpcc	=	0x002b
                           00002C   134 __gpcs	=	0x002c
                           000030   135 __tm2c	=	0x0030
                           000031   136 __tm2ct	=	0x0031
                           000032   137 __tm2s	=	0x0032
                           000033   138 __tm2b	=	0x0033
                           000034   139 __tm3c	=	0x0034
                           000035   140 __tm3ct	=	0x0035
                           000036   141 __tm3s	=	0x0036
                           000037   142 __tm3b	=	0x0037
                           000040   143 __pwmg0c	=	0x0040
                           000041   144 __pwmgclk	=	0x0041
                           000042   145 __pwmg0dth	=	0x0042
                           000043   146 __pwmg0dtl	=	0x0043
                           000044   147 __pwmgcubh	=	0x0044
                           000045   148 __pwmgcubl	=	0x0045
                           000046   149 __pwmg1c	=	0x0046
                           000048   150 __pwmg1dth	=	0x0048
                           000049   151 __pwmg1dtl	=	0x0049
                           00004C   152 __pwmg2c	=	0x004c
                           00004E   153 __pwmg2dth	=	0x004e
                           00004F   154 __pwmg2dtl	=	0x004f
                           000062   155 __ilrcr	=	0x0062
                           000063   156 __bgtr	=	0x0063
                           000067   157 __rop	=	0x0067
      000000                        158 __t16c::
      000000                        159 	.ds 2
                                    160 ;--------------------------------------------------------
                                    161 ; ram data
                                    162 ;--------------------------------------------------------
                                    163 	.area DATA
      000000                        164 _AT24C_write_PARM_1:
      000000                        165 	.ds 2
      000002                        166 _AT24C_write_PARM_2:
      000002                        167 	.ds 1
      000003                        168 _AT24C_write_sloc0_1_0:
      000003                        169 	.ds 1
      000004                        170 _AT24C_read_PARM_1:
      000004                        171 	.ds 2
      000006                        172 _AT24C_read_sloc1_1_0:
      000006                        173 	.ds 1
      000007                        174 _AT24C_erase_sloc2_1_0:
      000007                        175 	.ds 2
      000009                        176 _AT24C_writeBuf_PARM_1:
      000009                        177 	.ds 2
      00000B                        178 _AT24C_writeBuf_PARM_2:
      00000B                        179 	.ds 2
      00000D                        180 _AT24C_writeBuf_PARM_3:
      00000D                        181 	.ds 1
      00000E                        182 _AT24C_writeBuf_sloc3_1_0:
      00000E                        183 	.ds 2
      000010                        184 _AT24C_writeBuf_sloc4_1_0:
      000010                        185 	.ds 1
      000011                        186 _AT24C_writeBuf2_PARM_1:
      000011                        187 	.ds 2
      000013                        188 _AT24C_writeBuf2_PARM_2:
      000013                        189 	.ds 2
      000015                        190 _AT24C_writeBuf2_PARM_3:
      000015                        191 	.ds 1
      000016                        192 _AT24C_writeBuf2_sloc5_1_0:
      000016                        193 	.ds 2
      000018                        194 _AT24C_readBuf_PARM_1:
      000018                        195 	.ds 2
      00001A                        196 _AT24C_readBuf_PARM_2:
      00001A                        197 	.ds 2
      00001C                        198 _AT24C_readBuf_PARM_3:
      00001C                        199 	.ds 2
      00001E                        200 _AT24C_readBuf_sloc6_1_0:
      00001E                        201 	.ds 2
      000020                        202 _AT24C_readBuf_sloc7_1_0:
      000020                        203 	.ds 1
      000021                        204 _AT24C_readBuf_sloc8_1_0:
      000021                        205 	.ds 2
                                    206 ;--------------------------------------------------------
                                    207 ; overlayable items in ram
                                    208 ;--------------------------------------------------------
                                    209 ;--------------------------------------------------------
                                    210 ; absolute external ram data
                                    211 ;--------------------------------------------------------
                                    212 	.area DABS (ABS)
                                    213 ;--------------------------------------------------------
                                    214 ; global & static initialisations
                                    215 ;--------------------------------------------------------
                                    216 	.area HOME
                                    217 	.area GSINIT
                                    218 	.area GSFINAL
                                    219 	.area GSINIT
                                    220 ;--------------------------------------------------------
                                    221 ; Home
                                    222 ;--------------------------------------------------------
                                    223 	.area HOME
                                    224 	.area HOME
                                    225 ;--------------------------------------------------------
                                    226 ; code
                                    227 ;--------------------------------------------------------
                                    228 	.area CODE
                                    229 ;	pdk_24c.c: 14: void AT24C_write(uint16_t address, uint8_t data)
                                    230 ;	-----------------------------------------
                                    231 ;	 function AT24C_write
                                    232 ;	-----------------------------------------
      000000                        233 _AT24C_write:
                                    234 ;	pdk_24c.c: 16: if ((address >= MEM_BYTE) | (AT24C_read(address) == data))
      000000r01r1F                  235 	mov	a, _AT24C_write_PARM_1+1
      000002r00r17                  236 	mov	p, a
      000004 04 51                  237 	sub	a, #0x04
      000006 00 57                  238 	mov	a, #0x00
      000008 6D 00                  239 	slc	a
      00000A 01 56                  240 	xor	a, #0x01
      00000Cr03r17                  241 	mov	_AT24C_write_sloc0_1_0+0, a
      00000Er00r1F                  242 	mov	a, _AT24C_write_PARM_1+0
      000010r04r17                  243 	mov	_AT24C_read_PARM_1+0, a
      000012r01r1F                  244 	mov	a, _AT24C_write_PARM_1+1
      000014r05r17                  245 	mov	_AT24C_read_PARM_1+1, a
      000016r52r70                  246 	call	_AT24C_read
      000018r02r2E                  247 	ceqsn	a, _AT24C_write_PARM_2+0
      00001Ar22r60                  248 	goto	00109$
      00001C 01 57                  249 	mov	a, #0x01
      00001Er00r17                  250 	mov	p, a
      000020r24r60                  251 	goto	00110$
      000022                        252 00109$:
      000022r00r26                  253 	clear	p
      000024                        254 00110$:
      000024r03r1F                  255 	mov	a, _AT24C_write_sloc0_1_0+0
      000026r00r1D                  256 	or	a, p
      000028 00 53                  257 	cneqsn	a, #0x00
      00002Ar2Er60                  258 	goto	00102$
                                    259 ;	pdk_24c.c: 18: return; // thoát ngay
      00002C 7A 00                  260 	ret
      00002E                        261 00102$:
                                    262 ;	pdk_24c.c: 26: I2C_beginTransmission(MEMADDR | ((address >> 8) & 0x07));
      00002Er01r1F                  263 	mov	a, _AT24C_write_PARM_1+1
      000030 07 54                  264 	and	a, #0x07
      000032 50 55                  265 	or	a, #0x50
      000034r00r17                  266 	mov	_I2C_beginTransmission_PARM_1+0, a
      000036r00r70                  267 	call	_I2C_beginTransmission
                                    268 ;	pdk_24c.c: 27: I2C_write(address & 0xFF);
      000038r00r1F                  269 	mov	a, _AT24C_write_PARM_1+0
      00003Ar00r17                  270 	mov	_I2C_write_PARM_1+0, a
      00003Cr00r70                  271 	call	_I2C_write
                                    272 ;	pdk_24c.c: 34: I2C_write(data);
      00003Er02r1F                  273 	mov	a, _AT24C_write_PARM_2+0
      000040r00r17                  274 	mov	_I2C_write_PARM_1+0, a
      000042r00r70                  275 	call	_I2C_write
                                    276 ;	pdk_24c.c: 35: I2C_endTransmission();
      000044r00r70                  277 	call	_I2C_endTransmission
                                    278 ;	pdk_24c.c: 36: _delay_ms(5);
      000046 86 57                  279 	mov	a, #0x86
      000048r00r17                  280 	mov	__delay_loop_16_PARM_1+0, a
      00004A 13 57                  281 	mov	a, #0x13
      00004Cr01r17                  282 	mov	__delay_loop_16_PARM_1+1, a
      00004Er00r60                  283 	goto	__delay_loop_16
                                    284 ;	pdk_24c.c: 37: }
      000050 7A 00                  285 	ret
                                    286 ;	pdk_24c.c: 39: uint8_t AT24C_read(uint16_t address)
                                    287 ;	-----------------------------------------
                                    288 ;	 function AT24C_read
                                    289 ;	-----------------------------------------
      000052                        290 _AT24C_read:
                                    291 ;	pdk_24c.c: 42: if (address >= MEM_BYTE)
      000052r05r1F                  292 	mov	a, _AT24C_read_PARM_1+1
      000054r00r17                  293 	mov	p, a
      000056 04 51                  294 	sub	a, #0x04
      000058 80 30                  295 	t0sn.io	f, c
      00005Ar5Er60                  296 	goto	00102$
                                    297 ;	pdk_24c.c: 44: return 0; // thoát ngay
      00005C 00 02                  298 	ret	#0x00
      00005E                        299 00102$:
                                    300 ;	pdk_24c.c: 56: I2C_beginTransmission((MEMADDR | ((address >> 8) & 0x07)));
      00005Er05r1F                  301 	mov	a, _AT24C_read_PARM_1+1
      000060 07 54                  302 	and	a, #0x07
      000062 50 55                  303 	or	a, #0x50
      000064r06r17                  304 	mov	_AT24C_read_sloc1_1_0+0, a
      000066r00r17                  305 	mov	_I2C_beginTransmission_PARM_1+0, a
      000068r00r70                  306 	call	_I2C_beginTransmission
                                    307 ;	pdk_24c.c: 57: I2C_write(address & 0xFF);
      00006Ar04r1F                  308 	mov	a, _AT24C_read_PARM_1+0
      00006Cr00r17                  309 	mov	_I2C_write_PARM_1+0, a
      00006Er00r70                  310 	call	_I2C_write
                                    311 ;	pdk_24c.c: 58: I2C_endTransmission();
      000070r00r70                  312 	call	_I2C_endTransmission
                                    313 ;	pdk_24c.c: 59: I2C_requestFrom((MEMADDR | ((address >> 8) & 0x07)), 1);
      000072r06r1F                  314 	mov	a, _AT24C_read_sloc1_1_0+0
      000074r00r17                  315 	mov	_I2C_requestFrom_PARM_1+0, a
      000076 01 57                  316 	mov	a, #0x01
      000078r00r17                  317 	mov	_I2C_requestFrom_PARM_2+0, a
      00007Ar00r70                  318 	call	_I2C_requestFrom
                                    319 ;	pdk_24c.c: 67: if (I2C_available())
      00007Cr00r70                  320 	call	_I2C_available
      00007E 00 53                  321 	cneqsn	a, #0x00
      000080r86r60                  322 	goto	00104$
                                    323 ;	pdk_24c.c: 69: data = I2C_read();
      000082r00r70                  324 	call	_I2C_read
                                    325 ;	pdk_24c.c: 70: return data;
      000084 7A 00                  326 	ret
      000086                        327 00104$:
                                    328 ;	pdk_24c.c: 72: return -1;
                                    329 ;	pdk_24c.c: 73: }
      000086 FF 02                  330 	ret	#0xff
                                    331 ;	pdk_24c.c: 77: void AT24C_erase(void)
                                    332 ;	-----------------------------------------
                                    333 ;	 function AT24C_erase
                                    334 ;	-----------------------------------------
      000088                        335 _AT24C_erase:
                                    336 ;	pdk_24c.c: 79: for (uint16_t i = 0; i < MEM_BYTE; i++)
      000088r07r26                  337 	clear	_AT24C_erase_sloc2_1_0+0
      00008Ar08r26                  338 	clear	_AT24C_erase_sloc2_1_0+1
      00008C                        339 00105$:
      00008Cr08r1F                  340 	mov	a, _AT24C_erase_sloc2_1_0+1
      00008Er00r17                  341 	mov	p, a
      000090 04 51                  342 	sub	a, #0x04
      000092 80 34                  343 	t1sn.io	f, c
      000094rB8r60                  344 	goto	00107$
                                    345 ;	pdk_24c.c: 81: if ((AT24C_read(i) != 0xFF))
      000096r07r1F                  346 	mov	a, _AT24C_erase_sloc2_1_0+0
      000098r04r17                  347 	mov	_AT24C_read_PARM_1+0, a
      00009Ar08r1F                  348 	mov	a, _AT24C_erase_sloc2_1_0+1
      00009Cr05r17                  349 	mov	_AT24C_read_PARM_1+1, a
      00009Er52r70                  350 	call	_AT24C_read
      0000A0 FF 53                  351 	cneqsn	a, #0xff
      0000A2rB2r60                  352 	goto	00106$
      0000A4                        353 00122$:
                                    354 ;	pdk_24c.c: 83: AT24C_write(i, 0xFF);
      0000A4r07r1F                  355 	mov	a, _AT24C_erase_sloc2_1_0+0
      0000A6r00r17                  356 	mov	_AT24C_write_PARM_1+0, a
      0000A8r08r1F                  357 	mov	a, _AT24C_erase_sloc2_1_0+1
      0000AAr01r17                  358 	mov	_AT24C_write_PARM_1+1, a
      0000AC FF 57                  359 	mov	a, #0xff
      0000AEr02r17                  360 	mov	_AT24C_write_PARM_2+0, a
      0000B0r00r70                  361 	call	_AT24C_write
      0000B2                        362 00106$:
                                    363 ;	pdk_24c.c: 79: for (uint16_t i = 0; i < MEM_BYTE; i++)
      0000B2r07r24                  364 	inc	_AT24C_erase_sloc2_1_0+0
      0000B4r08r20                  365 	addc	_AT24C_erase_sloc2_1_0+1
      0000B6r8Cr60                  366 	goto	00105$
      0000B8                        367 00107$:
                                    368 ;	pdk_24c.c: 86: }
      0000B8 7A 00                  369 	ret
                                    370 ;	pdk_24c.c: 88: void AT24C_writeBuf(uint16_t address, uint8_t *src, uint8_t len)
                                    371 ;	-----------------------------------------
                                    372 ;	 function AT24C_writeBuf
                                    373 ;	-----------------------------------------
      0000BA                        374 _AT24C_writeBuf:
                                    375 ;	pdk_24c.c: 91: if ((address + len) >= MEM_BYTE)
      0000BAr00r26                  376 	clear	p
      0000BCr0Dr1F                  377 	mov	a, _AT24C_writeBuf_PARM_3+0
      0000BE 72 00                  378 	push	af
      0000C0r09r1F                  379 	mov	a, _AT24C_writeBuf_PARM_1+0
      0000C2r0Er17                  380 	mov	_AT24C_writeBuf_sloc3_1_0+0, a
      0000C4 73 00                  381 	pop	af
      0000C6 72 00                  382 	push	af
      0000C8r0Ar1F                  383 	mov	a, _AT24C_writeBuf_PARM_1+1
      0000CAr0Fr17                  384 	mov	_AT24C_writeBuf_sloc3_1_0+1, a
      0000CC 73 00                  385 	pop	af
      0000CEr0Er18                  386 	add	a, _AT24C_writeBuf_sloc3_1_0+0
      0000D0 72 00                  387 	push	af
      0000D2r0Fr1F                  388 	mov	a, _AT24C_writeBuf_sloc3_1_0+1
      0000D4r00r12                  389 	addc	p, a
      0000D6 73 00                  390 	pop	af
      0000D8r00r1F                  391 	mov	a, p
      0000DA 04 51                  392 	sub	a, #0x04
      0000DC 80 30                  393 	t0sn.io	f, c
      0000DErE6r60                  394 	goto	00111$
                                    395 ;	pdk_24c.c: 93: len = (MEM_BYTE - address);
      0000E0r09r1F                  396 	mov	a, _AT24C_writeBuf_PARM_1+0
      0000E2 69 00                  397 	neg	a
      0000E4r0Dr17                  398 	mov	_AT24C_writeBuf_PARM_3+0, a
                                    399 ;	pdk_24c.c: 96: for (uint8_t i = 0; i < len; i++)
      0000E6                        400 00111$:
      0000E6r10r26                  401 	clear	_AT24C_writeBuf_sloc4_1_0+0
      0000E8                        402 00105$:
      0000E8r10r1F                  403 	mov	a, _AT24C_writeBuf_sloc4_1_0+0
      0000EAr0Dr19                  404 	sub	a, _AT24C_writeBuf_PARM_3+0
      0000EC 80 34                  405 	t1sn.io	f, c
      0000EEr14r61                  406 	goto	00107$
                                    407 ;	pdk_24c.c: 98: AT24C_write(address + i, src[i]);
      0000F0r0Er1F                  408 	mov	a, _AT24C_writeBuf_sloc3_1_0+0
      0000F2r10r18                  409 	add	a, _AT24C_writeBuf_sloc4_1_0+0
      0000F4r00r17                  410 	mov	p, a
      0000F6r0Fr1F                  411 	mov	a, _AT24C_writeBuf_sloc3_1_0+1
      0000F8 60 00                  412 	addc	a
      0000FAr01r17                  413 	mov	_AT24C_write_PARM_1+1, a
      0000FCr00r1F                  414 	mov	a, p
      0000FEr00r17                  415 	mov	_AT24C_write_PARM_1+0, a
      000100r0Br1F                  416 	mov	a, _AT24C_writeBuf_PARM_2+0
      000102r10r18                  417 	add	a, _AT24C_writeBuf_sloc4_1_0+0
      000104r00r17                  418 	mov	p, a
      000106r0Cr1F                  419 	mov	a, _AT24C_writeBuf_PARM_2+1
      000108 60 00                  420 	addc	a
      00010Ar00r70                  421 	call	__gptrget
      00010Cr02r17                  422 	mov	_AT24C_write_PARM_2+0, a
      00010Er00r70                  423 	call	_AT24C_write
                                    424 ;	pdk_24c.c: 96: for (uint8_t i = 0; i < len; i++)
      000110r10r24                  425 	inc	_AT24C_writeBuf_sloc4_1_0+0
      000112rE8r60                  426 	goto	00105$
      000114                        427 00107$:
                                    428 ;	pdk_24c.c: 100: }
      000114 7A 00                  429 	ret
                                    430 ;	pdk_24c.c: 102: void AT24C_writeBuf2(uint16_t address, uint8_t *src, uint8_t len)
                                    431 ;	-----------------------------------------
                                    432 ;	 function AT24C_writeBuf2
                                    433 ;	-----------------------------------------
      000116                        434 _AT24C_writeBuf2:
                                    435 ;	pdk_24c.c: 105: if ((address + len) >= MEM_BYTE)
      000116r00r26                  436 	clear	p
      000118r15r1F                  437 	mov	a, _AT24C_writeBuf2_PARM_3+0
      00011A 72 00                  438 	push	af
      00011Cr11r1F                  439 	mov	a, _AT24C_writeBuf2_PARM_1+0
      00011Er16r17                  440 	mov	_AT24C_writeBuf2_sloc5_1_0+0, a
      000120 73 00                  441 	pop	af
      000122 72 00                  442 	push	af
      000124r12r1F                  443 	mov	a, _AT24C_writeBuf2_PARM_1+1
      000126r17r17                  444 	mov	_AT24C_writeBuf2_sloc5_1_0+1, a
      000128 73 00                  445 	pop	af
      00012Ar16r18                  446 	add	a, _AT24C_writeBuf2_sloc5_1_0+0
      00012C 72 00                  447 	push	af
      00012Er17r1F                  448 	mov	a, _AT24C_writeBuf2_sloc5_1_0+1
      000130r00r12                  449 	addc	p, a
      000132 73 00                  450 	pop	af
      000134r00r1F                  451 	mov	a, p
      000136 04 51                  452 	sub	a, #0x04
      000138 80 30                  453 	t0sn.io	f, c
      00013Ar42r61                  454 	goto	00102$
                                    455 ;	pdk_24c.c: 107: len = (MEM_BYTE - address);
      00013Cr11r1F                  456 	mov	a, _AT24C_writeBuf2_PARM_1+0
      00013E 69 00                  457 	neg	a
      000140r15r17                  458 	mov	_AT24C_writeBuf2_PARM_3+0, a
      000142                        459 00102$:
                                    460 ;	pdk_24c.c: 115: I2C_beginTransmission(MEMADDR | ((address >> 8) & 0x07));
      000142r12r1F                  461 	mov	a, _AT24C_writeBuf2_PARM_1+1
      000144 07 54                  462 	and	a, #0x07
      000146 50 55                  463 	or	a, #0x50
      000148r00r17                  464 	mov	_I2C_beginTransmission_PARM_1+0, a
      00014Ar00r70                  465 	call	_I2C_beginTransmission
                                    466 ;	pdk_24c.c: 116: I2C_write(address & 0xFF);
      00014Cr11r1F                  467 	mov	a, _AT24C_writeBuf2_PARM_1+0
      00014Er00r17                  468 	mov	_I2C_write_PARM_1+0, a
      000150r00r70                  469 	call	_I2C_write
                                    470 ;	pdk_24c.c: 122: I2C_writeBuf(src, len);
      000152r13r1F                  471 	mov	a, _AT24C_writeBuf2_PARM_2+0
      000154r00r17                  472 	mov	_I2C_writeBuf_PARM_1+0, a
      000156r14r1F                  473 	mov	a, _AT24C_writeBuf2_PARM_2+1
      000158r01r17                  474 	mov	_I2C_writeBuf_PARM_1+1, a
      00015Ar15r1F                  475 	mov	a, _AT24C_writeBuf2_PARM_3+0
      00015Cr00r17                  476 	mov	_I2C_writeBuf_PARM_2+0, a
      00015Er00r70                  477 	call	_I2C_writeBuf
                                    478 ;	pdk_24c.c: 124: I2C_endTransmission();
      000160r00r70                  479 	call	_I2C_endTransmission
                                    480 ;	pdk_24c.c: 125: _delay_ms(5);
      000162 86 57                  481 	mov	a, #0x86
      000164r00r17                  482 	mov	__delay_loop_16_PARM_1+0, a
      000166 13 57                  483 	mov	a, #0x13
      000168r01r17                  484 	mov	__delay_loop_16_PARM_1+1, a
      00016Ar00r60                  485 	goto	__delay_loop_16
                                    486 ;	pdk_24c.c: 126: }
      00016C 7A 00                  487 	ret
                                    488 ;	pdk_24c.c: 128: void AT24C_readBuf(uint16_t address, uint8_t *dest, int len)
                                    489 ;	-----------------------------------------
                                    490 ;	 function AT24C_readBuf
                                    491 ;	-----------------------------------------
      00016E                        492 _AT24C_readBuf:
                                    493 ;	pdk_24c.c: 133: if ((address + len) >= MEM_BYTE)
      00016Er18r1F                  494 	mov	a, _AT24C_readBuf_PARM_1+0
      000170r1Er17                  495 	mov	_AT24C_readBuf_sloc6_1_0+0, a
      000172r19r1F                  496 	mov	a, _AT24C_readBuf_PARM_1+1
      000174r1Fr17                  497 	mov	_AT24C_readBuf_sloc6_1_0+1, a
      000176r1Dr1F                  498 	mov	a, _AT24C_readBuf_PARM_3+1
      000178r00r17                  499 	mov	p, a
      00017Ar1Cr1F                  500 	mov	a, _AT24C_readBuf_PARM_3+0
      00017Cr1Er18                  501 	add	a, _AT24C_readBuf_sloc6_1_0+0
      00017E 72 00                  502 	push	af
      000180r1Fr1F                  503 	mov	a, _AT24C_readBuf_sloc6_1_0+1
      000182r00r12                  504 	addc	p, a
      000184 73 00                  505 	pop	af
      000186r00r1F                  506 	mov	a, p
      000188 04 51                  507 	sub	a, #0x04
      00018A 80 30                  508 	t0sn.io	f, c
      00018Cr9Er61                  509 	goto	00102$
                                    510 ;	pdk_24c.c: 135: len = (MEM_BYTE - address);
      00018E 00 57                  511 	mov	a, #0x00
      000190r18r19                  512 	sub	a, _AT24C_readBuf_PARM_1+0
      000192r00r17                  513 	mov	p, a
      000194 04 57                  514 	mov	a, #0x04
      000196r19r1B                  515 	subc	a, _AT24C_readBuf_PARM_1+1
      000198r1Dr17                  516 	mov	_AT24C_readBuf_PARM_3+1, a
      00019Ar00r1F                  517 	mov	a, p
      00019Cr1Cr17                  518 	mov	_AT24C_readBuf_PARM_3+0, a
      00019E                        519 00102$:
                                    520 ;	pdk_24c.c: 144: I2C_beginTransmission((MEMADDR | ((address >> 8) & 0x07)));
      00019Er19r1F                  521 	mov	a, _AT24C_readBuf_PARM_1+1
      0001A0 07 54                  522 	and	a, #0x07
      0001A2 50 55                  523 	or	a, #0x50
      0001A4r20r17                  524 	mov	_AT24C_readBuf_sloc7_1_0+0, a
      0001A6r00r17                  525 	mov	_I2C_beginTransmission_PARM_1+0, a
      0001A8r00r70                  526 	call	_I2C_beginTransmission
                                    527 ;	pdk_24c.c: 145: I2C_write(address & 0xFF);
      0001AAr18r1F                  528 	mov	a, _AT24C_readBuf_PARM_1+0
      0001ACr00r17                  529 	mov	_I2C_write_PARM_1+0, a
      0001AEr00r70                  530 	call	_I2C_write
                                    531 ;	pdk_24c.c: 146: I2C_endTransmission();
      0001B0r00r70                  532 	call	_I2C_endTransmission
                                    533 ;	pdk_24c.c: 147: I2C_requestFrom((MEMADDR | ((address >> 8) & 0x07)), len);
      0001B2r1Cr1F                  534 	mov	a, _AT24C_readBuf_PARM_3+0
      0001B4r00r17                  535 	mov	_I2C_requestFrom_PARM_2+0, a
      0001B6r20r1F                  536 	mov	a, _AT24C_readBuf_sloc7_1_0+0
      0001B8r00r17                  537 	mov	_I2C_requestFrom_PARM_1+0, a
      0001BAr00r70                  538 	call	_I2C_requestFrom
                                    539 ;	pdk_24c.c: 155: while (I2C_available())
      0001BCr1Ar1F                  540 	mov	a, _AT24C_readBuf_PARM_2+0
      0001BEr21r17                  541 	mov	_AT24C_readBuf_sloc8_1_0+0, a
      0001C0r1Br1F                  542 	mov	a, _AT24C_readBuf_PARM_2+1
      0001C2r22r17                  543 	mov	_AT24C_readBuf_sloc8_1_0+1, a
      0001C4                        544 00103$:
      0001C4r00r70                  545 	call	_I2C_available
      0001C6 00 53                  546 	cneqsn	a, #0x00
      0001C8rDAr61                  547 	goto	00106$
                                    548 ;	pdk_24c.c: 157: *dest++ = I2C_read();
      0001CAr00r70                  549 	call	_I2C_read
      0001CCr00r17                  550 	mov	p, a
      0001CEr21r1F                  551 	mov	a, _AT24C_readBuf_sloc8_1_0+0
      0001D0r00r27                  552 	xch	a, p
      0001D2r00r07                  553 	idxm	p, a
      0001D4r21r24                  554 	inc	_AT24C_readBuf_sloc8_1_0+0
      0001D6r22r20                  555 	addc	_AT24C_readBuf_sloc8_1_0+1
      0001D8rC4r61                  556 	goto	00103$
      0001DA                        557 00106$:
                                    558 ;	pdk_24c.c: 159: }
      0001DA 7A 00                  559 	ret
                                    560 	.area CODE
                                    561 	.area CONST
                                    562 	.area CABS (ABS)
